{"/Users/user/Desktop/диплом/MobileEmployee/src/config/runtimeConfig.js": {"path":"/Users/user/Desktop/диплом/MobileEmployee/src/config/runtimeConfig.js","statementMap":{"0":{"start":{"line":3,"column":14},"end":{"line":3,"column":48}},"1":{"start":{"line":6,"column":26},"end":{"line":6,"column":87}},"2":{"start":{"line":10,"column":2},"end":{"line":12,"column":10}},"3":{"start":{"line":14,"column":29},"end":{"line":23,"column":1}}},"fnMap":{},"branchMap":{"0":{"loc":{"start":{"line":3,"column":14},"end":{"line":3,"column":48}},"type":"binary-expr","locations":[{"start":{"line":3,"column":14},"end":{"line":3,"column":42}},{"start":{"line":3,"column":46},"end":{"line":3,"column":48}}],"line":3},"1":{"loc":{"start":{"line":6,"column":26},"end":{"line":6,"column":87}},"type":"cond-expr","locations":[{"start":{"line":6,"column":67},"end":{"line":6,"column":77}},{"start":{"line":6,"column":80},"end":{"line":6,"column":87}}],"line":6},"2":{"loc":{"start":{"line":10,"column":2},"end":{"line":12,"column":10}},"type":"cond-expr","locations":[{"start":{"line":11,"column":6},"end":{"line":11,"column":39}},{"start":{"line":12,"column":6},"end":{"line":12,"column":10}}],"line":10},"3":{"loc":{"start":{"line":10,"column":2},"end":{"line":10,"column":72}},"type":"binary-expr","locations":[{"start":{"line":10,"column":2},"end":{"line":10,"column":28}},{"start":{"line":10,"column":32},"end":{"line":10,"column":72}}],"line":10},"4":{"loc":{"start":{"line":16,"column":14},"end":{"line":16,"column":61}},"type":"binary-expr","locations":[{"start":{"line":16,"column":14},"end":{"line":16,"column":30}},{"start":{"line":16,"column":34},"end":{"line":16,"column":61}}],"line":16},"5":{"loc":{"start":{"line":20,"column":16},"end":{"line":20,"column":52}},"type":"binary-expr","locations":[{"start":{"line":20,"column":16},"end":{"line":20,"column":39}},{"start":{"line":20,"column":43},"end":{"line":20,"column":52}}],"line":20},"6":{"loc":{"start":{"line":22,"column":24},"end":{"line":22,"column":96}},"type":"binary-expr","locations":[{"start":{"line":22,"column":24},"end":{"line":22,"column":56}},{"start":{"line":22,"column":60},"end":{"line":22,"column":96}}],"line":22}},"s":{"0":1,"1":1,"2":1,"3":1},"f":{},"b":{"0":[1,0],"1":[1,0],"2":[0,1],"3":[1,0],"4":[1,0],"5":[1,0],"6":[1,0]},"_coverageSchema":"1a1c01bbd47fc00a2c39e90264f33305004495a9","hash":"678bd3770e1f073f7f51284cea99ed2db97124de"}
,"/Users/user/Desktop/диплом/MobileEmployee/src/constants/passwordRecovery.js": {"path":"/Users/user/Desktop/диплом/MobileEmployee/src/constants/passwordRecovery.js","statementMap":{"0":{"start":{"line":2,"column":30},"end":{"line":5,"column":1}},"1":{"start":{"line":7,"column":36},"end":{"line":7,"column":37}},"2":{"start":{"line":8,"column":44},"end":{"line":8,"column":45}},"3":{"start":{"line":9,"column":41},"end":{"line":9,"column":43}},"4":{"start":{"line":12,"column":35},"end":{"line":12,"column":41}},"5":{"start":{"line":13,"column":40},"end":{"line":13,"column":41}},"6":{"start":{"line":16,"column":14},"end":{"line":16,"column":27}},"7":{"start":{"line":17,"column":2},"end":{"line":17,"column":71}}},"fnMap":{"0":{"name":"pickServerMessage","decl":{"start":{"line":15,"column":16},"end":{"line":15,"column":33}},"loc":{"start":{"line":15,"column":50},"end":{"line":18,"column":1}},"line":15}},"branchMap":{"0":{"loc":{"start":{"line":17,"column":9},"end":{"line":17,"column":70}},"type":"cond-expr","locations":[{"start":{"line":17,"column":49},"end":{"line":17,"column":59}},{"start":{"line":17,"column":62},"end":{"line":17,"column":70}}],"line":17},"1":{"loc":{"start":{"line":17,"column":9},"end":{"line":17,"column":46}},"type":"binary-expr","locations":[{"start":{"line":17,"column":9},"end":{"line":17,"column":32}},{"start":{"line":17,"column":36},"end":{"line":17,"column":46}}],"line":17}},"s":{"0":4,"1":4,"2":4,"3":4,"4":4,"5":4,"6":5,"7":5},"f":{"0":5},"b":{"0":[3,2],"1":[5,3]},"_coverageSchema":"1a1c01bbd47fc00a2c39e90264f33305004495a9","hash":"690a351f6c137dd30e7f3da7514b0b3cf090c62a"}
,"/Users/user/Desktop/диплом/MobileEmployee/src/constants/theme.js": {"path":"/Users/user/Desktop/диплом/MobileEmployee/src/constants/theme.js","statementMap":{"0":{"start":{"line":5,"column":27},"end":{"line":5,"column":36}},"1":{"start":{"line":6,"column":26},"end":{"line":6,"column":35}},"2":{"start":{"line":9,"column":26},"end":{"line":14,"column":1}},"3":{"start":{"line":16,"column":25},"end":{"line":43,"column":2}},"4":{"start":{"line":16,"column":50},"end":{"line":43,"column":1}},"5":{"start":{"line":45,"column":23},"end":{"line":52,"column":1}},"6":{"start":{"line":54,"column":28},"end":{"line":65,"column":1}},"7":{"start":{"line":67,"column":26},"end":{"line":131,"column":1}},"8":{"start":{"line":134,"column":26},"end":{"line":173,"column":1}},"9":{"start":{"line":135,"column":15},"end":{"line":135,"column":49}},"10":{"start":{"line":136,"column":2},"end":{"line":172,"column":4}},"11":{"start":{"line":175,"column":23},"end":{"line":175,"column":40}},"12":{"start":{"line":178,"column":33},"end":{"line":191,"column":7}},"13":{"start":{"line":179,"column":2},"end":{"line":191,"column":7}}},"fnMap":{"0":{"name":"(anonymous_0)","decl":{"start":{"line":16,"column":25},"end":{"line":16,"column":26}},"loc":{"start":{"line":16,"column":50},"end":{"line":43,"column":1}},"line":16},"1":{"name":"(anonymous_1)","decl":{"start":{"line":134,"column":26},"end":{"line":134,"column":27}},"loc":{"start":{"line":134,"column":50},"end":{"line":173,"column":1}},"line":134},"2":{"name":"(anonymous_2)","decl":{"start":{"line":178,"column":33},"end":{"line":178,"column":34}},"loc":{"start":{"line":179,"column":2},"end":{"line":191,"column":7}},"line":179}},"branchMap":{"0":{"loc":{"start":{"line":16,"column":26},"end":{"line":16,"column":44}},"type":"default-arg","locations":[{"start":{"line":16,"column":39},"end":{"line":16,"column":44}}],"line":16},"1":{"loc":{"start":{"line":17,"column":11},"end":{"line":17,"column":46}},"type":"cond-expr","locations":[{"start":{"line":17,"column":24},"end":{"line":17,"column":33}},{"start":{"line":17,"column":36},"end":{"line":17,"column":46}}],"line":17},"2":{"loc":{"start":{"line":18,"column":15},"end":{"line":18,"column":49}},"type":"cond-expr","locations":[{"start":{"line":18,"column":28},"end":{"line":18,"column":37}},{"start":{"line":18,"column":40},"end":{"line":18,"column":49}}],"line":18},"3":{"loc":{"start":{"line":19,"column":10},"end":{"line":19,"column":46}},"type":"cond-expr","locations":[{"start":{"line":19,"column":23},"end":{"line":19,"column":32}},{"start":{"line":19,"column":35},"end":{"line":19,"column":46}}],"line":19},"4":{"loc":{"start":{"line":20,"column":11},"end":{"line":20,"column":45}},"type":"cond-expr","locations":[{"start":{"line":20,"column":24},"end":{"line":20,"column":33}},{"start":{"line":20,"column":36},"end":{"line":20,"column":45}}],"line":20},"5":{"loc":{"start":{"line":21,"column":11},"end":{"line":21,"column":45}},"type":"cond-expr","locations":[{"start":{"line":21,"column":24},"end":{"line":21,"column":33}},{"start":{"line":21,"column":36},"end":{"line":21,"column":45}}],"line":21},"6":{"loc":{"start":{"line":22,"column":9},"end":{"line":22,"column":43}},"type":"cond-expr","locations":[{"start":{"line":22,"column":22},"end":{"line":22,"column":31}},{"start":{"line":22,"column":34},"end":{"line":22,"column":43}}],"line":22},"7":{"loc":{"start":{"line":23,"column":8},"end":{"line":23,"column":42}},"type":"cond-expr","locations":[{"start":{"line":23,"column":21},"end":{"line":23,"column":30}},{"start":{"line":23,"column":33},"end":{"line":23,"column":42}}],"line":23},"8":{"loc":{"start":{"line":25,"column":14},"end":{"line":25,"column":48}},"type":"cond-expr","locations":[{"start":{"line":25,"column":27},"end":{"line":25,"column":36}},{"start":{"line":25,"column":39},"end":{"line":25,"column":48}}],"line":25},"9":{"loc":{"start":{"line":26,"column":19},"end":{"line":26,"column":53}},"type":"cond-expr","locations":[{"start":{"line":26,"column":32},"end":{"line":26,"column":41}},{"start":{"line":26,"column":44},"end":{"line":26,"column":53}}],"line":26},"10":{"loc":{"start":{"line":27,"column":8},"end":{"line":27,"column":42}},"type":"cond-expr","locations":[{"start":{"line":27,"column":21},"end":{"line":27,"column":30}},{"start":{"line":27,"column":33},"end":{"line":27,"column":42}}],"line":27},"11":{"loc":{"start":{"line":28,"column":16},"end":{"line":28,"column":50}},"type":"cond-expr","locations":[{"start":{"line":28,"column":29},"end":{"line":28,"column":38}},{"start":{"line":28,"column":41},"end":{"line":28,"column":50}}],"line":28},"12":{"loc":{"start":{"line":29,"column":11},"end":{"line":29,"column":78}},"type":"cond-expr","locations":[{"start":{"line":29,"column":24},"end":{"line":29,"column":48}},{"start":{"line":29,"column":51},"end":{"line":29,"column":78}}],"line":29},"13":{"loc":{"start":{"line":31,"column":8},"end":{"line":31,"column":42}},"type":"cond-expr","locations":[{"start":{"line":31,"column":21},"end":{"line":31,"column":30}},{"start":{"line":31,"column":33},"end":{"line":31,"column":42}}],"line":31},"14":{"loc":{"start":{"line":32,"column":13},"end":{"line":32,"column":47}},"type":"cond-expr","locations":[{"start":{"line":32,"column":26},"end":{"line":32,"column":35}},{"start":{"line":32,"column":38},"end":{"line":32,"column":47}}],"line":32},"15":{"loc":{"start":{"line":33,"column":13},"end":{"line":33,"column":47}},"type":"cond-expr","locations":[{"start":{"line":33,"column":26},"end":{"line":33,"column":35}},{"start":{"line":33,"column":38},"end":{"line":33,"column":47}}],"line":33},"16":{"loc":{"start":{"line":34,"column":10},"end":{"line":34,"column":77}},"type":"cond-expr","locations":[{"start":{"line":34,"column":23},"end":{"line":34,"column":50}},{"start":{"line":34,"column":53},"end":{"line":34,"column":77}}],"line":34},"17":{"loc":{"start":{"line":37,"column":12},"end":{"line":37,"column":78}},"type":"cond-expr","locations":[{"start":{"line":37,"column":25},"end":{"line":37,"column":52}},{"start":{"line":37,"column":55},"end":{"line":37,"column":78}}],"line":37},"18":{"loc":{"start":{"line":39,"column":7},"end":{"line":39,"column":73}},"type":"cond-expr","locations":[{"start":{"line":39,"column":20},"end":{"line":39,"column":47}},{"start":{"line":39,"column":50},"end":{"line":39,"column":73}}],"line":39},"19":{"loc":{"start":{"line":42,"column":9},"end":{"line":42,"column":43}},"type":"cond-expr","locations":[{"start":{"line":42,"column":22},"end":{"line":42,"column":31}},{"start":{"line":42,"column":34},"end":{"line":42,"column":43}}],"line":42},"20":{"loc":{"start":{"line":134,"column":27},"end":{"line":134,"column":45}},"type":"default-arg","locations":[{"start":{"line":134,"column":40},"end":{"line":134,"column":45}}],"line":134},"21":{"loc":{"start":{"line":135,"column":15},"end":{"line":135,"column":49}},"type":"cond-expr","locations":[{"start":{"line":135,"column":28},"end":{"line":135,"column":37}},{"start":{"line":135,"column":40},"end":{"line":135,"column":49}}],"line":135},"22":{"loc":{"start":{"line":140,"column":21},"end":{"line":140,"column":45}},"type":"cond-expr","locations":[{"start":{"line":140,"column":34},"end":{"line":140,"column":38}},{"start":{"line":140,"column":41},"end":{"line":140,"column":45}}],"line":140},"23":{"loc":{"start":{"line":147,"column":21},"end":{"line":147,"column":44}},"type":"cond-expr","locations":[{"start":{"line":147,"column":34},"end":{"line":147,"column":37}},{"start":{"line":147,"column":40},"end":{"line":147,"column":44}}],"line":147},"24":{"loc":{"start":{"line":154,"column":21},"end":{"line":154,"column":44}},"type":"cond-expr","locations":[{"start":{"line":154,"column":34},"end":{"line":154,"column":38}},{"start":{"line":154,"column":41},"end":{"line":154,"column":44}}],"line":154},"25":{"loc":{"start":{"line":161,"column":21},"end":{"line":161,"column":45}},"type":"cond-expr","locations":[{"start":{"line":161,"column":34},"end":{"line":161,"column":38}},{"start":{"line":161,"column":41},"end":{"line":161,"column":45}}],"line":161},"26":{"loc":{"start":{"line":168,"column":21},"end":{"line":168,"column":45}},"type":"cond-expr","locations":[{"start":{"line":168,"column":34},"end":{"line":168,"column":38}},{"start":{"line":168,"column":41},"end":{"line":168,"column":45}}],"line":168},"27":{"loc":{"start":{"line":178,"column":34},"end":{"line":178,"column":52}},"type":"default-arg","locations":[{"start":{"line":178,"column":47},"end":{"line":178,"column":52}}],"line":178},"28":{"loc":{"start":{"line":179,"column":2},"end":{"line":191,"column":7}},"type":"cond-expr","locations":[{"start":{"line":180,"column":6},"end":{"line":185,"column":7}},{"start":{"line":186,"column":6},"end":{"line":191,"column":7}}],"line":179}},"s":{"0":0,"1":0,"2":0,"3":0,"4":0,"5":0,"6":0,"7":0,"8":0,"9":0,"10":0,"11":0,"12":0,"13":0},"f":{"0":0,"1":0,"2":0},"b":{"0":[0],"1":[0,0],"2":[0,0],"3":[0,0],"4":[0,0],"5":[0,0],"6":[0,0],"7":[0,0],"8":[0,0],"9":[0,0],"10":[0,0],"11":[0,0],"12":[0,0],"13":[0,0],"14":[0,0],"15":[0,0],"16":[0,0],"17":[0,0],"18":[0,0],"19":[0,0],"20":[0],"21":[0,0],"22":[0,0],"23":[0,0],"24":[0,0],"25":[0,0],"26":[0,0],"27":[0],"28":[0,0]}}
,"/Users/user/Desktop/диплом/MobileEmployee/src/constants/venue.js": {"path":"/Users/user/Desktop/диплом/MobileEmployee/src/constants/venue.js","statementMap":{"0":{"start":{"line":2,"column":35},"end":{"line":2,"column":48}},"1":{"start":{"line":3,"column":32},"end":{"line":3,"column":45}},"2":{"start":{"line":4,"column":35},"end":{"line":4,"column":56}}},"fnMap":{},"branchMap":{},"s":{"0":1,"1":1,"2":1},"f":{},"b":{},"_coverageSchema":"1a1c01bbd47fc00a2c39e90264f33305004495a9","hash":"52fe922ff6bac4d70ff737b9d3ef12a51c12c3f5"}
,"/Users/user/Desktop/диплом/MobileEmployee/src/hooks/useCheckoutFlow.js": {"path":"/Users/user/Desktop/диплом/MobileEmployee/src/hooks/useCheckoutFlow.js","statementMap":{"0":{"start":{"line":7,"column":20},"end":{"line":7,"column":70}},"1":{"start":{"line":8,"column":2},"end":{"line":8,"column":42}},"2":{"start":{"line":8,"column":25},"end":{"line":8,"column":42}},"3":{"start":{"line":9,"column":2},"end":{"line":12,"column":16}},"4":{"start":{"line":10,"column":16},"end":{"line":10,"column":72}},"5":{"start":{"line":26,"column":48},"end":{"line":26,"column":68}},"6":{"start":{"line":27,"column":44},"end":{"line":27,"column":108}},"7":{"start":{"line":29,"column":29},"end":{"line":54,"column":3}},"8":{"start":{"line":31,"column":6},"end":{"line":52,"column":8}},"9":{"start":{"line":32,"column":21},"end":{"line":32,"column":69}},"10":{"start":{"line":32,"column":48},"end":{"line":32,"column":68}},"11":{"start":{"line":33,"column":26},"end":{"line":33,"column":77}},"12":{"start":{"line":34,"column":31},"end":{"line":34,"column":105}},"13":{"start":{"line":34,"column":67},"end":{"line":34,"column":101}},"14":{"start":{"line":35,"column":35},"end":{"line":37,"column":34}},"15":{"start":{"line":36,"column":72},"end":{"line":36,"column":86}},"16":{"start":{"line":39,"column":10},"end":{"line":43,"column":19}},"17":{"start":{"line":44,"column":8},"end":{"line":51,"column":10}},"18":{"start":{"line":56,"column":21},"end":{"line":152,"column":3}},"19":{"start":{"line":58,"column":6},"end":{"line":58,"column":34}},"20":{"start":{"line":59,"column":6},"end":{"line":62,"column":7}},"21":{"start":{"line":60,"column":8},"end":{"line":60,"column":36}},"22":{"start":{"line":61,"column":8},"end":{"line":61,"column":15}},"23":{"start":{"line":64,"column":20},"end":{"line":64,"column":61}},"24":{"start":{"line":65,"column":28},"end":{"line":65,"column":48}},"25":{"start":{"line":66,"column":6},"end":{"line":149,"column":7}},"26":{"start":{"line":67,"column":29},"end":{"line":79,"column":10}},"27":{"start":{"line":80,"column":8},"end":{"line":95,"column":9}},"28":{"start":{"line":87,"column":10},"end":{"line":94,"column":11}},"29":{"start":{"line":88,"column":12},"end":{"line":88,"column":98}},"30":{"start":{"line":90,"column":12},"end":{"line":93,"column":14}},"31":{"start":{"line":96,"column":8},"end":{"line":107,"column":9}},"32":{"start":{"line":102,"column":10},"end":{"line":106,"column":11}},"33":{"start":{"line":103,"column":12},"end":{"line":103,"column":83}},"34":{"start":{"line":108,"column":8},"end":{"line":126,"column":9}},"35":{"start":{"line":115,"column":10},"end":{"line":125,"column":11}},"36":{"start":{"line":116,"column":12},"end":{"line":119,"column":15}},"37":{"start":{"line":121,"column":12},"end":{"line":124,"column":14}},"38":{"start":{"line":127,"column":27},"end":{"line":127,"column":31}},"39":{"start":{"line":128,"column":8},"end":{"line":139,"column":9}},"40":{"start":{"line":134,"column":10},"end":{"line":138,"column":11}},"41":{"start":{"line":135,"column":12},"end":{"line":135,"column":86}},"42":{"start":{"line":137,"column":12},"end":{"line":137,"column":32}},"43":{"start":{"line":140,"column":8},"end":{"line":140,"column":26}},"44":{"start":{"line":141,"column":8},"end":{"line":141,"column":36}},"45":{"start":{"line":142,"column":8},"end":{"line":146,"column":9}},"46":{"start":{"line":143,"column":10},"end":{"line":143,"column":95}},"47":{"start":{"line":145,"column":10},"end":{"line":145,"column":58}},"48":{"start":{"line":148,"column":8},"end":{"line":148,"column":113}},"49":{"start":{"line":154,"column":26},"end":{"line":233,"column":3}},"50":{"start":{"line":156,"column":6},"end":{"line":230,"column":7}},"51":{"start":{"line":157,"column":22},"end":{"line":157,"column":63}},"52":{"start":{"line":158,"column":30},"end":{"line":158,"column":50}},"53":{"start":{"line":159,"column":24},"end":{"line":162,"column":10}},"54":{"start":{"line":163,"column":8},"end":{"line":167,"column":9}},"55":{"start":{"line":164,"column":10},"end":{"line":164,"column":38}},"56":{"start":{"line":165,"column":10},"end":{"line":165,"column":66}},"57":{"start":{"line":166,"column":10},"end":{"line":166,"column":30}},"58":{"start":{"line":168,"column":8},"end":{"line":195,"column":9}},"59":{"start":{"line":169,"column":10},"end":{"line":190,"column":11}},"60":{"start":{"line":170,"column":26},"end":{"line":176,"column":17}},"61":{"start":{"line":171,"column":31},"end":{"line":171,"column":108}},"62":{"start":{"line":172,"column":29},"end":{"line":176,"column":15}},"63":{"start":{"line":177,"column":12},"end":{"line":181,"column":13}},"64":{"start":{"line":178,"column":14},"end":{"line":180,"column":16}},"65":{"start":{"line":182,"column":12},"end":{"line":182,"column":79}},"66":{"start":{"line":184,"column":12},"end":{"line":184,"column":40}},"67":{"start":{"line":186,"column":14},"end":{"line":187,"column":100}},"68":{"start":{"line":188,"column":12},"end":{"line":188,"column":48}},"69":{"start":{"line":189,"column":12},"end":{"line":189,"column":59}},"70":{"start":{"line":191,"column":10},"end":{"line":191,"column":28}},"71":{"start":{"line":192,"column":10},"end":{"line":192,"column":38}},"72":{"start":{"line":193,"column":10},"end":{"line":193,"column":70}},"73":{"start":{"line":194,"column":10},"end":{"line":194,"column":30}},"74":{"start":{"line":197,"column":24},"end":{"line":197,"column":102}},"75":{"start":{"line":198,"column":27},"end":{"line":198,"column":31}},"76":{"start":{"line":199,"column":8},"end":{"line":217,"column":9}},"77":{"start":{"line":200,"column":10},"end":{"line":209,"column":13}},"78":{"start":{"line":211,"column":10},"end":{"line":211,"column":38}},"79":{"start":{"line":213,"column":12},"end":{"line":214,"column":109}},"80":{"start":{"line":215,"column":10},"end":{"line":215,"column":43}},"81":{"start":{"line":216,"column":10},"end":{"line":216,"column":54}},"82":{"start":{"line":218,"column":8},"end":{"line":218,"column":26}},"83":{"start":{"line":219,"column":8},"end":{"line":219,"column":36}},"84":{"start":{"line":220,"column":8},"end":{"line":224,"column":9}},"85":{"start":{"line":221,"column":10},"end":{"line":221,"column":87}},"86":{"start":{"line":223,"column":10},"end":{"line":223,"column":74}},"87":{"start":{"line":225,"column":8},"end":{"line":225,"column":28}},"88":{"start":{"line":227,"column":24},"end":{"line":227,"column":94}},"89":{"start":{"line":228,"column":8},"end":{"line":228,"column":36}},"90":{"start":{"line":229,"column":8},"end":{"line":229,"column":38}},"91":{"start":{"line":235,"column":23},"end":{"line":245,"column":68}},"92":{"start":{"line":236,"column":4},"end":{"line":236,"column":39}},"93":{"start":{"line":236,"column":32},"end":{"line":236,"column":39}},"94":{"start":{"line":237,"column":4},"end":{"line":244,"column":5}},"95":{"start":{"line":238,"column":6},"end":{"line":238,"column":44}},"96":{"start":{"line":239,"column":6},"end":{"line":239,"column":73}},"97":{"start":{"line":240,"column":6},"end":{"line":240,"column":33}},"98":{"start":{"line":241,"column":6},"end":{"line":241,"column":53}},"99":{"start":{"line":243,"column":6},"end":{"line":243,"column":93}},"100":{"start":{"line":247,"column":25},"end":{"line":251,"column":35}},"101":{"start":{"line":248,"column":4},"end":{"line":248,"column":71}},"102":{"start":{"line":249,"column":4},"end":{"line":249,"column":31}},"103":{"start":{"line":250,"column":4},"end":{"line":250,"column":94}},"104":{"start":{"line":253,"column":2},"end":{"line":259,"column":4}}},"fnMap":{"0":{"name":"preorderNoteFromDetailedItem","decl":{"start":{"line":6,"column":9},"end":{"line":6,"column":37}},"loc":{"start":{"line":6,"column":43},"end":{"line":13,"column":1}},"line":6},"1":{"name":"(anonymous_1)","decl":{"start":{"line":10,"column":9},"end":{"line":10,"column":10}},"loc":{"start":{"line":10,"column":16},"end":{"line":10,"column":72}},"line":10},"2":{"name":"useCheckoutFlow","decl":{"start":{"line":15,"column":16},"end":{"line":15,"column":31}},"loc":{"start":{"line":25,"column":3},"end":{"line":260,"column":1}},"line":25},"3":{"name":"(anonymous_3)","decl":{"start":{"line":30,"column":4},"end":{"line":30,"column":5}},"loc":{"start":{"line":31,"column":6},"end":{"line":52,"column":8}},"line":31},"4":{"name":"(anonymous_4)","decl":{"start":{"line":31,"column":20},"end":{"line":31,"column":21}},"loc":{"start":{"line":31,"column":30},"end":{"line":52,"column":7}},"line":31},"5":{"name":"(anonymous_5)","decl":{"start":{"line":32,"column":37},"end":{"line":32,"column":38}},"loc":{"start":{"line":32,"column":48},"end":{"line":32,"column":68}},"line":32},"6":{"name":"(anonymous_6)","decl":{"start":{"line":34,"column":48},"end":{"line":34,"column":49}},"loc":{"start":{"line":34,"column":67},"end":{"line":34,"column":101}},"line":34},"7":{"name":"(anonymous_7)","decl":{"start":{"line":36,"column":58},"end":{"line":36,"column":59}},"loc":{"start":{"line":36,"column":72},"end":{"line":36,"column":86}},"line":36},"8":{"name":"(anonymous_8)","decl":{"start":{"line":57,"column":4},"end":{"line":57,"column":5}},"loc":{"start":{"line":57,"column":28},"end":{"line":150,"column":5}},"line":57},"9":{"name":"(anonymous_9)","decl":{"start":{"line":155,"column":4},"end":{"line":155,"column":5}},"loc":{"start":{"line":155,"column":23},"end":{"line":231,"column":5}},"line":155},"10":{"name":"(anonymous_10)","decl":{"start":{"line":171,"column":22},"end":{"line":171,"column":23}},"loc":{"start":{"line":171,"column":31},"end":{"line":171,"column":108}},"line":171},"11":{"name":"(anonymous_11)","decl":{"start":{"line":172,"column":19},"end":{"line":172,"column":20}},"loc":{"start":{"line":172,"column":29},"end":{"line":176,"column":15}},"line":172},"12":{"name":"(anonymous_12)","decl":{"start":{"line":235,"column":41},"end":{"line":235,"column":42}},"loc":{"start":{"line":235,"column":53},"end":{"line":245,"column":3}},"line":235},"13":{"name":"(anonymous_13)","decl":{"start":{"line":247,"column":43},"end":{"line":247,"column":44}},"loc":{"start":{"line":247,"column":49},"end":{"line":251,"column":3}},"line":247}},"branchMap":{"0":{"loc":{"start":{"line":7,"column":20},"end":{"line":7,"column":70}},"type":"cond-expr","locations":[{"start":{"line":7,"column":52},"end":{"line":7,"column":65}},{"start":{"line":7,"column":68},"end":{"line":7,"column":70}}],"line":7},"1":{"loc":{"start":{"line":8,"column":2},"end":{"line":8,"column":42}},"type":"if","locations":[{"start":{"line":8,"column":2},"end":{"line":8,"column":42}},{"start":{},"end":{}}],"line":8},"2":{"loc":{"start":{"line":10,"column":19},"end":{"line":10,"column":31}},"type":"binary-expr","locations":[{"start":{"line":10,"column":19},"end":{"line":10,"column":25}},{"start":{"line":10,"column":29},"end":{"line":10,"column":31}}],"line":10},"3":{"loc":{"start":{"line":10,"column":34},"end":{"line":10,"column":70}},"type":"cond-expr","locations":[{"start":{"line":10,"column":44},"end":{"line":10,"column":65}},{"start":{"line":10,"column":68},"end":{"line":10,"column":70}}],"line":10},"4":{"loc":{"start":{"line":33,"column":26},"end":{"line":33,"column":77}},"type":"cond-expr","locations":[{"start":{"line":33,"column":58},"end":{"line":33,"column":72}},{"start":{"line":33,"column":75},"end":{"line":33,"column":77}}],"line":33},"5":{"loc":{"start":{"line":34,"column":80},"end":{"line":34,"column":100}},"type":"binary-expr","locations":[{"start":{"line":34,"column":80},"end":{"line":34,"column":95}},{"start":{"line":34,"column":99},"end":{"line":34,"column":100}}],"line":34},"6":{"loc":{"start":{"line":35,"column":35},"end":{"line":37,"column":34}},"type":"cond-expr","locations":[{"start":{"line":36,"column":12},"end":{"line":36,"column":117}},{"start":{"line":37,"column":12},"end":{"line":37,"column":34}}],"line":35},"7":{"loc":{"start":{"line":36,"column":15},"end":{"line":36,"column":37}},"type":"binary-expr","locations":[{"start":{"line":36,"column":15},"end":{"line":36,"column":26}},{"start":{"line":36,"column":30},"end":{"line":36,"column":37}}],"line":36},"8":{"loc":{"start":{"line":37,"column":12},"end":{"line":37,"column":34}},"type":"binary-expr","locations":[{"start":{"line":37,"column":12},"end":{"line":37,"column":23}},{"start":{"line":37,"column":27},"end":{"line":37,"column":34}}],"line":37},"9":{"loc":{"start":{"line":39,"column":10},"end":{"line":43,"column":19}},"type":"cond-expr","locations":[{"start":{"line":40,"column":14},"end":{"line":40,"column":43}},{"start":{"line":41,"column":14},"end":{"line":43,"column":19}}],"line":39},"10":{"loc":{"start":{"line":41,"column":14},"end":{"line":43,"column":19}},"type":"cond-expr","locations":[{"start":{"line":42,"column":16},"end":{"line":42,"column":38}},{"start":{"line":43,"column":16},"end":{"line":43,"column":19}}],"line":41},"11":{"loc":{"start":{"line":46,"column":28},"end":{"line":46,"column":93}},"type":"cond-expr","locations":[{"start":{"line":46,"column":67},"end":{"line":46,"column":86}},{"start":{"line":46,"column":89},"end":{"line":46,"column":93}}],"line":46},"12":{"loc":{"start":{"line":48,"column":28},"end":{"line":48,"column":44}},"type":"binary-expr","locations":[{"start":{"line":48,"column":28},"end":{"line":48,"column":39}},{"start":{"line":48,"column":43},"end":{"line":48,"column":44}}],"line":48},"13":{"loc":{"start":{"line":57,"column":11},"end":{"line":57,"column":23}},"type":"default-arg","locations":[{"start":{"line":57,"column":21},"end":{"line":57,"column":23}}],"line":57},"14":{"loc":{"start":{"line":59,"column":6},"end":{"line":62,"column":7}},"type":"if","locations":[{"start":{"line":59,"column":6},"end":{"line":62,"column":7}},{"start":{},"end":{}}],"line":59},"15":{"loc":{"start":{"line":72,"column":32},"end":{"line":72,"column":58}},"type":"binary-expr","locations":[{"start":{"line":72,"column":32},"end":{"line":72,"column":53}},{"start":{"line":72,"column":57},"end":{"line":72,"column":58}}],"line":72},"16":{"loc":{"start":{"line":75,"column":21},"end":{"line":75,"column":48}},"type":"binary-expr","locations":[{"start":{"line":75,"column":21},"end":{"line":75,"column":42}},{"start":{"line":75,"column":46},"end":{"line":75,"column":48}}],"line":75},"17":{"loc":{"start":{"line":77,"column":24},"end":{"line":77,"column":52}},"type":"binary-expr","locations":[{"start":{"line":77,"column":24},"end":{"line":77,"column":44}},{"start":{"line":77,"column":48},"end":{"line":77,"column":52}}],"line":77},"18":{"loc":{"start":{"line":78,"column":28},"end":{"line":78,"column":57}},"type":"binary-expr","locations":[{"start":{"line":78,"column":28},"end":{"line":78,"column":52}},{"start":{"line":78,"column":56},"end":{"line":78,"column":57}}],"line":78},"19":{"loc":{"start":{"line":80,"column":8},"end":{"line":95,"column":9}},"type":"if","locations":[{"start":{"line":80,"column":8},"end":{"line":95,"column":9}},{"start":{},"end":{}}],"line":80},"20":{"loc":{"start":{"line":81,"column":10},"end":{"line":85,"column":50}},"type":"binary-expr","locations":[{"start":{"line":81,"column":10},"end":{"line":81,"column":56}},{"start":{"line":82,"column":10},"end":{"line":82,"column":35}},{"start":{"line":83,"column":10},"end":{"line":83,"column":36}},{"start":{"line":84,"column":10},"end":{"line":84,"column":34}},{"start":{"line":85,"column":10},"end":{"line":85,"column":50}}],"line":81},"21":{"loc":{"start":{"line":92,"column":14},"end":{"line":92,"column":114}},"type":"binary-expr","locations":[{"start":{"line":92,"column":14},"end":{"line":92,"column":24}},{"start":{"line":92,"column":28},"end":{"line":92,"column":114}}],"line":92},"22":{"loc":{"start":{"line":96,"column":8},"end":{"line":107,"column":9}},"type":"if","locations":[{"start":{"line":96,"column":8},"end":{"line":107,"column":9}},{"start":{},"end":{}}],"line":96},"23":{"loc":{"start":{"line":97,"column":10},"end":{"line":100,"column":50}},"type":"binary-expr","locations":[{"start":{"line":97,"column":10},"end":{"line":97,"column":56}},{"start":{"line":98,"column":10},"end":{"line":98,"column":35}},{"start":{"line":99,"column":10},"end":{"line":99,"column":34}},{"start":{"line":100,"column":10},"end":{"line":100,"column":50}}],"line":97},"24":{"loc":{"start":{"line":108,"column":8},"end":{"line":126,"column":9}},"type":"if","locations":[{"start":{"line":108,"column":8},"end":{"line":126,"column":9}},{"start":{},"end":{}}],"line":108},"25":{"loc":{"start":{"line":109,"column":10},"end":{"line":113,"column":50}},"type":"binary-expr","locations":[{"start":{"line":109,"column":10},"end":{"line":109,"column":56}},{"start":{"line":110,"column":10},"end":{"line":110,"column":34}},{"start":{"line":111,"column":10},"end":{"line":111,"column":48}},{"start":{"line":112,"column":10},"end":{"line":112,"column":34}},{"start":{"line":113,"column":10},"end":{"line":113,"column":50}}],"line":109},"26":{"loc":{"start":{"line":111,"column":17},"end":{"line":111,"column":43}},"type":"binary-expr","locations":[{"start":{"line":111,"column":17},"end":{"line":111,"column":38}},{"start":{"line":111,"column":42},"end":{"line":111,"column":43}}],"line":111},"27":{"loc":{"start":{"line":123,"column":14},"end":{"line":123,"column":117}},"type":"binary-expr","locations":[{"start":{"line":123,"column":14},"end":{"line":123,"column":24}},{"start":{"line":123,"column":28},"end":{"line":123,"column":117}}],"line":123},"28":{"loc":{"start":{"line":128,"column":8},"end":{"line":139,"column":9}},"type":"if","locations":[{"start":{"line":128,"column":8},"end":{"line":139,"column":9}},{"start":{},"end":{}}],"line":128},"29":{"loc":{"start":{"line":129,"column":10},"end":{"line":132,"column":50}},"type":"binary-expr","locations":[{"start":{"line":129,"column":10},"end":{"line":129,"column":56}},{"start":{"line":130,"column":10},"end":{"line":130,"column":35}},{"start":{"line":131,"column":10},"end":{"line":131,"column":34}},{"start":{"line":132,"column":10},"end":{"line":132,"column":50}}],"line":129},"30":{"loc":{"start":{"line":142,"column":8},"end":{"line":146,"column":9}},"type":"if","locations":[{"start":{"line":142,"column":8},"end":{"line":146,"column":9}},{"start":{"line":144,"column":15},"end":{"line":146,"column":9}}],"line":142},"31":{"loc":{"start":{"line":142,"column":12},"end":{"line":142,"column":91}},"type":"binary-expr","locations":[{"start":{"line":142,"column":12},"end":{"line":142,"column":53}},{"start":{"line":142,"column":57},"end":{"line":142,"column":91}}],"line":142},"32":{"loc":{"start":{"line":148,"column":27},"end":{"line":148,"column":111}},"type":"binary-expr","locations":[{"start":{"line":148,"column":27},"end":{"line":148,"column":41}},{"start":{"line":148,"column":45},"end":{"line":148,"column":111}}],"line":148},"33":{"loc":{"start":{"line":161,"column":25},"end":{"line":161,"column":73}},"type":"cond-expr","locations":[{"start":{"line":161,"column":48},"end":{"line":161,"column":61}},{"start":{"line":161,"column":64},"end":{"line":161,"column":73}}],"line":161},"34":{"loc":{"start":{"line":163,"column":8},"end":{"line":167,"column":9}},"type":"if","locations":[{"start":{"line":163,"column":8},"end":{"line":167,"column":9}},{"start":{},"end":{}}],"line":163},"35":{"loc":{"start":{"line":168,"column":8},"end":{"line":195,"column":9}},"type":"if","locations":[{"start":{"line":168,"column":8},"end":{"line":195,"column":9}},{"start":{},"end":{}}],"line":168},"36":{"loc":{"start":{"line":168,"column":12},"end":{"line":168,"column":87}},"type":"binary-expr","locations":[{"start":{"line":168,"column":12},"end":{"line":168,"column":58}},{"start":{"line":168,"column":62},"end":{"line":168,"column":87}}],"line":168},"37":{"loc":{"start":{"line":171,"column":31},"end":{"line":171,"column":108}},"type":"binary-expr","locations":[{"start":{"line":171,"column":31},"end":{"line":171,"column":59}},{"start":{"line":171,"column":63},"end":{"line":171,"column":108}}],"line":171},"38":{"loc":{"start":{"line":177,"column":12},"end":{"line":181,"column":13}},"type":"if","locations":[{"start":{"line":177,"column":12},"end":{"line":181,"column":13}},{"start":{},"end":{}}],"line":177},"39":{"loc":{"start":{"line":186,"column":14},"end":{"line":187,"column":100}},"type":"binary-expr","locations":[{"start":{"line":186,"column":14},"end":{"line":186,"column":36}},{"start":{"line":187,"column":14},"end":{"line":187,"column":100}}],"line":186},"40":{"loc":{"start":{"line":197,"column":27},"end":{"line":197,"column":46}},"type":"binary-expr","locations":[{"start":{"line":197,"column":27},"end":{"line":197,"column":40}},{"start":{"line":197,"column":44},"end":{"line":197,"column":46}}],"line":197},"41":{"loc":{"start":{"line":197,"column":50},"end":{"line":197,"column":93}},"type":"binary-expr","locations":[{"start":{"line":197,"column":50},"end":{"line":197,"column":70}},{"start":{"line":197,"column":74},"end":{"line":197,"column":87}},{"start":{"line":197,"column":91},"end":{"line":197,"column":93}}],"line":197},"42":{"loc":{"start":{"line":203,"column":23},"end":{"line":203,"column":62}},"type":"binary-expr","locations":[{"start":{"line":203,"column":23},"end":{"line":203,"column":49}},{"start":{"line":203,"column":53},"end":{"line":203,"column":62}}],"line":203},"43":{"loc":{"start":{"line":205,"column":34},"end":{"line":205,"column":69}},"type":"binary-expr","locations":[{"start":{"line":205,"column":34},"end":{"line":205,"column":64}},{"start":{"line":205,"column":68},"end":{"line":205,"column":69}}],"line":205},"44":{"loc":{"start":{"line":206,"column":23},"end":{"line":206,"column":42}},"type":"binary-expr","locations":[{"start":{"line":206,"column":23},"end":{"line":206,"column":34}},{"start":{"line":206,"column":38},"end":{"line":206,"column":42}}],"line":206},"45":{"loc":{"start":{"line":213,"column":12},"end":{"line":214,"column":109}},"type":"binary-expr","locations":[{"start":{"line":213,"column":12},"end":{"line":213,"column":31}},{"start":{"line":214,"column":12},"end":{"line":214,"column":109}}],"line":213},"46":{"loc":{"start":{"line":220,"column":8},"end":{"line":224,"column":9}},"type":"if","locations":[{"start":{"line":220,"column":8},"end":{"line":224,"column":9}},{"start":{"line":222,"column":15},"end":{"line":224,"column":9}}],"line":220},"47":{"loc":{"start":{"line":220,"column":12},"end":{"line":220,"column":91}},"type":"binary-expr","locations":[{"start":{"line":220,"column":12},"end":{"line":220,"column":53}},{"start":{"line":220,"column":57},"end":{"line":220,"column":91}}],"line":220},"48":{"loc":{"start":{"line":227,"column":24},"end":{"line":227,"column":94}},"type":"binary-expr","locations":[{"start":{"line":227,"column":24},"end":{"line":227,"column":38}},{"start":{"line":227,"column":42},"end":{"line":227,"column":94}}],"line":227},"49":{"loc":{"start":{"line":236,"column":4},"end":{"line":236,"column":39}},"type":"if","locations":[{"start":{"line":236,"column":4},"end":{"line":236,"column":39}},{"start":{},"end":{}}],"line":236},"50":{"loc":{"start":{"line":243,"column":25},"end":{"line":243,"column":91}},"type":"binary-expr","locations":[{"start":{"line":243,"column":25},"end":{"line":243,"column":39}},{"start":{"line":243,"column":43},"end":{"line":243,"column":91}}],"line":243}},"s":{"0":0,"1":0,"2":0,"3":0,"4":0,"5":0,"6":0,"7":0,"8":0,"9":0,"10":0,"11":0,"12":0,"13":0,"14":0,"15":0,"16":0,"17":0,"18":0,"19":0,"20":0,"21":0,"22":0,"23":0,"24":0,"25":0,"26":0,"27":0,"28":0,"29":0,"30":0,"31":0,"32":0,"33":0,"34":0,"35":0,"36":0,"37":0,"38":0,"39":0,"40":0,"41":0,"42":0,"43":0,"44":0,"45":0,"46":0,"47":0,"48":0,"49":0,"50":0,"51":0,"52":0,"53":0,"54":0,"55":0,"56":0,"57":0,"58":0,"59":0,"60":0,"61":0,"62":0,"63":0,"64":0,"65":0,"66":0,"67":0,"68":0,"69":0,"70":0,"71":0,"72":0,"73":0,"74":0,"75":0,"76":0,"77":0,"78":0,"79":0,"80":0,"81":0,"82":0,"83":0,"84":0,"85":0,"86":0,"87":0,"88":0,"89":0,"90":0,"91":0,"92":0,"93":0,"94":0,"95":0,"96":0,"97":0,"98":0,"99":0,"100":0,"101":0,"102":0,"103":0,"104":0},"f":{"0":0,"1":0,"2":0,"3":0,"4":0,"5":0,"6":0,"7":0,"8":0,"9":0,"10":0,"11":0,"12":0,"13":0},"b":{"0":[0,0],"1":[0,0],"2":[0,0],"3":[0,0],"4":[0,0],"5":[0,0],"6":[0,0],"7":[0,0],"8":[0,0],"9":[0,0],"10":[0,0],"11":[0,0],"12":[0,0],"13":[0],"14":[0,0],"15":[0,0],"16":[0,0],"17":[0,0],"18":[0,0],"19":[0,0],"20":[0,0,0,0,0],"21":[0,0],"22":[0,0],"23":[0,0,0,0],"24":[0,0],"25":[0,0,0,0,0],"26":[0,0],"27":[0,0],"28":[0,0],"29":[0,0,0,0],"30":[0,0],"31":[0,0],"32":[0,0],"33":[0,0],"34":[0,0],"35":[0,0],"36":[0,0],"37":[0,0],"38":[0,0],"39":[0,0],"40":[0,0],"41":[0,0,0],"42":[0,0],"43":[0,0],"44":[0,0],"45":[0,0],"46":[0,0],"47":[0,0],"48":[0,0],"49":[0,0],"50":[0,0]}}
,"/Users/user/Desktop/диплом/MobileEmployee/src/hooks/useDebouncedValue.js": {"path":"/Users/user/Desktop/диплом/MobileEmployee/src/hooks/useDebouncedValue.js","statementMap":{"0":{"start":{"line":4,"column":36},"end":{"line":4,"column":51}},"1":{"start":{"line":6,"column":2},"end":{"line":9,"column":23}},"2":{"start":{"line":7,"column":18},"end":{"line":7,"column":64}},"3":{"start":{"line":7,"column":35},"end":{"line":7,"column":54}},"4":{"start":{"line":8,"column":4},"end":{"line":8,"column":37}},"5":{"start":{"line":8,"column":17},"end":{"line":8,"column":36}},"6":{"start":{"line":11,"column":2},"end":{"line":11,"column":19}}},"fnMap":{"0":{"name":"useDebouncedValue","decl":{"start":{"line":3,"column":16},"end":{"line":3,"column":33}},"loc":{"start":{"line":3,"column":56},"end":{"line":12,"column":1}},"line":3},"1":{"name":"(anonymous_1)","decl":{"start":{"line":6,"column":12},"end":{"line":6,"column":13}},"loc":{"start":{"line":6,"column":18},"end":{"line":9,"column":3}},"line":6},"2":{"name":"(anonymous_2)","decl":{"start":{"line":7,"column":29},"end":{"line":7,"column":30}},"loc":{"start":{"line":7,"column":35},"end":{"line":7,"column":54}},"line":7},"3":{"name":"(anonymous_3)","decl":{"start":{"line":8,"column":11},"end":{"line":8,"column":12}},"loc":{"start":{"line":8,"column":17},"end":{"line":8,"column":36}},"line":8}},"branchMap":{"0":{"loc":{"start":{"line":3,"column":41},"end":{"line":3,"column":54}},"type":"default-arg","locations":[{"start":{"line":3,"column":51},"end":{"line":3,"column":54}}],"line":3}},"s":{"0":3,"1":3,"2":2,"3":1,"4":2,"5":1,"6":3},"f":{"0":3,"1":2,"2":1,"3":1},"b":{"0":[0]},"_coverageSchema":"1a1c01bbd47fc00a2c39e90264f33305004495a9","hash":"e9d4ee8757b050299ebcdbfb8a37117938ae0850"}
,"/Users/user/Desktop/диплом/MobileEmployee/src/hooks/useNetworkRecovery.js": {"path":"/Users/user/Desktop/диплом/MobileEmployee/src/hooks/useNetworkRecovery.js","statementMap":{"0":{"start":{"line":5,"column":26},"end":{"line":5,"column":30}},"1":{"start":{"line":7,"column":2},"end":{"line":7,"column":123}},"2":{"start":{"line":10,"column":28},"end":{"line":10,"column":47}},"3":{"start":{"line":11,"column":32},"end":{"line":11,"column":50}},"4":{"start":{"line":13,"column":28},"end":{"line":17,"column":8}},"5":{"start":{"line":14,"column":4},"end":{"line":14,"column":47}},"6":{"start":{"line":14,"column":40},"end":{"line":14,"column":47}},"7":{"start":{"line":15,"column":4},"end":{"line":15,"column":49}},"8":{"start":{"line":16,"column":4},"end":{"line":16,"column":41}},"9":{"start":{"line":19,"column":29},"end":{"line":36,"column":39}},"10":{"start":{"line":20,"column":4},"end":{"line":20,"column":46}},"11":{"start":{"line":20,"column":39},"end":{"line":20,"column":46}},"12":{"start":{"line":21,"column":21},"end":{"line":21,"column":82}},"13":{"start":{"line":22,"column":4},"end":{"line":35,"column":26}},"14":{"start":{"line":23,"column":6},"end":{"line":26,"column":7}},"15":{"start":{"line":24,"column":8},"end":{"line":24,"column":28}},"16":{"start":{"line":25,"column":8},"end":{"line":25,"column":15}},"17":{"start":{"line":27,"column":6},"end":{"line":34,"column":7}},"18":{"start":{"line":28,"column":8},"end":{"line":28,"column":49}},"19":{"start":{"line":29,"column":8},"end":{"line":29,"column":42}},"20":{"start":{"line":30,"column":8},"end":{"line":30,"column":60}},"21":{"start":{"line":31,"column":8},"end":{"line":31,"column":28}},"22":{"start":{"line":38,"column":20},"end":{"line":55,"column":3}},"23":{"start":{"line":40,"column":25},"end":{"line":40,"column":46}},"24":{"start":{"line":41,"column":31},"end":{"line":41,"column":99}},"25":{"start":{"line":43,"column":6},"end":{"line":50,"column":7}},"26":{"start":{"line":44,"column":8},"end":{"line":48,"column":9}},"27":{"start":{"line":45,"column":10},"end":{"line":45,"column":43}},"28":{"start":{"line":46,"column":10},"end":{"line":46,"column":31}},"29":{"start":{"line":47,"column":10},"end":{"line":47,"column":55}},"30":{"start":{"line":49,"column":8},"end":{"line":49,"column":15}},"31":{"start":{"line":52,"column":6},"end":{"line":52,"column":37}},"32":{"start":{"line":57,"column":2},"end":{"line":71,"column":51}},"33":{"start":{"line":58,"column":24},"end":{"line":69,"column":6}},"34":{"start":{"line":59,"column":6},"end":{"line":62,"column":7}},"35":{"start":{"line":60,"column":8},"end":{"line":60,"column":50}},"36":{"start":{"line":61,"column":8},"end":{"line":61,"column":15}},"37":{"start":{"line":63,"column":6},"end":{"line":68,"column":7}},"38":{"start":{"line":64,"column":8},"end":{"line":64,"column":47}},"39":{"start":{"line":64,"column":40},"end":{"line":64,"column":47}},"40":{"start":{"line":65,"column":8},"end":{"line":65,"column":42}},"41":{"start":{"line":66,"column":8},"end":{"line":66,"column":28}},"42":{"start":{"line":67,"column":8},"end":{"line":67,"column":60}},"43":{"start":{"line":70,"column":4},"end":{"line":70,"column":23}},"44":{"start":{"line":73,"column":2},"end":{"line":78,"column":4}},"45":{"start":{"line":74,"column":10},"end":{"line":76,"column":5}},"46":{"start":{"line":75,"column":6},"end":{"line":75,"column":26}},"47":{"start":{"line":80,"column":2},"end":{"line":80,"column":23}}},"fnMap":{"0":{"name":"useNetworkRecovery","decl":{"start":{"line":9,"column":16},"end":{"line":9,"column":34}},"loc":{"start":{"line":9,"column":49},"end":{"line":81,"column":1}},"line":9},"1":{"name":"(anonymous_1)","decl":{"start":{"line":13,"column":46},"end":{"line":13,"column":47}},"loc":{"start":{"line":13,"column":52},"end":{"line":17,"column":3}},"line":13},"2":{"name":"(anonymous_2)","decl":{"start":{"line":19,"column":47},"end":{"line":19,"column":48}},"loc":{"start":{"line":19,"column":53},"end":{"line":36,"column":3}},"line":19},"3":{"name":"(anonymous_3)","decl":{"start":{"line":22,"column":48},"end":{"line":22,"column":49}},"loc":{"start":{"line":22,"column":60},"end":{"line":35,"column":5}},"line":22},"4":{"name":"(anonymous_4)","decl":{"start":{"line":39,"column":4},"end":{"line":39,"column":5}},"loc":{"start":{"line":39,"column":23},"end":{"line":53,"column":5}},"line":39},"5":{"name":"(anonymous_5)","decl":{"start":{"line":57,"column":18},"end":{"line":57,"column":19}},"loc":{"start":{"line":57,"column":24},"end":{"line":71,"column":3}},"line":57},"6":{"name":"(anonymous_6)","decl":{"start":{"line":58,"column":51},"end":{"line":58,"column":52}},"loc":{"start":{"line":58,"column":62},"end":{"line":69,"column":5}},"line":58},"7":{"name":"(anonymous_7)","decl":{"start":{"line":74,"column":4},"end":{"line":74,"column":5}},"loc":{"start":{"line":74,"column":10},"end":{"line":76,"column":5}},"line":74},"8":{"name":"(anonymous_8)","decl":{"start":{"line":74,"column":10},"end":{"line":74,"column":11}},"loc":{"start":{"line":74,"column":16},"end":{"line":76,"column":5}},"line":74}},"branchMap":{"0":{"loc":{"start":{"line":14,"column":4},"end":{"line":14,"column":47}},"type":"if","locations":[{"start":{"line":14,"column":4},"end":{"line":14,"column":47}},{"start":{},"end":{}}],"line":14},"1":{"loc":{"start":{"line":20,"column":4},"end":{"line":20,"column":46}},"type":"if","locations":[{"start":{"line":20,"column":4},"end":{"line":20,"column":46}},{"start":{},"end":{}}],"line":20},"2":{"loc":{"start":{"line":23,"column":6},"end":{"line":26,"column":7}},"type":"if","locations":[{"start":{"line":23,"column":6},"end":{"line":26,"column":7}},{"start":{},"end":{}}],"line":23},"3":{"loc":{"start":{"line":40,"column":32},"end":{"line":40,"column":45}},"type":"binary-expr","locations":[{"start":{"line":40,"column":32},"end":{"line":40,"column":39}},{"start":{"line":40,"column":43},"end":{"line":40,"column":45}}],"line":40},"4":{"loc":{"start":{"line":41,"column":31},"end":{"line":41,"column":99}},"type":"binary-expr","locations":[{"start":{"line":41,"column":31},"end":{"line":41,"column":47}},{"start":{"line":41,"column":51},"end":{"line":41,"column":99}}],"line":41},"5":{"loc":{"start":{"line":43,"column":6},"end":{"line":50,"column":7}},"type":"if","locations":[{"start":{"line":43,"column":6},"end":{"line":50,"column":7}},{"start":{},"end":{}}],"line":43},"6":{"loc":{"start":{"line":44,"column":8},"end":{"line":48,"column":9}},"type":"if","locations":[{"start":{"line":44,"column":8},"end":{"line":48,"column":9}},{"start":{},"end":{}}],"line":44},"7":{"loc":{"start":{"line":59,"column":6},"end":{"line":62,"column":7}},"type":"if","locations":[{"start":{"line":59,"column":6},"end":{"line":62,"column":7}},{"start":{},"end":{}}],"line":59},"8":{"loc":{"start":{"line":63,"column":6},"end":{"line":68,"column":7}},"type":"if","locations":[{"start":{"line":63,"column":6},"end":{"line":68,"column":7}},{"start":{},"end":{}}],"line":63},"9":{"loc":{"start":{"line":64,"column":8},"end":{"line":64,"column":47}},"type":"if","locations":[{"start":{"line":64,"column":8},"end":{"line":64,"column":47}},{"start":{},"end":{}}],"line":64}},"s":{"0":0,"1":0,"2":0,"3":0,"4":0,"5":0,"6":0,"7":0,"8":0,"9":0,"10":0,"11":0,"12":0,"13":0,"14":0,"15":0,"16":0,"17":0,"18":0,"19":0,"20":0,"21":0,"22":0,"23":0,"24":0,"25":0,"26":0,"27":0,"28":0,"29":0,"30":0,"31":0,"32":0,"33":0,"34":0,"35":0,"36":0,"37":0,"38":0,"39":0,"40":0,"41":0,"42":0,"43":0,"44":0,"45":0,"46":0,"47":0},"f":{"0":0,"1":0,"2":0,"3":0,"4":0,"5":0,"6":0,"7":0,"8":0},"b":{"0":[0,0],"1":[0,0],"2":[0,0],"3":[0,0],"4":[0,0],"5":[0,0],"6":[0,0],"7":[0,0],"8":[0,0],"9":[0,0]}}
,"/Users/user/Desktop/диплом/MobileEmployee/src/hooks/usePasswordRecovery.js": {"path":"/Users/user/Desktop/диплом/MobileEmployee/src/hooks/usePasswordRecovery.js","statementMap":{"0":{"start":{"line":15,"column":21},"end":{"line":15,"column":65}},"1":{"start":{"line":21,"column":44},"end":{"line":21,"column":59}},"2":{"start":{"line":22,"column":44},"end":{"line":22,"column":56}},"3":{"start":{"line":23,"column":42},"end":{"line":23,"column":54}},"4":{"start":{"line":24,"column":50},"end":{"line":24,"column":62}},"5":{"start":{"line":25,"column":64},"end":{"line":25,"column":76}},"6":{"start":{"line":26,"column":48},"end":{"line":26,"column":63}},"7":{"start":{"line":27,"column":44},"end":{"line":27,"column":76}},"8":{"start":{"line":28,"column":44},"end":{"line":28,"column":56}},"9":{"start":{"line":29,"column":48},"end":{"line":29,"column":60}},"10":{"start":{"line":31,"column":27},"end":{"line":31,"column":40}},"11":{"start":{"line":32,"column":19},"end":{"line":32,"column":31}},"12":{"start":{"line":34,"column":21},"end":{"line":43,"column":8}},"13":{"start":{"line":35,"column":4},"end":{"line":35,"column":25}},"14":{"start":{"line":36,"column":4},"end":{"line":36,"column":24}},"15":{"start":{"line":37,"column":4},"end":{"line":37,"column":28}},"16":{"start":{"line":38,"column":4},"end":{"line":38,"column":35}},"17":{"start":{"line":39,"column":4},"end":{"line":39,"column":25}},"18":{"start":{"line":40,"column":4},"end":{"line":40,"column":27}},"19":{"start":{"line":41,"column":4},"end":{"line":41,"column":45}},"20":{"start":{"line":42,"column":4},"end":{"line":42,"column":30}},"21":{"start":{"line":45,"column":27},"end":{"line":51,"column":18}},"22":{"start":{"line":46,"column":4},"end":{"line":46,"column":36}},"23":{"start":{"line":47,"column":4},"end":{"line":47,"column":30}},"24":{"start":{"line":48,"column":4},"end":{"line":48,"column":28}},"25":{"start":{"line":49,"column":4},"end":{"line":49,"column":28}},"26":{"start":{"line":50,"column":4},"end":{"line":50,"column":17}},"27":{"start":{"line":53,"column":28},"end":{"line":63,"column":8}},"28":{"start":{"line":54,"column":4},"end":{"line":54,"column":37}},"29":{"start":{"line":55,"column":4},"end":{"line":55,"column":53}},"30":{"start":{"line":56,"column":4},"end":{"line":56,"column":24}},"31":{"start":{"line":57,"column":4},"end":{"line":57,"column":28}},"32":{"start":{"line":58,"column":4},"end":{"line":58,"column":35}},"33":{"start":{"line":59,"column":4},"end":{"line":59,"column":25}},"34":{"start":{"line":60,"column":4},"end":{"line":60,"column":27}},"35":{"start":{"line":61,"column":4},"end":{"line":61,"column":45}},"36":{"start":{"line":62,"column":4},"end":{"line":62,"column":27}},"37":{"start":{"line":65,"column":30},"end":{"line":101,"column":46}},"38":{"start":{"line":66,"column":22},"end":{"line":66,"column":57}},"39":{"start":{"line":67,"column":4},"end":{"line":72,"column":5}},"40":{"start":{"line":68,"column":6},"end":{"line":70,"column":8}},"41":{"start":{"line":71,"column":6},"end":{"line":71,"column":13}},"42":{"start":{"line":73,"column":4},"end":{"line":73,"column":37}},"43":{"start":{"line":74,"column":15},"end":{"line":74,"column":36}},"44":{"start":{"line":75,"column":4},"end":{"line":75,"column":26}},"45":{"start":{"line":76,"column":4},"end":{"line":100,"column":5}},"46":{"start":{"line":77,"column":6},"end":{"line":77,"column":31}},"47":{"start":{"line":78,"column":6},"end":{"line":78,"column":27}},"48":{"start":{"line":79,"column":6},"end":{"line":79,"column":29}},"49":{"start":{"line":80,"column":6},"end":{"line":80,"column":26}},"50":{"start":{"line":81,"column":6},"end":{"line":81,"column":30}},"51":{"start":{"line":82,"column":6},"end":{"line":82,"column":37}},"52":{"start":{"line":83,"column":23},"end":{"line":83,"column":93}},"53":{"start":{"line":84,"column":6},"end":{"line":84,"column":43}},"54":{"start":{"line":84,"column":36},"end":{"line":84,"column":43}},"55":{"start":{"line":85,"column":6},"end":{"line":85,"column":46}},"56":{"start":{"line":86,"column":6},"end":{"line":91,"column":8}},"57":{"start":{"line":93,"column":6},"end":{"line":93,"column":43}},"58":{"start":{"line":93,"column":36},"end":{"line":93,"column":43}},"59":{"start":{"line":94,"column":6},"end":{"line":94,"column":62}},"60":{"start":{"line":96,"column":6},"end":{"line":96,"column":30}},"61":{"start":{"line":97,"column":6},"end":{"line":99,"column":7}},"62":{"start":{"line":98,"column":8},"end":{"line":98,"column":34}},"63":{"start":{"line":103,"column":25},"end":{"line":159,"column":4}},"64":{"start":{"line":104,"column":22},"end":{"line":104,"column":57}},"65":{"start":{"line":105,"column":4},"end":{"line":110,"column":5}},"66":{"start":{"line":106,"column":6},"end":{"line":108,"column":8}},"67":{"start":{"line":109,"column":6},"end":{"line":109,"column":13}},"68":{"start":{"line":111,"column":4},"end":{"line":114,"column":5}},"69":{"start":{"line":112,"column":6},"end":{"line":112,"column":81}},"70":{"start":{"line":113,"column":6},"end":{"line":113,"column":13}},"71":{"start":{"line":115,"column":4},"end":{"line":118,"column":5}},"72":{"start":{"line":116,"column":6},"end":{"line":116,"column":91}},"73":{"start":{"line":117,"column":6},"end":{"line":117,"column":13}},"74":{"start":{"line":119,"column":4},"end":{"line":122,"column":5}},"75":{"start":{"line":120,"column":6},"end":{"line":120,"column":47}},"76":{"start":{"line":121,"column":6},"end":{"line":121,"column":13}},"77":{"start":{"line":123,"column":4},"end":{"line":123,"column":37}},"78":{"start":{"line":124,"column":15},"end":{"line":124,"column":36}},"79":{"start":{"line":125,"column":4},"end":{"line":125,"column":26}},"80":{"start":{"line":126,"column":4},"end":{"line":150,"column":5}},"81":{"start":{"line":127,"column":6},"end":{"line":127,"column":31}},"82":{"start":{"line":128,"column":6},"end":{"line":128,"column":27}},"83":{"start":{"line":129,"column":6},"end":{"line":129,"column":29}},"84":{"start":{"line":130,"column":23},"end":{"line":135,"column":8}},"85":{"start":{"line":136,"column":6},"end":{"line":136,"column":43}},"86":{"start":{"line":136,"column":36},"end":{"line":136,"column":43}},"87":{"start":{"line":137,"column":6},"end":{"line":137,"column":109}},"88":{"start":{"line":138,"column":6},"end":{"line":138,"column":34}},"89":{"start":{"line":139,"column":6},"end":{"line":141,"column":14}},"90":{"start":{"line":140,"column":8},"end":{"line":140,"column":27}},"91":{"start":{"line":143,"column":6},"end":{"line":143,"column":43}},"92":{"start":{"line":143,"column":36},"end":{"line":143,"column":43}},"93":{"start":{"line":144,"column":6},"end":{"line":144,"column":62}},"94":{"start":{"line":146,"column":6},"end":{"line":146,"column":30}},"95":{"start":{"line":147,"column":6},"end":{"line":149,"column":7}},"96":{"start":{"line":148,"column":8},"end":{"line":148,"column":34}},"97":{"start":{"line":161,"column":2},"end":{"line":179,"column":4}}},"fnMap":{"0":{"name":"usePasswordRecovery","decl":{"start":{"line":20,"column":16},"end":{"line":20,"column":35}},"loc":{"start":{"line":20,"column":115},"end":{"line":180,"column":1}},"line":20},"1":{"name":"(anonymous_1)","decl":{"start":{"line":34,"column":33},"end":{"line":34,"column":34}},"loc":{"start":{"line":34,"column":39},"end":{"line":43,"column":3}},"line":34},"2":{"name":"(anonymous_2)","decl":{"start":{"line":45,"column":39},"end":{"line":45,"column":40}},"loc":{"start":{"line":45,"column":45},"end":{"line":51,"column":3}},"line":45},"3":{"name":"(anonymous_3)","decl":{"start":{"line":53,"column":40},"end":{"line":53,"column":41}},"loc":{"start":{"line":53,"column":55},"end":{"line":63,"column":3}},"line":53},"4":{"name":"(anonymous_4)","decl":{"start":{"line":65,"column":42},"end":{"line":65,"column":43}},"loc":{"start":{"line":65,"column":54},"end":{"line":101,"column":3}},"line":65},"5":{"name":"(anonymous_5)","decl":{"start":{"line":103,"column":37},"end":{"line":103,"column":38}},"loc":{"start":{"line":103,"column":49},"end":{"line":151,"column":3}},"line":103},"6":{"name":"(anonymous_6)","decl":{"start":{"line":139,"column":17},"end":{"line":139,"column":18}},"loc":{"start":{"line":139,"column":23},"end":{"line":141,"column":7}},"line":139}},"branchMap":{"0":{"loc":{"start":{"line":55,"column":28},"end":{"line":55,"column":43}},"type":"binary-expr","locations":[{"start":{"line":55,"column":28},"end":{"line":55,"column":37}},{"start":{"line":55,"column":41},"end":{"line":55,"column":43}}],"line":55},"1":{"loc":{"start":{"line":67,"column":4},"end":{"line":72,"column":5}},"type":"if","locations":[{"start":{"line":67,"column":4},"end":{"line":72,"column":5}},{"start":{},"end":{}}],"line":67},"2":{"loc":{"start":{"line":84,"column":6},"end":{"line":84,"column":43}},"type":"if","locations":[{"start":{"line":84,"column":6},"end":{"line":84,"column":43}},{"start":{},"end":{}}],"line":84},"3":{"loc":{"start":{"line":93,"column":6},"end":{"line":93,"column":43}},"type":"if","locations":[{"start":{"line":93,"column":6},"end":{"line":93,"column":43}},{"start":{},"end":{}}],"line":93},"4":{"loc":{"start":{"line":97,"column":6},"end":{"line":99,"column":7}},"type":"if","locations":[{"start":{"line":97,"column":6},"end":{"line":99,"column":7}},{"start":{},"end":{}}],"line":97},"5":{"loc":{"start":{"line":105,"column":4},"end":{"line":110,"column":5}},"type":"if","locations":[{"start":{"line":105,"column":4},"end":{"line":110,"column":5}},{"start":{},"end":{}}],"line":105},"6":{"loc":{"start":{"line":111,"column":4},"end":{"line":114,"column":5}},"type":"if","locations":[{"start":{"line":111,"column":4},"end":{"line":114,"column":5}},{"start":{},"end":{}}],"line":111},"7":{"loc":{"start":{"line":115,"column":4},"end":{"line":118,"column":5}},"type":"if","locations":[{"start":{"line":115,"column":4},"end":{"line":118,"column":5}},{"start":{},"end":{}}],"line":115},"8":{"loc":{"start":{"line":115,"column":8},"end":{"line":115,"column":83}},"type":"binary-expr","locations":[{"start":{"line":115,"column":8},"end":{"line":115,"column":25}},{"start":{"line":115,"column":29},"end":{"line":115,"column":83}}],"line":115},"9":{"loc":{"start":{"line":119,"column":4},"end":{"line":122,"column":5}},"type":"if","locations":[{"start":{"line":119,"column":4},"end":{"line":122,"column":5}},{"start":{},"end":{}}],"line":119},"10":{"loc":{"start":{"line":136,"column":6},"end":{"line":136,"column":43}},"type":"if","locations":[{"start":{"line":136,"column":6},"end":{"line":136,"column":43}},{"start":{},"end":{}}],"line":136},"11":{"loc":{"start":{"line":143,"column":6},"end":{"line":143,"column":43}},"type":"if","locations":[{"start":{"line":143,"column":6},"end":{"line":143,"column":43}},{"start":{},"end":{}}],"line":143},"12":{"loc":{"start":{"line":147,"column":6},"end":{"line":149,"column":7}},"type":"if","locations":[{"start":{"line":147,"column":6},"end":{"line":149,"column":7}},{"start":{},"end":{}}],"line":147}},"s":{"0":1,"1":19,"2":19,"3":19,"4":19,"5":19,"6":19,"7":19,"8":19,"9":19,"10":19,"11":19,"12":19,"13":2,"14":2,"15":2,"16":2,"17":2,"18":2,"19":2,"20":2,"21":19,"22":2,"23":2,"24":2,"25":2,"26":2,"27":19,"28":1,"29":1,"30":1,"31":1,"32":1,"33":1,"34":1,"35":1,"36":1,"37":19,"38":3,"39":3,"40":1,"41":1,"42":2,"43":2,"44":2,"45":2,"46":2,"47":2,"48":2,"49":2,"50":2,"51":2,"52":2,"53":1,"54":0,"55":1,"56":1,"57":1,"58":1,"59":0,"60":2,"61":2,"62":1,"63":19,"64":2,"65":2,"66":0,"67":0,"68":2,"69":1,"70":1,"71":1,"72":0,"73":0,"74":1,"75":0,"76":0,"77":1,"78":1,"79":1,"80":1,"81":1,"82":1,"83":1,"84":1,"85":1,"86":0,"87":1,"88":1,"89":1,"90":1,"91":0,"92":0,"93":0,"94":1,"95":1,"96":1,"97":19},"f":{"0":19,"1":2,"2":2,"3":1,"4":3,"5":2,"6":1},"b":{"0":[1,0],"1":[1,2],"2":[0,1],"3":[1,0],"4":[1,1],"5":[0,2],"6":[1,1],"7":[0,1],"8":[1,1],"9":[0,1],"10":[0,1],"11":[0,0],"12":[1,0]},"_coverageSchema":"1a1c01bbd47fc00a2c39e90264f33305004495a9","hash":"5010a201a4e8b84b3fb8f11b5de103dc9c3e6f76"}
,"/Users/user/Desktop/диплом/MobileEmployee/src/hooks/useTabSwipeNavigation.js": {"path":"/Users/user/Desktop/диплом/MobileEmployee/src/hooks/useTabSwipeNavigation.js","statementMap":{"0":{"start":{"line":16,"column":35},"end":{"line":16,"column":78}},"1":{"start":{"line":17,"column":33},"end":{"line":17,"column":79}},"2":{"start":{"line":18,"column":27},"end":{"line":18,"column":54}},"3":{"start":{"line":19,"column":23},"end":{"line":19,"column":111}},"4":{"start":{"line":20,"column":26},"end":{"line":20,"column":52}},"5":{"start":{"line":21,"column":28},"end":{"line":29,"column":3}},"6":{"start":{"line":23,"column":18},"end":{"line":23,"column":42}},"7":{"start":{"line":24,"column":6},"end":{"line":24,"column":23}},"8":{"start":{"line":24,"column":16},"end":{"line":24,"column":23}},"9":{"start":{"line":25,"column":6},"end":{"line":25,"column":70}},"10":{"start":{"line":25,"column":63},"end":{"line":25,"column":70}},"11":{"start":{"line":26,"column":6},"end":{"line":26,"column":27}},"12":{"start":{"line":31,"column":2},"end":{"line":34,"column":36}},"13":{"start":{"line":32,"column":4},"end":{"line":32,"column":45}},"14":{"start":{"line":33,"column":4},"end":{"line":33,"column":43}},"15":{"start":{"line":36,"column":2},"end":{"line":39,"column":51}},"16":{"start":{"line":37,"column":4},"end":{"line":37,"column":50}},"17":{"start":{"line":37,"column":43},"end":{"line":37,"column":50}},"18":{"start":{"line":38,"column":4},"end":{"line":38,"column":37}},"19":{"start":{"line":41,"column":27},"end":{"line":95,"column":3}},"20":{"start":{"line":43,"column":25},"end":{"line":43,"column":49}},"21":{"start":{"line":45,"column":8},"end":{"line":45,"column":103}},"22":{"start":{"line":46,"column":6},"end":{"line":78,"column":7}},"23":{"start":{"line":47,"column":8},"end":{"line":47,"column":49}},"24":{"start":{"line":48,"column":8},"end":{"line":48,"column":47}},"25":{"start":{"line":49,"column":8},"end":{"line":49,"column":45}},"26":{"start":{"line":50,"column":8},"end":{"line":50,"column":47}},"27":{"start":{"line":51,"column":8},"end":{"line":72,"column":19}},"28":{"start":{"line":73,"column":8},"end":{"line":73,"column":30}},"29":{"start":{"line":74,"column":8},"end":{"line":74,"column":33}},"30":{"start":{"line":75,"column":8},"end":{"line":75,"column":33}},"31":{"start":{"line":76,"column":8},"end":{"line":76,"column":34}},"32":{"start":{"line":77,"column":8},"end":{"line":77,"column":15}},"33":{"start":{"line":79,"column":6},"end":{"line":79,"column":28}},"34":{"start":{"line":80,"column":6},"end":{"line":80,"column":31}},"35":{"start":{"line":81,"column":6},"end":{"line":81,"column":31}},"36":{"start":{"line":97,"column":30},"end":{"line":106,"column":3}},"37":{"start":{"line":99,"column":18},"end":{"line":99,"column":60}},"38":{"start":{"line":100,"column":6},"end":{"line":100,"column":26}},"39":{"start":{"line":100,"column":19},"end":{"line":100,"column":26}},"40":{"start":{"line":101,"column":22},"end":{"line":101,"column":33}},"41":{"start":{"line":102,"column":6},"end":{"line":102,"column":60}},"42":{"start":{"line":102,"column":53},"end":{"line":102,"column":60}},"43":{"start":{"line":103,"column":6},"end":{"line":103,"column":42}},"44":{"start":{"line":108,"column":33},"end":{"line":130,"column":11}},"45":{"start":{"line":111,"column":8},"end":{"line":111,"column":51}},"46":{"start":{"line":111,"column":38},"end":{"line":111,"column":51}},"47":{"start":{"line":112,"column":8},"end":{"line":112,"column":37}},"48":{"start":{"line":115,"column":8},"end":{"line":115,"column":51}},"49":{"start":{"line":115,"column":38},"end":{"line":115,"column":51}},"50":{"start":{"line":116,"column":31},"end":{"line":116,"column":43}},"51":{"start":{"line":117,"column":25},"end":{"line":117,"column":33}},"52":{"start":{"line":118,"column":8},"end":{"line":118,"column":36}},"53":{"start":{"line":118,"column":23},"end":{"line":118,"column":36}},"54":{"start":{"line":119,"column":8},"end":{"line":119,"column":62}},"55":{"start":{"line":122,"column":8},"end":{"line":122,"column":45}},"56":{"start":{"line":122,"column":38},"end":{"line":122,"column":45}},"57":{"start":{"line":123,"column":27},"end":{"line":123,"column":39}},"58":{"start":{"line":124,"column":8},"end":{"line":126,"column":9}},"59":{"start":{"line":125,"column":10},"end":{"line":125,"column":33}},"60":{"start":{"line":132,"column":34},"end":{"line":154,"column":11}},"61":{"start":{"line":135,"column":8},"end":{"line":135,"column":51}},"62":{"start":{"line":135,"column":38},"end":{"line":135,"column":51}},"63":{"start":{"line":136,"column":8},"end":{"line":136,"column":51}},"64":{"start":{"line":139,"column":8},"end":{"line":139,"column":51}},"65":{"start":{"line":139,"column":38},"end":{"line":139,"column":51}},"66":{"start":{"line":140,"column":31},"end":{"line":140,"column":43}},"67":{"start":{"line":141,"column":25},"end":{"line":141,"column":47}},"68":{"start":{"line":142,"column":8},"end":{"line":142,"column":36}},"69":{"start":{"line":142,"column":23},"end":{"line":142,"column":36}},"70":{"start":{"line":143,"column":8},"end":{"line":143,"column":61}},"71":{"start":{"line":146,"column":8},"end":{"line":146,"column":45}},"72":{"start":{"line":146,"column":38},"end":{"line":146,"column":45}},"73":{"start":{"line":147,"column":27},"end":{"line":147,"column":39}},"74":{"start":{"line":148,"column":8},"end":{"line":150,"column":9}},"75":{"start":{"line":149,"column":10},"end":{"line":149,"column":34}},"76":{"start":{"line":156,"column":2},"end":{"line":163,"column":4}}},"fnMap":{"0":{"name":"useTabSwipeNavigation","decl":{"start":{"line":4,"column":16},"end":{"line":4,"column":37}},"loc":{"start":{"line":15,"column":3},"end":{"line":164,"column":1}},"line":15},"1":{"name":"(anonymous_1)","decl":{"start":{"line":22,"column":4},"end":{"line":22,"column":5}},"loc":{"start":{"line":22,"column":16},"end":{"line":27,"column":5}},"line":22},"2":{"name":"(anonymous_2)","decl":{"start":{"line":31,"column":18},"end":{"line":31,"column":19}},"loc":{"start":{"line":31,"column":24},"end":{"line":34,"column":3}},"line":31},"3":{"name":"(anonymous_3)","decl":{"start":{"line":36,"column":18},"end":{"line":36,"column":19}},"loc":{"start":{"line":36,"column":24},"end":{"line":39,"column":3}},"line":36},"4":{"name":"(anonymous_4)","decl":{"start":{"line":42,"column":4},"end":{"line":42,"column":5}},"loc":{"start":{"line":42,"column":16},"end":{"line":82,"column":5}},"line":42},"5":{"name":"(anonymous_5)","decl":{"start":{"line":98,"column":4},"end":{"line":98,"column":5}},"loc":{"start":{"line":98,"column":15},"end":{"line":104,"column":5}},"line":98},"6":{"name":"(anonymous_6)","decl":{"start":{"line":110,"column":43},"end":{"line":110,"column":44}},"loc":{"start":{"line":110,"column":64},"end":{"line":113,"column":7}},"line":110},"7":{"name":"(anonymous_7)","decl":{"start":{"line":114,"column":35},"end":{"line":114,"column":36}},"loc":{"start":{"line":114,"column":56},"end":{"line":120,"column":7}},"line":114},"8":{"name":"(anonymous_8)","decl":{"start":{"line":121,"column":29},"end":{"line":121,"column":30}},"loc":{"start":{"line":121,"column":50},"end":{"line":127,"column":7}},"line":121},"9":{"name":"(anonymous_9)","decl":{"start":{"line":128,"column":31},"end":{"line":128,"column":32}},"loc":{"start":{"line":128,"column":37},"end":{"line":128,"column":39}},"line":128},"10":{"name":"(anonymous_10)","decl":{"start":{"line":134,"column":43},"end":{"line":134,"column":44}},"loc":{"start":{"line":134,"column":64},"end":{"line":137,"column":7}},"line":134},"11":{"name":"(anonymous_11)","decl":{"start":{"line":138,"column":35},"end":{"line":138,"column":36}},"loc":{"start":{"line":138,"column":56},"end":{"line":144,"column":7}},"line":138},"12":{"name":"(anonymous_12)","decl":{"start":{"line":145,"column":29},"end":{"line":145,"column":30}},"loc":{"start":{"line":145,"column":50},"end":{"line":151,"column":7}},"line":145},"13":{"name":"(anonymous_13)","decl":{"start":{"line":152,"column":31},"end":{"line":152,"column":32}},"loc":{"start":{"line":152,"column":37},"end":{"line":152,"column":39}},"line":152}},"branchMap":{"0":{"loc":{"start":{"line":19,"column":23},"end":{"line":19,"column":111}},"type":"binary-expr","locations":[{"start":{"line":19,"column":23},"end":{"line":19,"column":38}},{"start":{"line":19,"column":42},"end":{"line":19,"column":55}},{"start":{"line":19,"column":59},"end":{"line":19,"column":75}},{"start":{"line":19,"column":79},"end":{"line":19,"column":111}}],"line":19},"1":{"loc":{"start":{"line":24,"column":6},"end":{"line":24,"column":23}},"type":"if","locations":[{"start":{"line":24,"column":6},"end":{"line":24,"column":23}},{"start":{},"end":{}}],"line":24},"2":{"loc":{"start":{"line":25,"column":6},"end":{"line":25,"column":70}},"type":"if","locations":[{"start":{"line":25,"column":6},"end":{"line":25,"column":70}},{"start":{},"end":{}}],"line":25},"3":{"loc":{"start":{"line":25,"column":10},"end":{"line":25,"column":61}},"type":"binary-expr","locations":[{"start":{"line":25,"column":10},"end":{"line":25,"column":43}},{"start":{"line":25,"column":47},"end":{"line":25,"column":61}}],"line":25},"4":{"loc":{"start":{"line":37,"column":4},"end":{"line":37,"column":50}},"type":"if","locations":[{"start":{"line":37,"column":4},"end":{"line":37,"column":50}},{"start":{},"end":{}}],"line":37},"5":{"loc":{"start":{"line":45,"column":8},"end":{"line":45,"column":103}},"type":"binary-expr","locations":[{"start":{"line":45,"column":8},"end":{"line":45,"column":37}},{"start":{"line":45,"column":41},"end":{"line":45,"column":66}},{"start":{"line":45,"column":70},"end":{"line":45,"column":83}},{"start":{"line":45,"column":87},"end":{"line":45,"column":103}}],"line":45},"6":{"loc":{"start":{"line":46,"column":6},"end":{"line":78,"column":7}},"type":"if","locations":[{"start":{"line":46,"column":6},"end":{"line":78,"column":7}},{"start":{},"end":{}}],"line":46},"7":{"loc":{"start":{"line":46,"column":10},"end":{"line":46,"column":54}},"type":"binary-expr","locations":[{"start":{"line":46,"column":10},"end":{"line":46,"column":29}},{"start":{"line":46,"column":33},"end":{"line":46,"column":54}}],"line":46},"8":{"loc":{"start":{"line":100,"column":6},"end":{"line":100,"column":26}},"type":"if","locations":[{"start":{"line":100,"column":6},"end":{"line":100,"column":26}},{"start":{},"end":{}}],"line":100},"9":{"loc":{"start":{"line":102,"column":6},"end":{"line":102,"column":60}},"type":"if","locations":[{"start":{"line":102,"column":6},"end":{"line":102,"column":60}},{"start":{},"end":{}}],"line":102},"10":{"loc":{"start":{"line":102,"column":10},"end":{"line":102,"column":51}},"type":"binary-expr","locations":[{"start":{"line":102,"column":10},"end":{"line":102,"column":21}},{"start":{"line":102,"column":25},"end":{"line":102,"column":51}}],"line":102},"11":{"loc":{"start":{"line":111,"column":8},"end":{"line":111,"column":51}},"type":"if","locations":[{"start":{"line":111,"column":8},"end":{"line":111,"column":51}},{"start":{},"end":{}}],"line":111},"12":{"loc":{"start":{"line":115,"column":8},"end":{"line":115,"column":51}},"type":"if","locations":[{"start":{"line":115,"column":8},"end":{"line":115,"column":51}},{"start":{},"end":{}}],"line":115},"13":{"loc":{"start":{"line":118,"column":8},"end":{"line":118,"column":36}},"type":"if","locations":[{"start":{"line":118,"column":8},"end":{"line":118,"column":36}},{"start":{},"end":{}}],"line":118},"14":{"loc":{"start":{"line":119,"column":15},"end":{"line":119,"column":61}},"type":"binary-expr","locations":[{"start":{"line":119,"column":15},"end":{"line":119,"column":23}},{"start":{"line":119,"column":27},"end":{"line":119,"column":61}}],"line":119},"15":{"loc":{"start":{"line":122,"column":8},"end":{"line":122,"column":45}},"type":"if","locations":[{"start":{"line":122,"column":8},"end":{"line":122,"column":45}},{"start":{},"end":{}}],"line":122},"16":{"loc":{"start":{"line":124,"column":8},"end":{"line":126,"column":9}},"type":"if","locations":[{"start":{"line":124,"column":8},"end":{"line":126,"column":9}},{"start":{},"end":{}}],"line":124},"17":{"loc":{"start":{"line":124,"column":12},"end":{"line":124,"column":34}},"type":"binary-expr","locations":[{"start":{"line":124,"column":12},"end":{"line":124,"column":20}},{"start":{"line":124,"column":24},"end":{"line":124,"column":34}}],"line":124},"18":{"loc":{"start":{"line":135,"column":8},"end":{"line":135,"column":51}},"type":"if","locations":[{"start":{"line":135,"column":8},"end":{"line":135,"column":51}},{"start":{},"end":{}}],"line":135},"19":{"loc":{"start":{"line":139,"column":8},"end":{"line":139,"column":51}},"type":"if","locations":[{"start":{"line":139,"column":8},"end":{"line":139,"column":51}},{"start":{},"end":{}}],"line":139},"20":{"loc":{"start":{"line":142,"column":8},"end":{"line":142,"column":36}},"type":"if","locations":[{"start":{"line":142,"column":8},"end":{"line":142,"column":36}},{"start":{},"end":{}}],"line":142},"21":{"loc":{"start":{"line":143,"column":15},"end":{"line":143,"column":60}},"type":"binary-expr","locations":[{"start":{"line":143,"column":15},"end":{"line":143,"column":22}},{"start":{"line":143,"column":26},"end":{"line":143,"column":60}}],"line":143},"22":{"loc":{"start":{"line":146,"column":8},"end":{"line":146,"column":45}},"type":"if","locations":[{"start":{"line":146,"column":8},"end":{"line":146,"column":45}},{"start":{},"end":{}}],"line":146},"23":{"loc":{"start":{"line":148,"column":8},"end":{"line":150,"column":9}},"type":"if","locations":[{"start":{"line":148,"column":8},"end":{"line":150,"column":9}},{"start":{},"end":{}}],"line":148},"24":{"loc":{"start":{"line":148,"column":12},"end":{"line":148,"column":32}},"type":"binary-expr","locations":[{"start":{"line":148,"column":12},"end":{"line":148,"column":19}},{"start":{"line":148,"column":23},"end":{"line":148,"column":32}}],"line":148}},"s":{"0":0,"1":0,"2":0,"3":0,"4":0,"5":0,"6":0,"7":0,"8":0,"9":0,"10":0,"11":0,"12":0,"13":0,"14":0,"15":0,"16":0,"17":0,"18":0,"19":0,"20":0,"21":0,"22":0,"23":0,"24":0,"25":0,"26":0,"27":0,"28":0,"29":0,"30":0,"31":0,"32":0,"33":0,"34":0,"35":0,"36":0,"37":0,"38":0,"39":0,"40":0,"41":0,"42":0,"43":0,"44":0,"45":0,"46":0,"47":0,"48":0,"49":0,"50":0,"51":0,"52":0,"53":0,"54":0,"55":0,"56":0,"57":0,"58":0,"59":0,"60":0,"61":0,"62":0,"63":0,"64":0,"65":0,"66":0,"67":0,"68":0,"69":0,"70":0,"71":0,"72":0,"73":0,"74":0,"75":0,"76":0},"f":{"0":0,"1":0,"2":0,"3":0,"4":0,"5":0,"6":0,"7":0,"8":0,"9":0,"10":0,"11":0,"12":0,"13":0},"b":{"0":[0,0,0,0],"1":[0,0],"2":[0,0],"3":[0,0],"4":[0,0],"5":[0,0,0,0],"6":[0,0],"7":[0,0],"8":[0,0],"9":[0,0],"10":[0,0],"11":[0,0],"12":[0,0],"13":[0,0],"14":[0,0],"15":[0,0],"16":[0,0],"17":[0,0],"18":[0,0],"19":[0,0],"20":[0,0],"21":[0,0],"22":[0,0],"23":[0,0],"24":[0,0]}}
,"/Users/user/Desktop/диплом/MobileEmployee/src/hooks/useToastManager.js": {"path":"/Users/user/Desktop/диплом/MobileEmployee/src/hooks/useToastManager.js","statementMap":{"0":{"start":{"line":3,"column":26},"end":{"line":3,"column":30}},"1":{"start":{"line":6,"column":28},"end":{"line":6,"column":92}},"2":{"start":{"line":7,"column":28},"end":{"line":7,"column":46}},"3":{"start":{"line":9,"column":23},"end":{"line":19,"column":8}},"4":{"start":{"line":10,"column":4},"end":{"line":13,"column":5}},"5":{"start":{"line":11,"column":6},"end":{"line":11,"column":46}},"6":{"start":{"line":12,"column":6},"end":{"line":12,"column":39}},"7":{"start":{"line":14,"column":4},"end":{"line":14,"column":70}},"8":{"start":{"line":15,"column":4},"end":{"line":18,"column":26}},"9":{"start":{"line":16,"column":6},"end":{"line":16,"column":56}},"10":{"start":{"line":16,"column":26},"end":{"line":16,"column":53}},"11":{"start":{"line":17,"column":6},"end":{"line":17,"column":39}},"12":{"start":{"line":21,"column":2},"end":{"line":29,"column":4}},"13":{"start":{"line":22,"column":10},"end":{"line":27,"column":5}},"14":{"start":{"line":23,"column":6},"end":{"line":26,"column":7}},"15":{"start":{"line":24,"column":8},"end":{"line":24,"column":48}},"16":{"start":{"line":25,"column":8},"end":{"line":25,"column":41}},"17":{"start":{"line":31,"column":2},"end":{"line":31,"column":33}}},"fnMap":{"0":{"name":"useToastManager","decl":{"start":{"line":5,"column":16},"end":{"line":5,"column":31}},"loc":{"start":{"line":5,"column":34},"end":{"line":32,"column":1}},"line":5},"1":{"name":"(anonymous_1)","decl":{"start":{"line":9,"column":41},"end":{"line":9,"column":42}},"loc":{"start":{"line":9,"column":60},"end":{"line":19,"column":3}},"line":9},"2":{"name":"(anonymous_2)","decl":{"start":{"line":15,"column":43},"end":{"line":15,"column":44}},"loc":{"start":{"line":15,"column":49},"end":{"line":18,"column":5}},"line":15},"3":{"name":"(anonymous_3)","decl":{"start":{"line":16,"column":15},"end":{"line":16,"column":16}},"loc":{"start":{"line":16,"column":26},"end":{"line":16,"column":53}},"line":16},"4":{"name":"(anonymous_4)","decl":{"start":{"line":22,"column":4},"end":{"line":22,"column":5}},"loc":{"start":{"line":22,"column":10},"end":{"line":27,"column":5}},"line":22},"5":{"name":"(anonymous_5)","decl":{"start":{"line":22,"column":10},"end":{"line":22,"column":11}},"loc":{"start":{"line":22,"column":16},"end":{"line":27,"column":5}},"line":22}},"branchMap":{"0":{"loc":{"start":{"line":10,"column":4},"end":{"line":13,"column":5}},"type":"if","locations":[{"start":{"line":10,"column":4},"end":{"line":13,"column":5}},{"start":{},"end":{}}],"line":10},"1":{"loc":{"start":{"line":14,"column":52},"end":{"line":14,"column":65}},"type":"binary-expr","locations":[{"start":{"line":14,"column":52},"end":{"line":14,"column":59}},{"start":{"line":14,"column":63},"end":{"line":14,"column":65}}],"line":14},"2":{"loc":{"start":{"line":23,"column":6},"end":{"line":26,"column":7}},"type":"if","locations":[{"start":{"line":23,"column":6},"end":{"line":26,"column":7}},{"start":{},"end":{}}],"line":23}},"s":{"0":0,"1":0,"2":0,"3":0,"4":0,"5":0,"6":0,"7":0,"8":0,"9":0,"10":0,"11":0,"12":0,"13":0,"14":0,"15":0,"16":0,"17":0},"f":{"0":0,"1":0,"2":0,"3":0,"4":0,"5":0},"b":{"0":[0,0],"1":[0,0],"2":[0,0]}}
,"/Users/user/Desktop/диплом/MobileEmployee/src/navigation/screenIds.js": {"path":"/Users/user/Desktop/диплом/MobileEmployee/src/navigation/screenIds.js","statementMap":{"0":{"start":{"line":2,"column":25},"end":{"line":2,"column":63}},"1":{"start":{"line":5,"column":34},"end":{"line":5,"column":73}},"2":{"start":{"line":7,"column":36},"end":{"line":7,"column":82}},"3":{"start":{"line":10,"column":2},"end":{"line":10,"column":45}}},"fnMap":{"0":{"name":"isOverlayScreen","decl":{"start":{"line":9,"column":16},"end":{"line":9,"column":31}},"loc":{"start":{"line":9,"column":40},"end":{"line":11,"column":1}},"line":9}},"branchMap":{},"s":{"0":1,"1":1,"2":1,"3":2},"f":{"0":2},"b":{},"_coverageSchema":"1a1c01bbd47fc00a2c39e90264f33305004495a9","hash":"f2152b184d4eecb17385e361d67c9a2c2ff430b1"}
[...]
:{"line":47,"column":3}},{"start":{},"end":{}}],"line":42},"7":{"loc":{"start":{"line":48,"column":2},"end":{"line":48,"column":74}},"type":"if","locations":[{"start":{"line":48,"column":2},"end":{"line":48,"column":74}},{"start":{},"end":{}}],"line":48},"8":{"loc":{"start":{"line":48,"column":6},"end":{"line":48,"column":53}},"type":"binary-expr","locations":[{"start":{"line":48,"column":6},"end":{"line":48,"column":29}},{"start":{"line":48,"column":33},"end":{"line":48,"column":53}}],"line":48},"9":{"loc":{"start":{"line":55,"column":4},"end":{"line":55,"column":70}},"type":"if","locations":[{"start":{"line":55,"column":4},"end":{"line":55,"column":70}},{"start":{},"end":{}}],"line":55},"10":{"loc":{"start":{"line":58,"column":27},"end":{"line":58,"column":57}},"type":"binary-expr","locations":[{"start":{"line":58,"column":27},"end":{"line":58,"column":51}},{"start":{"line":58,"column":55},"end":{"line":58,"column":57}}],"line":58},"11":{"loc":{"start":{"line":59,"column":4},"end":{"line":59,"column":34}},"type":"if","locations":[{"start":{"line":59,"column":4},"end":{"line":59,"column":34}},{"start":{},"end":{}}],"line":59},"12":{"loc":{"start":{"line":61,"column":4},"end":{"line":66,"column":5}},"type":"if","locations":[{"start":{"line":61,"column":4},"end":{"line":66,"column":5}},{"start":{},"end":{}}],"line":61},"13":{"loc":{"start":{"line":63,"column":6},"end":{"line":65,"column":7}},"type":"if","locations":[{"start":{"line":63,"column":6},"end":{"line":65,"column":7}},{"start":{},"end":{}}],"line":63},"14":{"loc":{"start":{"line":68,"column":4},"end":{"line":68,"column":29}},"type":"if","locations":[{"start":{"line":68,"column":4},"end":{"line":68,"column":29}},{"start":{},"end":{}}],"line":68},"15":{"loc":{"start":{"line":78,"column":2},"end":{"line":78,"column":32}},"type":"if","locations":[{"start":{"line":78,"column":2},"end":{"line":78,"column":32}},{"start":{},"end":{}}],"line":78},"16":{"loc":{"start":{"line":80,"column":22},"end":{"line":80,"column":74}},"type":"cond-expr","locations":[{"start":{"line":80,"column":47},"end":{"line":80,"column":53}},{"start":{"line":80,"column":56},"end":{"line":80,"column":74}}],"line":80},"17":{"loc":{"start":{"line":81,"column":63},"end":{"line":81,"column":75}},"type":"binary-expr","locations":[{"start":{"line":81,"column":63},"end":{"line":81,"column":69}},{"start":{"line":81,"column":73},"end":{"line":81,"column":75}}],"line":81},"18":{"loc":{"start":{"line":92,"column":2},"end":{"line":92,"column":47}},"type":"if","locations":[{"start":{"line":92,"column":2},"end":{"line":92,"column":47}},{"start":{},"end":{}}],"line":92},"19":{"loc":{"start":{"line":92,"column":6},"end":{"line":92,"column":36}},"type":"binary-expr","locations":[{"start":{"line":92,"column":6},"end":{"line":92,"column":8}},{"start":{"line":92,"column":12},"end":{"line":92,"column":36}}],"line":92},"20":{"loc":{"start":{"line":96,"column":4},"end":{"line":96,"column":25}},"type":"if","locations":[{"start":{"line":96,"column":4},"end":{"line":96,"column":25}},{"start":{},"end":{}}],"line":96},"21":{"loc":{"start":{"line":97,"column":17},"end":{"line":97,"column":33}},"type":"binary-expr","locations":[{"start":{"line":97,"column":17},"end":{"line":97,"column":27}},{"start":{"line":97,"column":31},"end":{"line":97,"column":33}}],"line":97},"22":{"loc":{"start":{"line":98,"column":20},"end":{"line":98,"column":96}},"type":"binary-expr","locations":[{"start":{"line":98,"column":20},"end":{"line":98,"column":69}},{"start":{"line":98,"column":73},"end":{"line":98,"column":96}}],"line":98},"23":{"loc":{"start":{"line":100,"column":4},"end":{"line":100,"column":41}},"type":"if","locations":[{"start":{"line":100,"column":4},"end":{"line":100,"column":41}},{"start":{},"end":{}}],"line":100},"24":{"loc":{"start":{"line":100,"column":8},"end":{"line":100,"column":30}},"type":"binary-expr","locations":[{"start":{"line":100,"column":8},"end":{"line":100,"column":16}},{"start":{"line":100,"column":20},"end":{"line":100,"column":30}}],"line":100},"25":{"loc":{"start":{"line":113,"column":4},"end":{"line":113,"column":58}},"type":"if","locations":[{"start":{"line":113,"column":4},"end":{"line":113,"column":58}},{"start":{},"end":{}}],"line":113},"26":{"loc":{"start":{"line":115,"column":4},"end":{"line":120,"column":5}},"type":"if","locations":[{"start":{"line":115,"column":4},"end":{"line":120,"column":5}},{"start":{"line":118,"column":11},"end":{"line":120,"column":5}}],"line":115},"27":{"loc":{"start":{"line":117,"column":6},"end":{"line":117,"column":100}},"type":"if","locations":[{"start":{"line":117,"column":6},"end":{"line":117,"column":100}},{"start":{},"end":{}}],"line":117},"28":{"loc":{"start":{"line":117,"column":10},"end":{"line":117,"column":50}},"type":"binary-expr","locations":[{"start":{"line":117,"column":10},"end":{"line":117,"column":28}},{"start":{"line":117,"column":32},"end":{"line":117,"column":50}}],"line":117},"29":{"loc":{"start":{"line":122,"column":4},"end":{"line":127,"column":5}},"type":"if","locations":[{"start":{"line":122,"column":4},"end":{"line":127,"column":5}},{"start":{"line":125,"column":11},"end":{"line":127,"column":5}}],"line":122},"30":{"loc":{"start":{"line":124,"column":6},"end":{"line":124,"column":100}},"type":"if","locations":[{"start":{"line":124,"column":6},"end":{"line":124,"column":100}},{"start":{},"end":{}}],"line":124},"31":{"loc":{"start":{"line":124,"column":10},"end":{"line":124,"column":50}},"type":"binary-expr","locations":[{"start":{"line":124,"column":10},"end":{"line":124,"column":28}},{"start":{"line":124,"column":32},"end":{"line":124,"column":50}}],"line":124},"32":{"loc":{"start":{"line":141,"column":2},"end":{"line":141,"column":22}},"type":"if","locations":[{"start":{"line":141,"column":2},"end":{"line":141,"column":22}},{"start":{},"end":{}}],"line":141},"33":{"loc":{"start":{"line":143,"column":2},"end":{"line":143,"column":45}},"type":"if","locations":[{"start":{"line":143,"column":2},"end":{"line":143,"column":45}},{"start":{},"end":{}}],"line":143},"34":{"loc":{"start":{"line":147,"column":2},"end":{"line":147,"column":32}},"type":"if","locations":[{"start":{"line":147,"column":2},"end":{"line":147,"column":32}},{"start":{},"end":{}}],"line":147},"35":{"loc":{"start":{"line":152,"column":6},"end":{"line":154,"column":7}},"type":"if","locations":[{"start":{"line":152,"column":6},"end":{"line":154,"column":7}},{"start":{},"end":{}}],"line":152},"36":{"loc":{"start":{"line":152,"column":10},"end":{"line":152,"column":66}},"type":"binary-expr","locations":[{"start":{"line":152,"column":10},"end":{"line":152,"column":36}},{"start":{"line":152,"column":40},"end":{"line":152,"column":66}}],"line":152},"37":{"loc":{"start":{"line":155,"column":24},"end":{"line":155,"column":76}},"type":"cond-expr","locations":[{"start":{"line":155,"column":49},"end":{"line":155,"column":55}},{"start":{"line":155,"column":58},"end":{"line":155,"column":76}}],"line":155},"38":{"loc":{"start":{"line":158,"column":15},"end":{"line":158,"column":27}},"type":"binary-expr","locations":[{"start":{"line":158,"column":15},"end":{"line":158,"column":21}},{"start":{"line":158,"column":25},"end":{"line":158,"column":27}}],"line":158},"39":{"loc":{"start":{"line":165,"column":2},"end":{"line":170,"column":3}},"type":"if","locations":[{"start":{"line":165,"column":2},"end":{"line":170,"column":3}},{"start":{},"end":{}}],"line":165},"40":{"loc":{"start":{"line":167,"column":4},"end":{"line":167,"column":30}},"type":"if","locations":[{"start":{"line":167,"column":4},"end":{"line":167,"column":30}},{"start":{},"end":{}}],"line":167},"41":{"loc":{"start":{"line":172,"column":2},"end":{"line":174,"column":3}},"type":"if","locations":[{"start":{"line":172,"column":2},"end":{"line":174,"column":3}},{"start":{},"end":{}}],"line":172},"42":{"loc":{"start":{"line":176,"column":15},"end":{"line":176,"column":52}},"type":"cond-expr","locations":[{"start":{"line":176,"column":37},"end":{"line":176,"column":40}},{"start":{"line":176,"column":43},"end":{"line":176,"column":52}}],"line":176},"43":{"loc":{"start":{"line":178,"column":17},"end":{"line":178,"column":69}},"type":"cond-expr","locations":[{"start":{"line":178,"column":42},"end":{"line":178,"column":48}},{"start":{"line":178,"column":51},"end":{"line":178,"column":69}}],"line":178},"44":{"loc":{"start":{"line":191,"column":2},"end":{"line":191,"column":47}},"type":"if","locations":[{"start":{"line":191,"column":2},"end":{"line":191,"column":47}},{"start":{},"end":{}}],"line":191},"45":{"loc":{"start":{"line":191,"column":6},"end":{"line":191,"column":36}},"type":"binary-expr","locations":[{"start":{"line":191,"column":6},"end":{"line":191,"column":8}},{"start":{"line":191,"column":12},"end":{"line":191,"column":36}}],"line":191},"46":{"loc":{"start":{"line":194,"column":4},"end":{"line":202,"column":5}},"type":"if","locations":[{"start":{"line":194,"column":4},"end":{"line":202,"column":5}},{"start":{},"end":{}}],"line":194},"47":{"loc":{"start":{"line":195,"column":6},"end":{"line":197,"column":44}},"type":"binary-expr","locations":[{"start":{"line":195,"column":6},"end":{"line":195,"column":40}},{"start":{"line":196,"column":6},"end":{"line":196,"column":34}},{"start":{"line":197,"column":6},"end":{"line":197,"column":44}}],"line":195},"48":{"loc":{"start":{"line":211,"column":14},"end":{"line":211,"column":89}},"type":"binary-expr","locations":[{"start":{"line":211,"column":14},"end":{"line":211,"column":27}},{"start":{"line":211,"column":31},"end":{"line":211,"column":45}},{"start":{"line":211,"column":49},"end":{"line":211,"column":59}},{"start":{"line":211,"column":63},"end":{"line":211,"column":75}},{"start":{"line":211,"column":79},"end":{"line":211,"column":89}}],"line":211},"49":{"loc":{"start":{"line":213,"column":2},"end":{"line":216,"column":3}},"type":"if","locations":[{"start":{"line":213,"column":2},"end":{"line":216,"column":3}},{"start":{},"end":{}}],"line":213},"50":{"loc":{"start":{"line":213,"column":6},"end":{"line":213,"column":39}},"type":"binary-expr","locations":[{"start":{"line":213,"column":6},"end":{"line":213,"column":8}},{"start":{"line":213,"column":12},"end":{"line":213,"column":39}}],"line":213},"51":{"loc":{"start":{"line":214,"column":47},"end":{"line":214,"column":70}},"type":"binary-expr","locations":[{"start":{"line":214,"column":47},"end":{"line":214,"column":57}},{"start":{"line":214,"column":61},"end":{"line":214,"column":70}}],"line":214},"52":{"loc":{"start":{"line":215,"column":4},"end":{"line":215,"column":38}},"type":"if","locations":[{"start":{"line":215,"column":4},"end":{"line":215,"column":38}},{"start":{},"end":{}}],"line":215},"53":{"loc":{"start":{"line":217,"column":2},"end":{"line":217,"column":77}},"type":"if","locations":[{"start":{"line":217,"column":2},"end":{"line":217,"column":77}},{"start":{},"end":{}}],"line":217},"54":{"loc":{"start":{"line":217,"column":6},"end":{"line":217,"column":39}},"type":"binary-expr","locations":[{"start":{"line":217,"column":6},"end":{"line":217,"column":8}},{"start":{"line":217,"column":12},"end":{"line":217,"column":39}}],"line":217},"55":{"loc":{"start":{"line":222,"column":14},"end":{"line":222,"column":47}},"type":"binary-expr","locations":[{"start":{"line":222,"column":14},"end":{"line":222,"column":28}},{"start":{"line":222,"column":32},"end":{"line":222,"column":47}}],"line":222},"56":{"loc":{"start":{"line":224,"column":2},"end":{"line":229,"column":3}},"type":"if","locations":[{"start":{"line":224,"column":2},"end":{"line":229,"column":3}},{"start":{},"end":{}}],"line":224},"57":{"loc":{"start":{"line":226,"column":13},"end":{"line":226,"column":93}},"type":"binary-expr","locations":[{"start":{"line":226,"column":13},"end":{"line":226,"column":46}},{"start":{"line":226,"column":50},"end":{"line":226,"column":93}}],"line":226},"58":{"loc":{"start":{"line":228,"column":4},"end":{"line":228,"column":61}},"type":"if","locations":[{"start":{"line":228,"column":4},"end":{"line":228,"column":61}},{"start":{},"end":{}}],"line":228},"59":{"loc":{"start":{"line":234,"column":2},"end":{"line":234,"column":62}},"type":"if","locations":[{"start":{"line":234,"column":2},"end":{"line":234,"column":62}},{"start":{},"end":{}}],"line":234},"60":{"loc":{"start":{"line":234,"column":6},"end":{"line":234,"column":45}},"type":"binary-expr","locations":[{"start":{"line":234,"column":6},"end":{"line":234,"column":14}},{"start":{"line":234,"column":18},"end":{"line":234,"column":45}}],"line":234},"61":{"loc":{"start":{"line":235,"column":2},"end":{"line":235,"column":52}},"type":"if","locations":[{"start":{"line":235,"column":2},"end":{"line":235,"column":52}},{"start":{},"end":{}}],"line":235},"62":{"loc":{"start":{"line":236,"column":2},"end":{"line":236,"column":78}},"type":"if","locations":[{"start":{"line":236,"column":2},"end":{"line":236,"column":78}},{"start":{},"end":{}}],"line":236},"63":{"loc":{"start":{"line":236,"column":6},"end":{"line":236,"column":56}},"type":"binary-expr","locations":[{"start":{"line":236,"column":6},"end":{"line":236,"column":18}},{"start":{"line":236,"column":22},"end":{"line":236,"column":56}}],"line":236},"64":{"loc":{"start":{"line":242,"column":2},"end":{"line":242,"column":63}},"type":"if","locations":[{"start":{"line":242,"column":2},"end":{"line":242,"column":63}},{"start":{},"end":{}}],"line":242},"65":{"loc":{"start":{"line":242,"column":6},"end":{"line":242,"column":46}},"type":"binary-expr","locations":[{"start":{"line":242,"column":6},"end":{"line":242,"column":13}},{"start":{"line":242,"column":17},"end":{"line":242,"column":46}}],"line":242},"66":{"loc":{"start":{"line":253,"column":2},"end":{"line":253,"column":44}},"type":"if","locations":[{"start":{"line":253,"column":2},"end":{"line":253,"column":44}},{"start":{},"end":{}}],"line":253}},"s":{"0":1,"1":1,"2":1,"3":22,"4":1,"5":22,"6":0,"7":0,"8":0,"9":0,"10":0,"11":0,"12":0,"13":0,"14":0,"15":0,"16":0,"17":0,"18":7,"19":1,"20":6,"21":6,"22":0,"23":0,"24":0,"25":2,"26":2,"27":2,"28":1,"29":1,"30":1,"31":1,"32":0,"33":1,"34":1,"35":1,"36":1,"37":1,"38":0,"39":1,"40":0,"41":1,"42":1,"43":1,"44":0,"45":1,"46":1,"47":1,"48":0,"49":1,"50":1,"51":0,"52":1,"53":1,"54":1,"55":1,"56":0,"57":1,"58":1,"59":1,"60":1,"61":0,"62":1,"63":1,"64":1,"65":1,"66":0,"67":0,"68":0,"69":0,"70":0,"71":0,"72":0,"73":0,"74":0,"75":0,"76":0,"77":0,"78":0,"79":0,"80":0,"81":0,"82":0,"83":0,"84":0,"85":6,"86":6,"87":2,"88":4,"89":1,"90":3,"91":3,"92":3,"93":0,"94":3,"95":1,"96":1,"97":1,"98":1,"99":0,"100":0,"101":0,"102":0,"103":0,"104":0,"105":3,"106":2,"107":2,"108":1,"109":1,"110":1,"111":1,"112":0,"113":1,"114":1,"115":1,"116":1,"117":0,"118":0,"119":0,"120":0,"121":0,"122":0,"123":0,"124":0,"125":0,"126":0,"127":0,"128":0,"129":0,"130":0,"131":0,"132":0,"133":0,"134":0,"135":0,"136":0,"137":0,"138":0,"139":0,"140":0,"141":0,"142":0,"143":0,"144":0,"145":0,"146":0,"147":0,"148":0,"149":0,"150":0,"151":0,"152":0,"153":0,"154":0,"155":0,"156":0,"157":0,"158":0,"159":0,"160":0,"161":0},"f":{"0":22,"1":22,"2":0,"3":0,"4":7,"5":2,"6":1,"7":1,"8":0,"9":6,"10":1,"11":0,"12":0,"13":0,"14":0,"15":0,"16":0,"17":0,"18":0,"19":0},"b":{"0":[22,0],"1":[0,0],"2":[0,0],"3":[0,0],"4":[0,0,0,0],"5":[1,6],"6":[6,0],"7":[0,0],"8":[0,0],"9":[1,1],"10":[1,1],"11":[0,1],"12":[1,0],"13":[1,0],"14":[0,1],"15":[0,1],"16":[1,0],"17":[1,0],"18":[0,1],"19":[1,1],"20":[0,1],"21":[1,0],"22":[1,0],"23":[0,1],"24":[1,1],"25":[0,0],"26":[0,0],"27":[0,0],"28":[0,0],"29":[0,0],"30":[0,0],"31":[0,0],"32":[2,4],"33":[1,3],"34":[0,3],"35":[1,0],"36":[1,1],"37":[0,0],"38":[0,0],"39":[2,1],"40":[1,1],"41":[0,1],"42":[1,0],"43":[1,0],"44":[0,0],"45":[0,0],"46":[0,0],"47":[0,0,0],"48":[0,0,0,0,0],"49":[0,0],"50":[0,0],"51":[0,0],"52":[0,0],"53":[0,0],"54":[0,0],"55":[0,0],"56":[0,0],"57":[0,0],"58":[0,0],"59":[0,0],"60":[0,0],"61":[0,0],"62":[0,0],"63":[0,0],"64":[0,0],"65":[0,0],"66":[0,0]},"_coverageSchema":"1a1c01bbd47fc00a2c39e90264f33305004495a9","hash":"610a05e76a0b8a87311d80cc9a65efce45a8afa5"}
,"/Users/user/Desktop/диплом/MobileEmployee/src/utils/syncflowList.js": {"path":"/Users/user/Desktop/диплом/MobileEmployee/src/utils/syncflowList.js","statementMap":{"0":{"start":{"line":6,"column":2},"end":{"line":6,"column":29}},"1":{"start":{"line":6,"column":19},"end":{"line":6,"column":29}},"2":{"start":{"line":7,"column":2},"end":{"line":7,"column":37}},"3":{"start":{"line":7,"column":26},"end":{"line":7,"column":37}},"4":{"start":{"line":8,"column":2},"end":{"line":8,"column":41}},"5":{"start":{"line":8,"column":31},"end":{"line":8,"column":41}},"6":{"start":{"line":9,"column":2},"end":{"line":9,"column":53}},"7":{"start":{"line":9,"column":34},"end":{"line":9,"column":53}},"8":{"start":{"line":10,"column":2},"end":{"line":10,"column":47}},"9":{"start":{"line":10,"column":31},"end":{"line":10,"column":47}},"10":{"start":{"line":11,"column":2},"end":{"line":11,"column":49}},"11":{"start":{"line":11,"column":32},"end":{"line":11,"column":49}},"12":{"start":{"line":12,"column":2},"end":{"line":12,"column":53}},"13":{"start":{"line":12,"column":34},"end":{"line":12,"column":53}},"14":{"start":{"line":13,"column":2},"end":{"line":17,"column":3}},"15":{"start":{"line":14,"column":4},"end":{"line":16,"column":5}},"16":{"start":{"line":15,"column":6},"end":{"line":15,"column":37}},"17":{"start":{"line":15,"column":28},"end":{"line":15,"column":37}},"18":{"start":{"line":18,"column":2},"end":{"line":18,"column":12}}},"fnMap":{"0":{"name":"unwrapSyncflowList","decl":{"start":{"line":5,"column":16},"end":{"line":5,"column":34}},"loc":{"start":{"line":5,"column":40},"end":{"line":19,"column":1}},"line":5}},"branchMap":{"0":{"loc":{"start":{"line":6,"column":2},"end":{"line":6,"column":29}},"type":"if","locations":[{"start":{"line":6,"column":2},"end":{"line":6,"column":29}},{"start":{},"end":{}}],"line":6},"1":{"loc":{"start":{"line":7,"column":2},"end":{"line":7,"column":37}},"type":"if","locations":[{"start":{"line":7,"column":2},"end":{"line":7,"column":37}},{"start":{},"end":{}}],"line":7},"2":{"loc":{"start":{"line":8,"column":2},"end":{"line":8,"column":41}},"type":"if","locations":[{"start":{"line":8,"column":2},"end":{"line":8,"column":41}},{"start":{},"end":{}}],"line":8},"3":{"loc":{"start":{"line":9,"column":2},"end":{"line":9,"column":53}},"type":"if","locations":[{"start":{"line":9,"column":2},"end":{"line":9,"column":53}},{"start":{},"end":{}}],"line":9},"4":{"loc":{"start":{"line":10,"column":2},"end":{"line":10,"column":47}},"type":"if","locations":[{"start":{"line":10,"column":2},"end":{"line":10,"column":47}},{"start":{},"end":{}}],"line":10},"5":{"loc":{"start":{"line":11,"column":2},"end":{"line":11,"column":49}},"type":"if","locations":[{"start":{"line":11,"column":2},"end":{"line":11,"column":49}},{"start":{},"end":{}}],"line":11},"6":{"loc":{"start":{"line":12,"column":2},"end":{"line":12,"column":53}},"type":"if","locations":[{"start":{"line":12,"column":2},"end":{"line":12,"column":53}},{"start":{},"end":{}}],"line":12},"7":{"loc":{"start":{"line":13,"column":2},"end":{"line":17,"column":3}},"type":"if","locations":[{"start":{"line":13,"column":2},"end":{"line":17,"column":3}},{"start":{},"end":{}}],"line":13},"8":{"loc":{"start":{"line":13,"column":6},"end":{"line":13,"column":56}},"type":"binary-expr","locations":[{"start":{"line":13,"column":6},"end":{"line":13,"column":19}},{"start":{"line":13,"column":23},"end":{"line":13,"column":56}}],"line":13},"9":{"loc":{"start":{"line":15,"column":6},"end":{"line":15,"column":37}},"type":"if","locations":[{"start":{"line":15,"column":6},"end":{"line":15,"column":37}},{"start":{},"end":{}}],"line":15}},"s":{"0":14,"1":2,"2":12,"3":5,"4":7,"5":1,"6":6,"7":2,"8":4,"9":1,"10":3,"11":1,"12":2,"13":1,"14":1,"15":1,"16":1,"17":1,"18":0},"f":{"0":14},"b":{"0":[2,12],"1":[5,7],"2":[1,6],"3":[2,4],"4":[1,3],"5":[1,2],"6":[1,1],"7":[1,0],"8":[1,1],"9":[1,0]},"_coverageSchema":"1a1c01bbd47fc00a2c39e90264f33305004495a9","hash":"2df20a602e89a460a88818d351aeee1bf9244ee2"}
}
