TN:
SF:src/config/runtimeConfig.js
FNF:0
FNH:0
DA:3,1
DA:6,1
DA:10,1
DA:14,1
LF:4
LH:4
BRDA:3,0,0,1
BRDA:3,0,1,0
BRDA:6,1,0,1
BRDA:6,1,1,0
BRDA:10,2,0,0
BRDA:10,2,1,1
BRDA:10,3,0,1
BRDA:10,3,1,0
BRDA:16,4,0,1
BRDA:16,4,1,0
BRDA:20,5,0,1
BRDA:20,5,1,0
BRDA:22,6,0,1
BRDA:22,6,1,0
BRF:14
BRH:7
end_of_record
TN:
SF:src/constants/passwordRecovery.js
FN:15,pickServerMessage
FNF:1
FNH:1
FNDA:5,pickServerMessage
DA:2,4
DA:7,4
DA:8,4
DA:9,4
DA:12,4
DA:13,4
DA:16,5
DA:17,5
LF:8
LH:8
BRDA:17,0,0,3
BRDA:17,0,1,2
BRDA:17,1,0,5
BRDA:17,1,1,3
BRF:4
BRH:4
end_of_record
TN:
SF:src/constants/theme.js
FN:16,(anonymous_0)
FN:134,(anonymous_1)
FN:178,(anonymous_2)
FNF:3
FNH:0
FNDA:0,(anonymous_0)
FNDA:0,(anonymous_1)
FNDA:0,(anonymous_2)
DA:5,0
DA:6,0
DA:9,0
DA:16,0
DA:45,0
DA:54,0
DA:67,0
DA:134,0
DA:135,0
DA:136,0
DA:175,0
DA:178,0
DA:179,0
LF:13
LH:0
BRDA:16,0,0,0
BRDA:17,1,0,0
BRDA:17,1,1,0
BRDA:18,2,0,0
BRDA:18,2,1,0
BRDA:19,3,0,0
BRDA:19,3,1,0
BRDA:20,4,0,0
BRDA:20,4,1,0
BRDA:21,5,0,0
BRDA:21,5,1,0
BRDA:22,6,0,0
BRDA:22,6,1,0
BRDA:23,7,0,0
BRDA:23,7,1,0
BRDA:25,8,0,0
BRDA:25,8,1,0
BRDA:26,9,0,0
BRDA:26,9,1,0
BRDA:27,10,0,0
BRDA:27,10,1,0
BRDA:28,11,0,0
BRDA:28,11,1,0
BRDA:29,12,0,0
BRDA:29,12,1,0
BRDA:31,13,0,0
BRDA:31,13,1,0
BRDA:32,14,0,0
BRDA:32,14,1,0
BRDA:33,15,0,0
BRDA:33,15,1,0
BRDA:34,16,0,0
BRDA:34,16,1,0
BRDA:37,17,0,0
BRDA:37,17,1,0
BRDA:39,18,0,0
BRDA:39,18,1,0
BRDA:42,19,0,0
BRDA:42,19,1,0
BRDA:134,20,0,0
BRDA:135,21,0,0
BRDA:135,21,1,0
BRDA:140,22,0,0
BRDA:140,22,1,0
BRDA:147,23,0,0
BRDA:147,23,1,0
BRDA:154,24,0,0
BRDA:154,24,1,0
BRDA:161,25,0,0
BRDA:161,25,1,0
BRDA:168,26,0,0
BRDA:168,26,1,0
BRDA:178,27,0,0
BRDA:179,28,0,0
BRDA:179,28,1,0
BRF:55
BRH:0
end_of_record
TN:
SF:src/constants/venue.js
FNF:0
FNH:0
DA:2,1
DA:3,1
DA:4,1
LF:3
LH:3
BRF:0
BRH:0
end_of_record
TN:
SF:src/hooks/useCheckoutFlow.js
FN:6,preorderNoteFromDetailedItem
FN:10,(anonymous_1)
FN:15,useCheckoutFlow
FN:30,(anonymous_3)
FN:31,(anonymous_4)
FN:32,(anonymous_5)
FN:34,(anonymous_6)
FN:36,(anonymous_7)
FN:57,(anonymous_8)
FN:155,(anonymous_9)
FN:171,(anonymous_10)
FN:172,(anonymous_11)
FN:235,(anonymous_12)
FN:247,(anonymous_13)
FNF:14
FNH:0
FNDA:0,preorderNoteFromDetailedItem
FNDA:0,(anonymous_1)
FNDA:0,useCheckoutFlow
FNDA:0,(anonymous_3)
FNDA:0,(anonymous_4)
FNDA:0,(anonymous_5)
FNDA:0,(anonymous_6)
FNDA:0,(anonymous_7)
FNDA:0,(anonymous_8)
FNDA:0,(anonymous_9)
FNDA:0,(anonymous_10)
FNDA:0,(anonymous_11)
FNDA:0,(anonymous_12)
FNDA:0,(anonymous_13)
DA:7,0
DA:8,0
DA:9,0
DA:10,0
DA:26,0
DA:27,0
DA:29,0
DA:31,0
DA:32,0
DA:33,0
DA:34,0
DA:35,0
DA:36,0
DA:39,0
DA:44,0
DA:56,0
DA:58,0
DA:59,0
DA:60,0
DA:61,0
DA:64,0
DA:65,0
DA:66,0
DA:67,0
DA:80,0
DA:87,0
DA:88,0
DA:90,0
DA:96,0
DA:102,0
DA:103,0
DA:108,0
DA:115,0
DA:116,0
DA:121,0
DA:127,0
DA:128,0
DA:134,0
DA:135,0
DA:137,0
DA:140,0
DA:141,0
DA:142,0
DA:143,0
DA:145,0
DA:148,0
DA:154,0
DA:156,0
DA:157,0
DA:158,0
DA:159,0
DA:163,0
DA:164,0
DA:165,0
DA:166,0
DA:168,0
DA:169,0
DA:170,0
DA:171,0
DA:172,0
DA:177,0
DA:178,0
DA:182,0
DA:184,0
DA:186,0
DA:188,0
DA:189,0
DA:191,0
DA:192,0
DA:193,0
DA:194,0
DA:197,0
DA:198,0
DA:199,0
DA:200,0
DA:211,0
DA:213,0
DA:215,0
DA:216,0
DA:218,0
DA:219,0
DA:220,0
DA:221,0
DA:223,0
DA:225,0
DA:227,0
DA:228,0
DA:229,0
DA:235,0
DA:236,0
DA:237,0
DA:238,0
DA:239,0
DA:240,0
DA:241,0
DA:243,0
DA:247,0
DA:248,0
DA:249,0
DA:250,0
DA:253,0
LF:101
LH:0
BRDA:7,0,0,0
BRDA:7,0,1,0
BRDA:8,1,0,0
BRDA:8,1,1,0
BRDA:10,2,0,0
BRDA:10,2,1,0
BRDA:10,3,0,0
BRDA:10,3,1,0
BRDA:33,4,0,0
BRDA:33,4,1,0
BRDA:34,5,0,0
BRDA:34,5,1,0
BRDA:35,6,0,0
BRDA:35,6,1,0
BRDA:36,7,0,0
BRDA:36,7,1,0
BRDA:37,8,0,0
BRDA:37,8,1,0
BRDA:39,9,0,0
BRDA:39,9,1,0
BRDA:41,10,0,0
BRDA:41,10,1,0
BRDA:46,11,0,0
BRDA:46,11,1,0
BRDA:48,12,0,0
BRDA:48,12,1,0
BRDA:57,13,0,0
BRDA:59,14,0,0
BRDA:59,14,1,0
BRDA:72,15,0,0
BRDA:72,15,1,0
BRDA:75,16,0,0
BRDA:75,16,1,0
BRDA:77,17,0,0
BRDA:77,17,1,0
BRDA:78,18,0,0
BRDA:78,18,1,0
BRDA:80,19,0,0
BRDA:80,19,1,0
BRDA:81,20,0,0
BRDA:81,20,1,0
BRDA:81,20,2,0
BRDA:81,20,3,0
BRDA:81,20,4,0
BRDA:92,21,0,0
BRDA:92,21,1,0
BRDA:96,22,0,0
BRDA:96,22,1,0
BRDA:97,23,0,0
BRDA:97,23,1,0
BRDA:97,23,2,0
BRDA:97,23,3,0
BRDA:108,24,0,0
BRDA:108,24,1,0
BRDA:109,25,0,0
BRDA:109,25,1,0
BRDA:109,25,2,0
BRDA:109,25,3,0
BRDA:109,25,4,0
BRDA:111,26,0,0
BRDA:111,26,1,0
BRDA:123,27,0,0
BRDA:123,27,1,0
BRDA:128,28,0,0
BRDA:128,28,1,0
BRDA:129,29,0,0
BRDA:129,29,1,0
BRDA:129,29,2,0
BRDA:129,29,3,0
BRDA:142,30,0,0
BRDA:142,30,1,0
BRDA:142,31,0,0
BRDA:142,31,1,0
BRDA:148,32,0,0
BRDA:148,32,1,0
BRDA:161,33,0,0
BRDA:161,33,1,0
BRDA:163,34,0,0
BRDA:163,34,1,0
BRDA:168,35,0,0
BRDA:168,35,1,0
BRDA:168,36,0,0
BRDA:168,36,1,0
BRDA:171,37,0,0
BRDA:171,37,1,0
BRDA:177,38,0,0
BRDA:177,38,1,0
BRDA:186,39,0,0
BRDA:186,39,1,0
BRDA:197,40,0,0
BRDA:197,40,1,0
BRDA:197,41,0,0
BRDA:197,41,1,0
BRDA:197,41,2,0
BRDA:203,42,0,0
BRDA:203,42,1,0
BRDA:205,43,0,0
BRDA:205,43,1,0
BRDA:206,44,0,0
BRDA:206,44,1,0
BRDA:213,45,0,0
BRDA:213,45,1,0
BRDA:220,46,0,0
BRDA:220,46,1,0
BRDA:220,47,0,0
BRDA:220,47,1,0
BRDA:227,48,0,0
BRDA:227,48,1,0
BRDA:236,49,0,0
BRDA:236,49,1,0
BRDA:243,50,0,0
BRDA:243,50,1,0
BRF:112
BRH:0
end_of_record
TN:
SF:src/hooks/useDebouncedValue.js
FN:3,useDebouncedValue
FN:6,(anonymous_1)
FN:7,(anonymous_2)
FN:8,(anonymous_3)
FNF:4
FNH:4
FNDA:3,useDebouncedValue
FNDA:2,(anonymous_1)
FNDA:1,(anonymous_2)
FNDA:1,(anonymous_3)
DA:4,3
DA:6,3
DA:7,2
DA:8,2
DA:11,3
LF:5
LH:5
BRDA:3,0,0,0
BRF:1
BRH:0
end_of_record
TN:
SF:src/hooks/useNetworkRecovery.js
FN:9,useNetworkRecovery
FN:13,(anonymous_1)
FN:19,(anonymous_2)
FN:22,(anonymous_3)
FN:39,(anonymous_4)
FN:57,(anonymous_5)
FN:58,(anonymous_6)
FN:74,(anonymous_7)
FN:74,(anonymous_8)
FNF:9
FNH:0
FNDA:0,useNetworkRecovery
FNDA:0,(anonymous_1)
FNDA:0,(anonymous_2)
FNDA:0,(anonymous_3)
FNDA:0,(anonymous_4)
FNDA:0,(anonymous_5)
FNDA:0,(anonymous_6)
FNDA:0,(anonymous_7)
FNDA:0,(anonymous_8)
DA:5,0
DA:7,0
DA:10,0
DA:11,0
DA:13,0
DA:14,0
DA:15,0
DA:16,0
DA:19,0
DA:20,0
DA:21,0
DA:22,0
DA:23,0
DA:24,0
DA:25,0
DA:27,0
DA:28,0
DA:29,0
DA:30,0
DA:31,0
DA:38,0
DA:40,0
DA:41,0
DA:43,0
DA:44,0
DA:45,0
DA:46,0
DA:47,0
DA:49,0
DA:52,0
DA:57,0
DA:58,0
DA:59,0
DA:60,0
DA:61,0
DA:63,0
DA:64,0
DA:65,0
DA:66,0
DA:67,0
DA:70,0
DA:73,0
DA:74,0
DA:75,0
DA:80,0
LF:45
LH:0
BRDA:14,0,0,0
BRDA:14,0,1,0
BRDA:20,1,0,0
BRDA:20,1,1,0
BRDA:23,2,0,0
BRDA:23,2,1,0
BRDA:40,3,0,0
BRDA:40,3,1,0
BRDA:41,4,0,0
BRDA:41,4,1,0
BRDA:43,5,0,0
BRDA:43,5,1,0
BRDA:44,6,0,0
BRDA:44,6,1,0
BRDA:59,7,0,0
BRDA:59,7,1,0
BRDA:63,8,0,0
BRDA:63,8,1,0
BRDA:64,9,0,0
BRDA:64,9,1,0
BRF:20
BRH:0
end_of_record
TN:
SF:src/hooks/usePasswordRecovery.js
FN:20,usePasswordRecovery
FN:34,(anonymous_1)
FN:45,(anonymous_2)
FN:53,(anonymous_3)
FN:65,(anonymous_4)
FN:103,(anonymous_5)
FN:139,(anonymous_6)
FNF:7
FNH:7
FNDA:19,usePasswordRecovery
FNDA:2,(anonymous_1)
FNDA:2,(anonymous_2)
FNDA:1,(anonymous_3)
FNDA:3,(anonymous_4)
FNDA:2,(anonymous_5)
FNDA:1,(anonymous_6)
DA:15,1
DA:21,19
DA:22,19
DA:23,19
DA:24,19
DA:25,19
DA:26,19
DA:27,19
DA:28,19
DA:29,19
DA:31,19
DA:32,19
DA:34,19
DA:35,2
DA:36,2
DA:37,2
DA:38,2
DA:39,2
DA:40,2
DA:41,2
DA:42,2
DA:45,19
DA:46,2
DA:47,2
DA:48,2
DA:49,2
DA:50,2
DA:53,19
DA:54,1
DA:55,1
DA:56,1
DA:57,1
DA:58,1
DA:59,1
DA:60,1
DA:61,1
DA:62,1
DA:65,19
DA:66,3
DA:67,3
DA:68,1
DA:71,1
DA:73,2
DA:74,2
DA:75,2
DA:76,2
DA:77,2
DA:78,2
DA:79,2
DA:80,2
DA:81,2
DA:82,2
DA:83,2
DA:84,1
DA:85,1
DA:86,1
DA:93,1
DA:94,0
DA:96,2
DA:97,2
DA:98,1
DA:103,19
DA:104,2
DA:105,2
DA:106,0
DA:109,0
DA:111,2
DA:112,1
DA:113,1
DA:115,1
DA:116,0
DA:117,0
DA:119,1
DA:120,0
DA:121,0
DA:123,1
DA:124,1
DA:125,1
DA:126,1
DA:127,1
DA:128,1
DA:129,1
DA:130,1
DA:136,1
DA:137,1
DA:138,1
DA:139,1
DA:140,1
DA:143,0
DA:144,0
DA:146,1
DA:147,1
DA:148,1
DA:161,19
LF:94
LH:85
BRDA:55,0,0,1
BRDA:55,0,1,0
BRDA:67,1,0,1
BRDA:67,1,1,2
BRDA:84,2,0,0
BRDA:84,2,1,1
BRDA:93,3,0,1
BRDA:93,3,1,0
BRDA:97,4,0,1
BRDA:97,4,1,1
BRDA:105,5,0,0
BRDA:105,5,1,2
BRDA:111,6,0,1
BRDA:111,6,1,1
BRDA:115,7,0,0
BRDA:115,7,1,1
BRDA:115,8,0,1
BRDA:115,8,1,1
BRDA:119,9,0,0
BRDA:119,9,1,1
BRDA:136,10,0,0
BRDA:136,10,1,1
BRDA:143,11,0,0
BRDA:143,11,1,0
BRDA:147,12,0,1
BRDA:147,12,1,0
BRF:26
BRH:16
end_of_record
TN:
SF:src/hooks/useTabSwipeNavigation.js
FN:4,useTabSwipeNavigation
FN:22,(anonymous_1)
FN:31,(anonymous_2)
FN:36,(anonymous_3)
FN:42,(anonymous_4)
FN:98,(anonymous_5)
FN:110,(anonymous_6)
FN:114,(anonymous_7)
FN:121,(anonymous_8)
FN:128,(anonymous_9)
FN:134,(anonymous_10)
FN:138,(anonymous_11)
FN:145,(anonymous_12)
FN:152,(anonymous_13)
FNF:14
FNH:0
FNDA:0,useTabSwipeNavigation
FNDA:0,(anonymous_1)
FNDA:0,(anonymous_2)
FNDA:0,(anonymous_3)
FNDA:0,(anonymous_4)
FNDA:0,(anonymous_5)
FNDA:0,(anonymous_6)
FNDA:0,(anonymous_7)
FNDA:0,(anonymous_8)
FNDA:0,(anonymous_9)
FNDA:0,(anonymous_10)
FNDA:0,(anonymous_11)
FNDA:0,(anonymous_12)
FNDA:0,(anonymous_13)
DA:16,0
DA:17,0
DA:18,0
DA:19,0
DA:20,0
DA:21,0
DA:23,0
DA:24,0
DA:25,0
DA:26,0
DA:31,0
DA:32,0
DA:33,0
DA:36,0
DA:37,0
DA:38,0
DA:41,0
DA:43,0
DA:45,0
DA:46,0
DA:47,0
DA:48,0
DA:49,0
DA:50,0
DA:51,0
DA:73,0
DA:74,0
DA:75,0
DA:76,0
DA:77,0
DA:79,0
DA:80,0
DA:81,0
DA:97,0
DA:99,0
DA:100,0
DA:101,0
DA:102,0
DA:103,0
DA:108,0
DA:111,0
DA:112,0
DA:115,0
DA:116,0
DA:117,0
DA:118,0
DA:119,0
DA:122,0
DA:123,0
DA:124,0
DA:125,0
DA:132,0
DA:135,0
DA:136,0
DA:139,0
DA:140,0
DA:141,0
DA:142,0
DA:143,0
DA:146,0
DA:147,0
DA:148,0
DA:149,0
DA:156,0
LF:64
LH:0
BRDA:19,0,0,0
BRDA:19,0,1,0
BRDA:19,0,2,0
BRDA:19,0,3,0
BRDA:24,1,0,0
BRDA:24,1,1,0
BRDA:25,2,0,0
BRDA:25,2,1,0
BRDA:25,3,0,0
BRDA:25,3,1,0
BRDA:37,4,0,0
BRDA:37,4,1,0
BRDA:45,5,0,0
BRDA:45,5,1,0
BRDA:45,5,2,0
BRDA:45,5,3,0
BRDA:46,6,0,0
BRDA:46,6,1,0
BRDA:46,7,0,0
BRDA:46,7,1,0
BRDA:100,8,0,0
BRDA:100,8,1,0
BRDA:102,9,0,0
BRDA:102,9,1,0
BRDA:102,10,0,0
BRDA:102,10,1,0
BRDA:111,11,0,0
BRDA:111,11,1,0
BRDA:115,12,0,0
BRDA:115,12,1,0
BRDA:118,13,0,0
BRDA:118,13,1,0
BRDA:119,14,0,0
BRDA:119,14,1,0
BRDA:122,15,0,0
BRDA:122,15,1,0
BRDA:124,16,0,0
BRDA:124,16,1,0
BRDA:124,17,0,0
BRDA:124,17,1,0
BRDA:135,18,0,0
BRDA:135,18,1,0
BRDA:139,19,0,0
BRDA:139,19,1,0
BRDA:142,20,0,0
BRDA:142,20,1,0
BRDA:143,21,0,0
BRDA:143,21,1,0
BRDA:146,22,0,0
BRDA:146,22,1,0
BRDA:148,23,0,0
BRDA:148,23,1,0
BRDA:148,24,0,0
BRDA:148,24,1,0
BRF:54
BRH:0
end_of_record
TN:
SF:src/hooks/useToastManager.js
FN:5,useToastManager
FN:9,(anonymous_1)
FN:15,(anonymous_2)
FN:16,(anonymous_3)
FN:22,(anonymous_4)
FN:22,(anonymous_5)
FNF:6
FNH:0
FNDA:0,useToastManager
FNDA:0,(anonymous_1)
FNDA:0,(anonymous_2)
FNDA:0,(anonymous_3)
FNDA:0,(anonymous_4)
FNDA:0,(anonymous_5)
DA:3,0
DA:6,0
DA:7,0
DA:9,0
DA:10,0
DA:11,0
DA:12,0
DA:14,0
DA:15,0
DA:16,0
DA:17,0
DA:21,0
DA:22,0
DA:23,0
DA:24,0
DA:25,0
DA:31,0
LF:17
LH:0
BRDA:10,0,0,0
BRDA:10,0,1,0
BRDA:14,1,0,0
BRDA:14,1,1,0
BRDA:23,2,0,0
BRDA:23,2,1,0
BRF:6
BRH:0
end_of_record
TN:
SF:src/navigation/screenIds.js
FN:9,isOverlayScreen
FNF:1
FNH:1
FNDA:2,isOverlayScreen
DA:2,1
DA:5,1
DA:7,1
DA:10,2
LF:4
LH:4
BRF:0
BRH:0
end_of_record
TN:
SF:src/services/authSessionStorage.js
FN:5,readAuthSession
FN:15,writeAuthSession
FN:23,patchAuthSession
FNF:3
FNH:3
FNDA:3,readAuthSession
FNDA:5,writeAuthSession
FNDA:1,patchAuthSession
DA:3,2
DA:6,3
DA:7,3
DA:8,3
DA:9,2
DA:11,0
DA:16,5
DA:17,1
DA:18,1
DA:20,4
DA:24,1
DA:25,1
DA:26,1
DA:27,1
LF:14
LH:13
BRDA:8,0,0,1
BRDA:8,0,1,2
BRDA:16,1,0,1
BRDA:16,1,1,4
BRDA:24,2,0,1
BRDA:24,2,1,0
BRF:6
BRH:5
end_of_record
TN:
SF:src/services/httpClient.js
FN:4,toUserMessage
FN:28,sleep
FN:29,(anonymous_2)
FN:32,request
FN:43,(anonymous_4)
FNF:5
FNH:4
FNDA:2,toUserMessage
FNDA:2,sleep
FNDA:2,(anonymous_2)
FNDA:3,request
FNDA:0,(anonymous_4)
DA:1,1
DA:2,1
DA:5,2
DA:6,2
DA:7,2
DA:8,2
DA:9,2
DA:10,2
DA:11,0
DA:13,2
DA:19,0
DA:20,0
DA:21,0
DA:22,0
DA:23,0
DA:24,0
DA:25,0
DA:29,2
DA:38,3
DA:41,3
DA:42,5
DA:43,5
DA:45,5
DA:46,5
DA:54,4
DA:56,4
DA:57,2
DA:58,2
DA:59,2
DA:60,2
DA:61,2
DA:62,2
DA:63,2
DA:66,2
DA:68,3
DA:69,3
DA:70,3
DA:71,2
DA:76,1
LF:39
LH:31
BRDA:6,0,0,2
BRDA:6,0,1,0
BRDA:7,1,0,2
BRDA:7,1,1,2
BRDA:8,2,0,2
BRDA:8,2,1,0
BRDA:10,3,0,0
BRDA:10,3,1,2
BRDA:19,4,0,0
BRDA:19,4,1,0
BRDA:20,5,0,0
BRDA:20,5,1,0
BRDA:21,6,0,0
BRDA:21,6,1,0
BRDA:22,7,0,0
BRDA:22,7,1,0
BRDA:23,8,0,0
BRDA:23,8,1,0
BRDA:24,9,0,0
BRDA:24,9,1,0
BRDA:32,10,0,1
BRDA:34,11,0,3
BRDA:35,12,0,2
BRDA:36,13,0,2
BRDA:51,14,0,5
BRDA:51,14,1,5
BRDA:56,15,0,2
BRDA:56,15,1,2
BRDA:62,16,0,2
BRDA:62,16,1,0
BRDA:70,17,0,2
BRDA:70,17,1,1
BRF:32
BRH:16
end_of_record
TN:
SF:src/services/mockApi.js
FN:5,(anonymous_0)
FN:6,(anonymous_1)
FN:7,(anonymous_2)
FN:8,(anonymous_3)
FN:9,(anonymous_4)
FN:10,(anonymous_5)
FN:12,withDelay
FN:13,(anonymous_7)
FN:14,(anonymous_8)
FN:18,normalizePhone
FN:22,readUsers
FN:27,writeUsers
FN:31,appendNotification
FN:45,signIn
FN:52,(anonymous_14)
FN:69,signUp
FN:80,(anonymous_16)
FN:127,updateAccount
FN:130,(anonymous_18)
FN:134,(anonymous_19)
FN:144,(anonymous_20)
FN:158,deleteAccount
FN:160,(anonymous_22)
FN:165,(anonymous_23)
FN:180,getMenu
FN:181,(anonymous_25)
FN:184,getAvailableTables
FNF:27
FNH:14
FNDA:1,(anonymous_0)
FNDA:2,(anonymous_1)
FNDA:0,(anonymous_2)
FNDA:0,(anonymous_3)
FNDA:0,(anonymous_4)
FNDA:0,(anonymous_5)
FNDA:3,withDelay
FNDA:3,(anonymous_7)
FNDA:3,(anonymous_8)
FNDA:2,normalizePhone
FNDA:2,readUsers
FNDA:1,writeUsers
FNDA:1,appendNotification
FNDA:1,signIn
FNDA:1,(anonymous_14)
FNDA:1,signUp
FNDA:0,(anonymous_16)
FNDA:0,updateAccount
FNDA:0,(anonymous_18)
FNDA:0,(anonymous_19)
FNDA:0,(anonymous_20)
FNDA:0,deleteAccount
FNDA:0,(anonymous_22)
FNDA:0,(anonymous_23)
FNDA:1,getMenu
FNDA:22,(anonymous_25)
FNDA:0,getAvailableTables
DA:4,1
DA:5,1
DA:6,2
DA:7,1
DA:8,1
DA:9,1
DA:10,1
DA:13,3
DA:14,3
DA:19,2
DA:23,2
DA:24,2
DA:28,1
DA:32,1
DA:33,1
DA:34,1
DA:42,1
DA:46,1
DA:47,0
DA:50,1
DA:51,1
DA:52,1
DA:53,1
DA:54,0
DA:57,1
DA:70,1
DA:71,0
DA:74,1
DA:75,1
DA:76,0
DA:79,1
DA:80,1
DA:81,1
DA:82,0
DA:85,1
DA:86,1
DA:97,1
DA:98,1
DA:109,1
DA:115,1
DA:128,0
DA:129,0
DA:130,0
DA:131,0
DA:134,0
DA:135,0
DA:144,0
DA:145,0
DA:146,0
DA:148,0
DA:149,0
DA:159,0
DA:160,0
DA:161,0
DA:162,0
DA:165,0
DA:166,0
DA:168,0
DA:177,0
DA:181,22
DA:185,0
LF:61
LH:36
BRDA:7,0,0,0
BRDA:7,0,1,0
BRDA:8,1,0,0
BRDA:8,1,1,0
BRDA:9,2,0,0
BRDA:9,2,1,0
BRDA:10,3,0,0
BRDA:10,3,1,0
BRDA:12,4,0,3
BRDA:19,5,0,2
BRDA:19,5,1,0
BRDA:24,6,0,1
BRDA:24,6,1,1
BRDA:33,7,0,0
BRDA:33,7,1,1
BRDA:46,8,0,0
BRDA:46,8,1,1
BRDA:46,9,0,1
BRDA:46,9,1,1
BRDA:53,10,0,0
BRDA:53,10,1,1
BRDA:53,11,0,1
BRDA:53,11,1,1
BRDA:63,12,0,1
BRDA:63,12,1,0
BRDA:64,13,0,1
BRDA:64,13,1,0
BRDA:70,14,0,0
BRDA:70,14,1,1
BRDA:70,15,0,1
BRDA:70,15,1,1
BRDA:70,15,2,1
BRDA:75,16,0,0
BRDA:75,16,1,1
BRDA:81,17,0,0
BRDA:81,17,1,1
BRDA:129,18,0,0
BRDA:129,18,1,0
BRDA:130,19,0,0
BRDA:130,19,1,0
BRDA:130,20,0,0
BRDA:130,20,1,0
BRDA:130,21,0,0
BRDA:130,21,1,0
BRDA:135,22,0,0
BRDA:135,22,1,0
BRDA:139,23,0,0
BRDA:139,23,1,0
BRDA:140,24,0,0
BRDA:140,24,1,0
BRDA:145,25,0,0
BRDA:145,25,1,0
BRDA:153,26,0,0
BRDA:153,26,1,0
BRDA:154,27,0,0
BRDA:154,27,1,0
BRDA:161,28,0,0
BRDA:161,28,1,0
BRF:58
BRH:19
end_of_record
TN:
SF:src/services/pushToken.js
FN:4,getNativePushToken
FNF:1
FNH:0
FNDA:0,getNativePushToken
DA:5,0
DA:6,0
DA:7,0
DA:8,0
DA:9,0
DA:10,0
DA:12,0
DA:13,0
DA:16,0
DA:17,0
DA:23,0
DA:24,0
DA:25,0
DA:27,0
LF:14
LH:0
BRDA:8,0,0,0
BRDA:8,0,1,0
BRDA:12,1,0,0
BRDA:12,1,1,0
BRDA:16,2,0,0
BRDA:16,2,1,0
BRDA:24,3,0,0
BRDA:24,3,1,0
BRDA:24,3,2,0
BRDA:25,4,0,0
BRDA:25,4,1,0
BRF:11
BRH:0
end_of_record
TN:
SF:src/services/syncflowHttp.js
FN:10,notifyConnection
FN:11,(anonymous_1)
FN:20,markTransportFailure
FN:26,markTransportRecovered
FN:32,subscribeNetworkConnection
FN:33,(anonymous_5)
FN:35,(anonymous_6)
FN:40,pickJsonErrorMessage
FN:43,(anonymous_8)
FN:54,(anonymous_9)
FN:78,toUserMessage
FN:113,apiBase
FN:117,restaurantHeaders
FN:123,normalizeTransportError
FN:145,refreshGuestAccess
FN:147,(anonymous_15)
FN:153,(anonymous_16)
FN:189,syncflowPublicRequest
FN:201,(anonymous_18)
FN:212,(anonymous_19)
FN:263,syncflowGuestRequest
FN:271,(anonymous_21)
FN:274,(anonymous_22)
FNF:23
FNH:5
FNDA:0,notifyConnection
FNDA:0,(anonymous_1)
FNDA:0,markTransportFailure
FNDA:0,markTransportRecovered
FNDA:0,subscribeNetworkConnection
FNDA:0,(anonymous_5)
FNDA:0,(anonymous_6)
FNDA:4,pickJsonErrorMessage
FNDA:2,(anonymous_8)
FNDA:2,(anonymous_9)
FNDA:4,toUserMessage
FNDA:1,apiBase
FNDA:0,restaurantHeaders
FNDA:0,normalizeTransportError
FNDA:0,refreshGuestAccess
FNDA:0,(anonymous_15)
FNDA:0,(anonymous_16)
FNDA:0,syncflowPublicRequest
FNDA:0,(anonymous_18)
FNDA:0,(anonymous_19)
FNDA:0,syncflowGuestRequest
FNDA:0,(anonymous_21)
FNDA:0,(anonymous_22)
DA:5,1
DA:6,1
DA:7,1
DA:8,1
DA:11,0
DA:12,0
DA:13,0
DA:21,0
DA:22,0
DA:23,0
DA:27,0
DA:28,0
DA:29,0
DA:33,0
DA:34,0
DA:35,0
DA:36,0
DA:41,4
DA:42,2
DA:43,2
DA:44,2
DA:45,2
DA:46,0
DA:47,0
DA:48,0
DA:49,0
DA:50,0
DA:52,0
DA:54,2
DA:55,2
DA:56,2
DA:57,0
DA:58,0
DA:60,2
DA:71,2
DA:72,2
DA:73,2
DA:75,0
DA:79,4
DA:80,4
DA:81,4
DA:82,4
DA:83,4
DA:85,0
DA:86,0
DA:87,0
DA:90,4
DA:91,0
DA:92,0
DA:93,0
DA:96,4
DA:97,2
DA:98,1
DA:100,1
DA:102,2
DA:103,2
DA:104,1
DA:105,1
DA:106,1
DA:107,0
DA:108,0
DA:110,0
DA:114,1
DA:118,0
DA:119,0
DA:120,0
DA:124,0
DA:125,0
DA:126,0
DA:127,0
DA:130,0
DA:131,0
DA:132,0
DA:134,0
DA:135,0
DA:136,0
DA:137,0
DA:138,0
DA:140,0
DA:143,1
DA:146,0
DA:147,0
DA:148,0
DA:149,0
DA:150,0
DA:152,0
DA:153,0
DA:154,0
DA:155,0
DA:164,0
DA:165,0
DA:166,0
DA:168,0
DA:169,0
DA:170,0
DA:176,0
DA:177,0
DA:179,0
DA:180,0
DA:183,0
DA:190,0
DA:191,0
DA:192,0
DA:193,0
DA:194,0
DA:195,0
DA:196,0
DA:197,0
DA:199,0
DA:200,0
DA:201,0
DA:203,0
DA:204,0
DA:205,0
DA:207,0
DA:210,0
DA:212,0
DA:213,0
DA:215,0
DA:216,0
DA:225,0
DA:226,0
DA:227,0
DA:228,0
DA:229,0
DA:231,0
DA:232,0
DA:233,0
DA:234,0
DA:235,0
DA:237,0
DA:238,0
DA:239,0
DA:240,0
DA:242,0
DA:243,0
DA:244,0
DA:246,0
DA:247,0
DA:248,0
DA:250,0
DA:252,0
DA:253,0
DA:254,0
DA:264,0
DA:265,0
DA:266,0
DA:267,0
DA:268,0
DA:269,0
DA:271,0
DA:272,0
DA:273,0
DA:274,0
DA:275,0
DA:276,0
DA:281,0
DA:282,0
DA:284,0
DA:289,0
DA:290,0
DA:291,0
DA:293,0
DA:294,0
DA:295,0
DA:297,0
DA:298,0
DA:300,0
DA:302,0
DA:307,0
DA:308,0
DA:309,0
DA:311,0
DA:312,0
DA:313,0
DA:316,0
DA:317,0
DA:318,0
DA:320,0
DA:321,0
DA:322,0
DA:323,0
DA:324,0
DA:326,0
DA:327,0
DA:328,0
DA:329,0
LF:187
LH:33
BRDA:21,0,0,0
BRDA:21,0,1,0
BRDA:27,1,0,0
BRDA:27,1,1,0
BRDA:33,2,0,0
BRDA:33,2,1,0
BRDA:41,3,0,2
BRDA:41,3,1,2
BRDA:41,4,0,4
BRDA:41,4,1,2
BRDA:45,5,0,2
BRDA:45,5,1,0
BRDA:45,6,0,2
BRDA:45,6,1,0
BRDA:47,7,0,0
BRDA:47,7,1,0
BRDA:47,8,0,0
BRDA:47,8,1,0
BRDA:48,9,0,0
BRDA:48,9,1,0
BRDA:48,10,0,0
BRDA:48,10,1,0
BRDA:49,11,0,0
BRDA:49,11,1,0
BRDA:49,11,2,0
BRDA:50,12,0,0
BRDA:50,12,1,0
BRDA:50,13,0,0
BRDA:50,13,1,0
BRDA:56,14,0,2
BRDA:56,14,1,0
BRDA:56,15,0,2
BRDA:56,15,1,0
BRDA:57,16,0,0
BRDA:57,16,1,0
BRDA:58,17,0,0
BRDA:58,17,1,0
BRDA:58,18,0,0
BRDA:58,18,1,0
BRDA:61,19,0,2
BRDA:61,19,1,0
BRDA:62,20,0,0
BRDA:62,20,1,2
BRDA:63,21,0,0
BRDA:63,21,1,2
BRDA:63,22,0,2
BRDA:63,22,1,0
BRDA:64,23,0,0
BRDA:64,23,1,2
BRDA:65,24,0,0
BRDA:65,24,1,2
BRDA:66,25,0,0
BRDA:66,25,1,2
BRDA:67,26,0,0
BRDA:67,26,1,2
BRDA:67,27,0,2
BRDA:67,27,1,0
BRDA:67,28,0,0
BRDA:67,28,1,2
BRDA:72,29,0,2
BRDA:72,29,1,0
BRDA:73,30,0,2
BRDA:73,30,1,0
BRDA:82,31,0,2
BRDA:82,31,1,2
BRDA:85,32,0,0
BRDA:85,32,1,0
BRDA:86,33,0,0
BRDA:86,33,1,0
BRDA:86,34,0,0
BRDA:86,34,1,0
BRDA:86,34,2,0
BRDA:90,35,0,0
BRDA:90,35,1,4
BRDA:90,36,0,4
BRDA:90,36,1,2
BRDA:90,36,2,0
BRDA:92,37,0,0
BRDA:92,37,1,0
BRDA:92,38,0,0
BRDA:92,38,1,0
BRDA:96,39,0,2
BRDA:96,39,1,2
BRDA:97,40,0,1
BRDA:97,40,1,1
BRDA:97,41,0,2
BRDA:97,41,1,1
BRDA:102,42,0,0
BRDA:102,42,1,2
BRDA:103,43,0,1
BRDA:103,43,1,1
BRDA:104,44,0,0
BRDA:104,44,1,1
BRDA:105,45,0,0
BRDA:105,45,1,1
BRDA:106,46,0,1
BRDA:106,46,1,0
BRDA:107,47,0,0
BRDA:107,47,1,0
BRDA:119,48,0,0
BRDA:119,48,1,0
BRDA:124,49,0,0
BRDA:124,49,1,0
BRDA:124,49,2,0
BRDA:125,50,0,0
BRDA:125,50,1,0
BRDA:126,51,0,0
BRDA:126,51,1,0
BRDA:134,52,0,0
BRDA:134,52,1,0
BRDA:146,53,0,0
BRDA:146,53,1,0
BRDA:149,54,0,0
BRDA:149,54,1,0
BRDA:165,55,0,0
BRDA:165,55,1,0
BRDA:169,56,0,0
BRDA:169,56,1,0
BRDA:189,57,0,0
BRDA:190,58,0,0
BRDA:190,58,1,0
BRDA:191,59,0,0
BRDA:191,59,1,0
BRDA:192,60,0,0
BRDA:192,60,1,0
BRDA:203,61,0,0
BRDA:203,61,1,0
BRDA:204,62,0,0
BRDA:204,62,1,0
BRDA:207,63,0,0
BRDA:207,63,1,0
BRDA:222,64,0,0
BRDA:222,64,1,0
BRDA:227,65,0,0
BRDA:227,65,1,0
BRDA:228,66,0,0
BRDA:228,66,1,0
BRDA:229,67,0,0
BRDA:229,67,1,0
BRDA:237,68,0,0
BRDA:237,68,1,0
BRDA:237,69,0,0
BRDA:237,69,1,0
BRDA:238,70,0,0
BRDA:238,70,1,0
BRDA:239,71,0,0
BRDA:239,71,1,0
BRDA:243,72,0,0
BRDA:243,72,1,0
BRDA:243,73,0,0
BRDA:243,73,1,0
BRDA:246,74,0,0
BRDA:246,74,1,0
BRDA:247,75,0,0
BRDA:247,75,1,0
BRDA:247,76,0,0
BRDA:247,76,1,0
BRDA:253,77,0,0
BRDA:253,77,1,0
BRDA:253,78,0,0
BRDA:253,78,1,0
BRDA:263,79,0,0
BRDA:264,80,0,0
BRDA:264,80,1,0
BRDA:265,81,0,0
BRDA:265,81,1,0
BRDA:266,82,0,0
BRDA:266,82,1,0
BRDA:279,83,0,0
BRDA:279,83,1,0
BRDA:281,84,0,0
BRDA:281,84,1,0
BRDA:294,85,0,0
BRDA:294,85,1,0
BRDA:294,86,0,0
BRDA:294,86,1,0
BRDA:297,87,0,0
BRDA:297,87,1,0
BRDA:308,88,0,0
BRDA:308,88,1,0
BRDA:311,89,0,0
BRDA:311,89,1,0
BRDA:311,90,0,0
BRDA:311,90,1,0
BRDA:316,91,0,0
BRDA:316,91,1,0
BRDA:317,92,0,0
BRDA:317,92,1,0
BRDA:318,93,0,0
BRDA:318,93,1,0
BRDA:326,94,0,0
BRDA:326,94,1,0
BRDA:326,95,0,0
BRDA:326,95,1,0
BRDA:327,96,0,0
BRDA:327,96,1,0
BRDA:328,97,0,0
BRDA:328,97,1,0
BRF:198
BRH:37
end_of_record
TN:
SF:src/services/api/authApi.js
FN:9,(anonymous_0)
FN:10,(anonymous_1)
FN:11,(anonymous_2)
FN:12,(anonymous_3)
FN:13,(anonymous_4)
FN:17,(anonymous_5)
FNF:6
FNH:0
FNDA:0,(anonymous_0)
FNDA:0,(anonymous_1)
FNDA:0,(anonymous_2)
FNDA:0,(anonymous_3)
FNDA:0,(anonymous_4)
FNDA:0,(anonymous_5)
DA:6,0
DA:7,0
DA:9,0
DA:10,0
DA:11,0
DA:12,0
DA:13,0
DA:14,0
DA:17,0
DA:18,0
LF:10
LH:0
BRDA:6,0,0,0
BRDA:6,0,1,0
BRDA:7,1,0,0
BRDA:7,1,1,0
BRDA:11,2,0,0
BRDA:11,2,1,0
BRDA:12,3,0,0
BRDA:12,3,1,0
BRDA:14,4,0,0
BRDA:14,4,1,0
BRDA:18,5,0,0
BRDA:18,5,1,0
BRF:12
BRH:0
end_of_record
TN:
SF:src/services/api/authApi.local.http.js
FN:6,signIn
FN:13,signUp
FN:20,updateAccount
FN:24,deleteAccount
FN:36,requestPasswordRecovery
FN:40,confirmPasswordRecovery
FNF:6
FNH:0
FNDA:0,signIn
FNDA:0,signUp
FNDA:0,updateAccount
FNDA:0,deleteAccount
FNDA:0,requestPasswordRecovery
FNDA:0,confirmPasswordRecovery
DA:4,0
DA:7,0
DA:14,0
DA:21,0
DA:25,0
DA:26,0
DA:28,0
DA:37,0
DA:41,0
LF:9
LH:0
BRDA:25,0,0,0
BRDA:25,0,1,0
BRF:2
BRH:0
end_of_record
TN:
SF:src/services/api/authApi.mock.js
FNF:0
FNH:0
DA:3,0
DA:4,0
DA:5,0
DA:6,0
LF:4
LH:0
BRF:0
BRH:0
end_of_record
TN:
SF:src/services/api/authApi.syncflow.http.js
FN:11,(anonymous_0)
FN:11,(anonymous_1)
FN:16,guestLoginAfterRegister
FN:43,signIn
FN:60,signUp
FN:114,updateAccount
FN:141,deleteAccount
FN:153,requestPasswordRecovery
FN:168,confirmPasswordRecovery
FNF:9
FNH:7
FNDA:0,(anonymous_0)
FNDA:0,(anonymous_1)
FNDA:1,guestLoginAfterRegister
FNDA:1,signIn
FNDA:1,signUp
FNDA:1,updateAccount
FNDA:1,deleteAccount
FNDA:1,requestPasswordRecovery
FNDA:1,confirmPasswordRecovery
DA:11,1
DA:17,1
DA:18,1
DA:20,1
DA:21,1
DA:22,1
DA:27,0
DA:28,0
DA:29,0
DA:30,0
DA:31,0
DA:32,0
DA:34,0
DA:37,0
DA:44,1
DA:48,1
DA:49,1
DA:70,1
DA:76,1
DA:77,1
DA:78,1
DA:79,1
DA:81,1
DA:86,1
DA:87,1
DA:89,1
DA:90,1
DA:91,1
DA:92,1
DA:95,1
DA:106,1
DA:115,1
DA:116,1
DA:117,1
DA:118,1
DA:119,1
DA:120,1
DA:121,1
DA:125,1
DA:126,1
DA:127,1
DA:128,1
DA:137,1
DA:138,1
DA:142,1
DA:146,1
DA:154,1
DA:155,1
DA:156,1
DA:158,1
DA:169,1
DA:170,1
LF:52
LH:44
BRDA:28,0,0,0
BRDA:28,0,1,0
BRDA:30,1,0,0
BRDA:30,1,1,0
BRDA:30,2,0,0
BRDA:30,2,1,0
BRDA:76,3,0,0
BRDA:76,3,1,1
BRDA:77,4,0,0
BRDA:77,4,1,1
BRDA:78,5,0,0
BRDA:78,5,1,1
BRDA:79,6,0,0
BRDA:79,6,1,1
BRDA:89,7,0,1
BRDA:89,7,1,0
BRDA:89,8,0,1
BRDA:89,8,1,0
BRDA:96,9,0,1
BRDA:96,9,1,0
BRDA:97,10,0,1
BRDA:97,10,1,1
BRDA:98,11,0,1
BRDA:98,11,1,1
BRDA:100,12,0,1
BRDA:100,12,1,0
BRDA:101,13,0,1
BRDA:101,13,1,1
BRDA:102,14,0,1
BRDA:102,14,1,1
BRDA:103,15,0,1
BRDA:103,15,1,1
BRDA:116,16,0,1
BRDA:116,16,1,0
BRDA:117,17,0,0
BRDA:117,17,1,1
BRDA:118,18,0,0
BRDA:118,18,1,1
BRDA:119,19,0,0
BRDA:119,19,1,1
BRDA:120,20,0,1
BRDA:120,20,1,0
BRDA:127,21,0,1
BRDA:127,21,1,0
BRDA:130,22,0,1
BRDA:130,22,1,0
BRDA:131,23,0,1
BRDA:131,23,1,0
BRDA:132,24,0,1
BRDA:132,24,1,1
BRDA:133,25,0,1
BRDA:133,25,1,0
BRDA:134,26,0,1
BRDA:134,26,1,1
BRDA:135,27,0,1
BRDA:135,27,1,1
BRDA:137,28,0,1
BRDA:137,28,1,0
BRDA:153,29,0,0
BRDA:155,30,0,1
BRDA:155,30,1,0
BRDA:168,31,0,0
BRDA:174,32,0,1
BRDA:174,32,1,0
BRDA:175,33,0,1
BRDA:175,33,1,0
BRF:66
BRH:37
end_of_record
TN:
SF:src/services/api/clientApi.http.js
FN:7,(anonymous_0)
FN:8,(anonymous_1)
FN:9,(anonymous_2)
FN:10,(anonymous_3)
FN:11,(anonymous_4)
FN:12,(anonymous_5)
FN:13,(anonymous_6)
FN:14,(anonymous_7)
FN:15,(anonymous_8)
FN:16,(anonymous_9)
FN:17,(anonymous_10)
FN:18,(anonymous_11)
FN:19,(anonymous_12)
FN:20,(anonymous_13)
FN:21,(anonymous_14)
FN:22,(anonymous_15)
FN:26,(anonymous_16)
FN:30,(anonymous_17)
FN:34,(anonymous_18)
FN:36,(anonymous_19)
FN:40,(anonymous_20)
FN:41,(anonymous_21)
FN:42,(anonymous_22)
FN:43,(anonymous_23)
FN:44,(anonymous_24)
FN:45,(anonymous_25)
FN:46,(anonymous_26)
FN:47,(anonymous_27)
FN:49,(anonymous_28)
FN:51,(anonymous_29)
FN:55,(anonymous_30)
FN:59,(anonymous_31)
FN:63,(anonymous_32)
FNF:33
FNH:0
FNDA:0,(anonymous_0)
FNDA:0,(anonymous_1)
FNDA:0,(anonymous_2)
FNDA:0,(anonymous_3)
FNDA:0,(anonymous_4)
FNDA:0,(anonymous_5)
FNDA:0,(anonymous_6)
FNDA:0,(anonymous_7)
FNDA:0,(anonymous_8)
FNDA:0,(anonymous_9)
FNDA:0,(anonymous_10)
FNDA:0,(anonymous_11)
FNDA:0,(anonymous_12)
FNDA:0,(anonymous_13)
FNDA:0,(anonymous_14)
FNDA:0,(anonymous_15)
FNDA:0,(anonymous_16)
FNDA:0,(anonymous_17)
FNDA:0,(anonymous_18)
FNDA:0,(anonymous_19)
FNDA:0,(anonymous_20)
FNDA:0,(anonymous_21)
FNDA:0,(anonymous_22)
FNDA:0,(anonymous_23)
FNDA:0,(anonymous_24)
FNDA:0,(anonymous_25)
FNDA:0,(anonymous_26)
FNDA:0,(anonymous_27)
FNDA:0,(anonymous_28)
FNDA:0,(anonymous_29)
FNDA:0,(anonymous_30)
FNDA:0,(anonymous_31)
FNDA:0,(anonymous_32)
DA:5,0
DA:7,0
DA:8,0
DA:9,0
DA:10,0
DA:11,0
DA:12,0
DA:13,0
DA:14,0
DA:15,0
DA:16,0
DA:17,0
DA:18,0
DA:19,0
DA:20,0
DA:21,0
DA:22,0
DA:23,0
DA:26,0
DA:27,0
DA:30,0
DA:31,0
DA:34,0
DA:35,0
DA:36,0
DA:37,0
DA:40,0
DA:41,0
DA:42,0
DA:43,0
DA:44,0
DA:45,0
DA:46,0
DA:47,0
DA:48,0
DA:49,0
DA:50,0
DA:51,0
DA:52,0
DA:55,0
DA:56,0
DA:59,0
DA:60,0
DA:63,0
DA:64,0
LF:45
LH:0
BRDA:5,0,0,0
BRDA:5,0,1,0
BRDA:9,1,0,0
BRDA:9,1,1,0
BRDA:23,2,0,0
BRDA:23,2,1,0
BRDA:27,3,0,0
BRDA:27,3,1,0
BRDA:31,4,0,0
BRDA:31,4,1,0
BRDA:35,5,0,0
BRDA:35,5,1,0
BRDA:37,6,0,0
BRDA:37,6,1,0
BRDA:48,7,0,0
BRDA:48,7,1,0
BRDA:50,8,0,0
BRDA:50,8,1,0
BRDA:52,9,0,0
BRDA:52,9,1,0
BRDA:56,10,0,0
BRDA:56,10,1,0
BRDA:60,11,0,0
BRDA:60,11,1,0
BRDA:64,12,0,0
BRDA:64,12,1,0
BRF:26
BRH:0
end_of_record
TN:
SF:src/services/api/clientApi.js
FN:6,callWithFallback
FN:22,callStrict
FN:30,(anonymous_2)
FN:31,(anonymous_3)
FN:32,(anonymous_4)
FN:33,(anonymous_5)
FN:34,(anonymous_6)
FN:35,(anonymous_7)
FN:36,(anonymous_8)
FN:37,(anonymous_9)
FN:38,(anonymous_10)
FN:39,(anonymous_11)
FN:42,(anonymous_12)
FN:43,(anonymous_13)
FN:44,(anonymous_14)
FN:45,(anonymous_15)
FN:46,(anonymous_16)
FN:47,(anonymous_17)
FN:48,(anonymous_18)
FN:49,(anonymous_19)
FN:51,(anonymous_20)
FN:52,(anonymous_21)
FN:53,(anonymous_22)
FN:54,(anonymous_23)
FN:55,(anonymous_24)
FN:56,(anonymous_25)
FN:57,(anonymous_26)
FN:58,(anonymous_27)
FN:59,(anonymous_28)
FN:60,(anonymous_29)
FN:61,(anonymous_30)
FN:62,(anonymous_31)
FN:63,(anonymous_32)
FN:64,(anonymous_33)
FNF:34
FNH:0
FNDA:0,callWithFallback
FNDA:0,callStrict
FNDA:0,(anonymous_2)
FNDA:0,(anonymous_3)
FNDA:0,(anonymous_4)
FNDA:0,(anonymous_5)
FNDA:0,(anonymous_6)
FNDA:0,(anonymous_7)
FNDA:0,(anonymous_8)
FNDA:0,(anonymous_9)
FNDA:0,(anonymous_10)
FNDA:0,(anonymous_11)
FNDA:0,(anonymous_12)
FNDA:0,(anonymous_13)
FNDA:0,(anonymous_14)
FNDA:0,(anonymous_15)
FNDA:0,(anonymous_16)
FNDA:0,(anonymous_17)
FNDA:0,(anonymous_18)
FNDA:0,(anonymous_19)
FNDA:0,(anonymous_20)
FNDA:0,(anonymous_21)
FNDA:0,(anonymous_22)
FNDA:0,(anonymous_23)
FNDA:0,(anonymous_24)
FNDA:0,(anonymous_25)
FNDA:0,(anonymous_26)
FNDA:0,(anonymous_27)
FNDA:0,(anonymous_28)
FNDA:0,(anonymous_29)
FNDA:0,(anonymous_30)
FNDA:0,(anonymous_31)
FNDA:0,(anonymous_32)
FNDA:0,(anonymous_33)
DA:7,0
DA:8,0
DA:10,0
DA:11,0
DA:14,0
DA:15,0
DA:17,0
DA:18,0
DA:23,0
DA:24,0
DA:26,0
DA:30,0
DA:31,0
DA:32,0
DA:33,0
DA:34,0
DA:35,0
DA:36,0
DA:37,0
DA:38,0
DA:39,0
DA:42,0
DA:43,0
DA:44,0
DA:45,0
DA:46,0
DA:47,0
DA:48,0
DA:49,0
DA:51,0
DA:52,0
DA:53,0
DA:54,0
DA:55,0
DA:56,0
DA:57,0
DA:58,0
DA:59,0
DA:60,0
DA:61,0
DA:62,0
DA:63,0
DA:64,0
LF:43
LH:0
BRDA:7,0,0,0
BRDA:7,0,1,0
BRDA:10,1,0,0
BRDA:10,1,1,0
BRDA:17,2,0,0
BRDA:17,2,1,0
BRDA:23,3,0,0
BRDA:23,3,1,0
BRF:8
BRH:0
end_of_record
TN:
SF:src/services/api/clientApi.local.http.js
FN:6,fetchMenu
FN:10,fetchMenuRecommended
FN:11,(anonymous_2)
FN:18,fetchTables
FN:22,createBooking
FN:29,fetchBookings
FN:33,fetchOrders
FN:41,createOrder
FN:48,payOrder
FN:55,submitOrderReview
FN:62,fetchUserProfile
FN:66,updateUserProfile
FN:73,fetchFavorites
FN:77,toggleFavorite
FN:84,fetchNotifications
FN:92,registerPushDevice
FN:99,unregisterPushDevice
FN:103,sendTestPush
FN:110,requestWaiterCall
FN:117,fetchDishIngredients
FN:121,fetchDishModifiers
FN:125,applyPromoCode
FN:129,spendBonusPoints
FN:133,fetchReservationById
FN:137,fetchOrderDishes
FN:141,fetchReservationPreorder
FN:145,removeReservationPreorderItem
FN:149,applyPromoToOrder
FN:153,syncReservationPreorder
FN:157,fetchNotificationsUnreadCount
FN:161,markNotificationRead
FN:165,markAllNotificationsRead
FN:169,fetchBonusTransactions
FN:173,tryApplyGuestPersonalDiscount
FN:177,fetchOrderSummary
FNF:35
FNH:0
FNDA:0,fetchMenu
FNDA:0,fetchMenuRecommended
FNDA:0,(anonymous_2)
FNDA:0,fetchTables
FNDA:0,createBooking
FNDA:0,fetchBookings
FNDA:0,fetchOrders
FNDA:0,createOrder
FNDA:0,payOrder
FNDA:0,submitOrderReview
FNDA:0,fetchUserProfile
FNDA:0,updateUserProfile
FNDA:0,fetchFavorites
FNDA:0,toggleFavorite
FNDA:0,fetchNotifications
FNDA:0,registerPushDevice
FNDA:0,unregisterPushDevice
FNDA:0,sendTestPush
FNDA:0,requestWaiterCall
FNDA:0,fetchDishIngredients
FNDA:0,fetchDishModifiers
FNDA:0,applyPromoCode
FNDA:0,spendBonusPoints
FNDA:0,fetchReservationById
FNDA:0,fetchOrderDishes
FNDA:0,fetchReservationPreorder
FNDA:0,removeReservationPreorderItem
FNDA:0,applyPromoToOrder
FNDA:0,syncReservationPreorder
FNDA:0,fetchNotificationsUnreadCount
FNDA:0,markNotificationRead
FNDA:0,markAllNotificationsRead
FNDA:0,fetchBonusTransactions
FNDA:0,tryApplyGuestPersonalDiscount
FNDA:0,fetchOrderSummary
DA:4,0
DA:7,0
DA:11,0
DA:12,0
DA:13,0
DA:14,0
DA:19,0
DA:23,0
DA:30,0
DA:34,0
DA:35,0
DA:36,0
DA:42,0
DA:49,0
DA:56,0
DA:63,0
DA:67,0
DA:74,0
DA:78,0
DA:85,0
DA:86,0
DA:87,0
DA:93,0
DA:100,0
DA:104,0
DA:111,0
DA:118,0
DA:122,0
DA:126,0
DA:130,0
DA:134,0
DA:138,0
DA:142,0
DA:146,0
DA:150,0
DA:154,0
DA:158,0
DA:162,0
DA:166,0
DA:170,0
DA:174,0
DA:178,0
LF:42
LH:0
BRDA:12,0,0,0
BRDA:12,0,1,0
BRDA:12,1,0,0
BRDA:12,1,1,0
BRDA:13,2,0,0
BRDA:13,2,1,0
BRDA:30,3,0,0
BRDA:30,3,1,0
BRDA:33,4,0,0
BRDA:34,5,0,0
BRDA:34,5,1,0
BRDA:35,6,0,0
BRDA:35,6,1,0
BRDA:37,7,0,0
BRDA:37,7,1,0
BRDA:49,8,0,0
BRDA:49,8,1,0
BRDA:56,9,0,0
BRDA:56,9,1,0
BRDA:63,10,0,0
BRDA:63,10,1,0
BRDA:67,11,0,0
BRDA:67,11,1,0
BRDA:74,12,0,0
BRDA:74,12,1,0
BRDA:84,13,0,0
BRDA:85,14,0,0
BRDA:85,14,1,0
BRDA:86,15,0,0
BRDA:86,15,1,0
BRDA:88,16,0,0
BRDA:88,16,1,0
BRDA:103,17,0,0
BRF:33
BRH:0
end_of_record
TN:
SF:src/services/api/clientApi.mock.js
FN:9,bookingsKey
FN:12,ordersKey
FN:15,profileKey
FN:18,favoritesKey
FN:21,notificationsKey
FN:25,readBookings
FN:30,writeBookings
FN:33,readOrders
FN:37,writeOrders
FN:40,readNotifications
FN:44,writeNotifications
FN:48,fetchMenu
FN:55,fetchTables
FN:59,createBooking
FN:108,fetchBookings
FN:112,fetchOrders
FN:119,createOrder
FN:201,payOrder
FN:206,(anonymous_18)
FN:245,(anonymous_19)
FN:287,(anonymous_20)
FN:290,submitOrderReview
FN:293,(anonymous_22)
FN:304,(anonymous_23)
FN:332,fetchUserProfile
FN:349,updateUserProfile
FN:385,fetchFavorites
FN:390,toggleFavorite
FN:393,(anonymous_28)
FN:399,fetchNotifications
FN:406,requestWaiterCall
FN:424,registerPushDevice
FN:428,unregisterPushDevice
FN:432,sendTestPush
FN:449,fetchDishIngredients
FN:453,fetchDishModifiers
FN:457,applyPromoCode
FN:468,fetchMenuRecommended
FN:474,applyPromoToOrder
FN:478,syncReservationPreorder
FN:482,spendBonusPoints
FN:486,fetchReservationById
FN:497,fetchOrderDishes
FN:501,fetchReservationPreorder
FN:505,removeReservationPreorderItem
FN:509,fetchNotificationsUnreadCount
FN:511,(anonymous_46)
FN:514,markNotificationRead
FN:516,(anonymous_48)
FN:521,markAllNotificationsRead
FN:525,(anonymous_50)
FN:530,fetchBonusTransactions
FN:534,tryApplyGuestPersonalDiscount
FN:538,fetchOrderSummary
FNF:54
FNH:0
FNDA:0,bookingsKey
FNDA:0,ordersKey
FNDA:0,profileKey
FNDA:0,favoritesKey
FNDA:0,notificationsKey
FNDA:0,readBookings
FNDA:0,writeBookings
FNDA:0,readOrders
FNDA:0,writeOrders
FNDA:0,readNotifications
FNDA:0,writeNotifications
FNDA:0,fetchMenu
FNDA:0,fetchTables
FNDA:0,createBooking
FNDA:0,fetchBookings
FNDA:0,fetchOrders
FNDA:0,createOrder
FNDA:0,payOrder
FNDA:0,(anonymous_18)
FNDA:0,(anonymous_19)
FNDA:0,(anonymous_20)
FNDA:0,submitOrderReview
FNDA:0,(anonymous_22)
FNDA:0,(anonymous_23)
FNDA:0,fetchUserProfile
FNDA:0,updateUserProfile
FNDA:0,fetchFavorites
FNDA:0,toggleFavorite
FNDA:0,(anonymous_28)
FNDA:0,fetchNotifications
FNDA:0,requestWaiterCall
FNDA:0,registerPushDevice
FNDA:0,unregisterPushDevice
FNDA:0,sendTestPush
FNDA:0,fetchDishIngredients
FNDA:0,fetchDishModifiers
FNDA:0,applyPromoCode
FNDA:0,fetchMenuRecommended
FNDA:0,applyPromoToOrder
FNDA:0,syncReservationPreorder
FNDA:0,spendBonusPoints
FNDA:0,fetchReservationById
FNDA:0,fetchOrderDishes
FNDA:0,fetchReservationPreorder
FNDA:0,removeReservationPreorderItem
FNDA:0,fetchNotificationsUnreadCount
FNDA:0,(anonymous_46)
FNDA:0,markNotificationRead
FNDA:0,(anonymous_48)
FNDA:0,markAllNotificationsRead
FNDA:0,(anonymous_50)
FNDA:0,fetchBonusTransactions
FNDA:0,tryApplyGuestPersonalDiscount
FNDA:0,fetchOrderSummary
DA:4,0
DA:5,0
DA:6,0
DA:7,0
DA:10,0
DA:13,0
DA:16,0
DA:19,0
DA:22,0
DA:26,0
DA:27,0
DA:31,0
DA:34,0
DA:35,0
DA:38,0
DA:41,0
DA:42,0
DA:45,0
DA:49,0
DA:56,0
DA:60,0
DA:62,0
DA:69,0
DA:80,0
DA:81,0
DA:82,0
DA:83,0
DA:84,0
DA:105,0
DA:109,0
DA:113,0
DA:114,0
DA:115,0
DA:116,0
DA:120,0
DA:121,0
DA:122,0
DA:123,0
DA:124,0
DA:125,0
DA:126,0
DA:127,0
DA:128,0
DA:130,0
DA:131,0
DA:133,0
DA:134,0
DA:135,0
DA:136,0
DA:137,0
DA:138,0
DA:157,0
DA:158,0
DA:160,0
DA:168,0
DA:169,0
DA:170,0
DA:171,0
DA:179,0
DA:186,0
DA:187,0
DA:197,0
DA:198,0
DA:202,0
DA:203,0
DA:204,0
DA:205,0
DA:206,0
DA:207,0
DA:208,0
DA:209,0
DA:210,0
DA:211,0
DA:212,0
DA:213,0
DA:214,0
DA:216,0
DA:217,0
DA:225,0
DA:226,0
DA:236,0
DA:237,0
DA:245,0
DA:246,0
DA:247,0
DA:286,0
DA:287,0
DA:291,0
DA:292,0
DA:293,0
DA:295,0
DA:296,0
DA:298,0
DA:299,0
DA:301,0
DA:302,0
DA:304,0
DA:305,0
DA:317,0
DA:318,0
DA:319,0
DA:329,0
DA:333,0
DA:334,0
DA:335,0
DA:337,0
DA:345,0
DA:346,0
DA:350,0
DA:351,0
DA:352,0
DA:353,0
DA:354,0
DA:355,0
DA:356,0
DA:361,0
DA:362,0
DA:363,0
DA:380,0
DA:382,0
DA:386,0
DA:387,0
DA:391,0
DA:392,0
DA:393,0
DA:395,0
DA:396,0
DA:400,0
DA:401,0
DA:402,0
DA:403,0
DA:407,0
DA:408,0
DA:409,0
DA:421,0
DA:425,0
DA:429,0
DA:433,0
DA:434,0
DA:446,0
DA:450,0
DA:454,0
DA:458,0
DA:469,0
DA:470,0
DA:471,0
DA:475,0
DA:479,0
DA:483,0
DA:487,0
DA:498,0
DA:502,0
DA:506,0
DA:510,0
DA:511,0
DA:515,0
DA:516,0
DA:517,0
DA:518,0
DA:522,0
DA:523,0
DA:525,0
DA:527,0
DA:531,0
DA:535,0
DA:539,0
DA:540,0
DA:541,0
LF:168
LH:0
BRDA:10,0,0,0
BRDA:10,0,1,0
BRDA:13,1,0,0
BRDA:13,1,1,0
BRDA:16,2,0,0
BRDA:16,2,1,0
BRDA:19,3,0,0
BRDA:19,3,1,0
BRDA:22,4,0,0
BRDA:22,4,1,0
BRDA:27,5,0,0
BRDA:27,5,1,0
BRDA:35,6,0,0
BRDA:35,6,1,0
BRDA:42,7,0,0
BRDA:42,7,1,0
BRDA:62,8,0,0
BRDA:62,8,1,0
BRDA:62,9,0,0
BRDA:62,9,1,0
BRDA:65,10,0,0
BRDA:65,10,1,0
BRDA:65,10,2,0
BRDA:66,11,0,0
BRDA:66,11,1,0
BRDA:83,12,0,0
BRDA:83,12,1,0
BRDA:89,13,0,0
BRDA:89,13,1,0
BRDA:112,14,0,0
BRDA:114,15,0,0
BRDA:114,15,1,0
BRDA:115,16,0,0
BRDA:115,16,1,0
BRDA:122,17,0,0
BRDA:122,17,1,0
BRDA:123,18,0,0
BRDA:123,18,1,0
BRDA:124,19,0,0
BRDA:124,19,1,0
BRDA:124,20,0,0
BRDA:124,20,1,0
BRDA:127,21,0,0
BRDA:127,21,1,0
BRDA:127,22,0,0
BRDA:127,22,1,0
BRDA:130,23,0,0
BRDA:130,23,1,0
BRDA:130,24,0,0
BRDA:130,24,1,0
BRDA:143,25,0,0
BRDA:143,25,1,0
BRDA:144,26,0,0
BRDA:144,26,1,0
BRDA:145,27,0,0
BRDA:145,27,1,0
BRDA:153,28,0,0
BRDA:153,28,1,0
BRDA:154,29,0,0
BRDA:154,29,1,0
BRDA:165,30,0,0
BRDA:165,30,1,0
BRDA:170,31,0,0
BRDA:170,31,1,0
BRDA:186,32,0,0
BRDA:186,32,1,0
BRDA:207,33,0,0
BRDA:207,33,1,0
BRDA:208,34,0,0
BRDA:208,34,1,0
BRDA:209,35,0,0
BRDA:209,35,1,0
BRDA:209,36,0,0
BRDA:209,36,1,0
BRDA:210,37,0,0
BRDA:210,37,1,0
BRDA:211,38,0,0
BRDA:211,38,1,0
BRDA:212,39,0,0
BRDA:212,39,1,0
BRDA:221,40,0,0
BRDA:221,40,1,0
BRDA:222,41,0,0
BRDA:222,41,1,0
BRDA:236,42,0,0
BRDA:236,42,1,0
BRDA:245,43,0,0
BRDA:245,43,1,0
BRDA:246,44,0,0
BRDA:246,44,1,0
BRDA:279,45,0,0
BRDA:279,45,1,0
BRDA:287,46,0,0
BRDA:287,46,1,0
BRDA:293,47,0,0
BRDA:293,47,1,0
BRDA:295,48,0,0
BRDA:295,48,1,0
BRDA:298,49,0,0
BRDA:298,49,1,0
BRDA:298,50,0,0
BRDA:298,50,1,0
BRDA:298,50,2,0
BRDA:301,51,0,0
BRDA:301,51,1,0
BRDA:305,52,0,0
BRDA:305,52,1,0
BRDA:305,53,0,0
BRDA:305,53,1,0
BRDA:310,54,0,0
BRDA:310,54,1,0
BRDA:311,55,0,0
BRDA:311,55,1,0
BRDA:324,56,0,0
BRDA:324,56,1,0
BRDA:334,57,0,0
BRDA:334,57,1,0
BRDA:351,58,0,0
BRDA:351,58,1,0
BRDA:351,58,2,0
BRDA:351,58,3,0
BRDA:354,59,0,0
BRDA:354,59,1,0
BRDA:354,59,2,0
BRDA:354,59,3,0
BRDA:355,60,0,0
BRDA:355,60,1,0
BRDA:355,61,0,0
BRDA:355,61,1,0
BRDA:358,62,0,0
BRDA:358,62,1,0
BRDA:359,63,0,0
BRDA:359,63,1,0
BRDA:387,64,0,0
BRDA:387,64,1,0
BRDA:392,65,0,0
BRDA:392,65,1,0
BRDA:399,66,0,0
BRDA:401,67,0,0
BRDA:401,67,1,0
BRDA:402,68,0,0
BRDA:402,68,1,0
BRDA:414,69,0,0
BRDA:414,69,1,0
BRDA:432,70,0,0
BRDA:438,71,0,0
BRDA:438,71,1,0
BRDA:439,72,0,0
BRDA:439,72,1,0
BRDA:440,73,0,0
BRDA:440,73,1,0
BRDA:441,74,0,0
BRDA:441,74,1,0
BRDA:460,75,0,0
BRDA:460,75,1,0
BRDA:470,76,0,0
BRDA:470,76,1,0
BRDA:488,77,0,0
BRDA:488,77,1,0
BRDA:516,78,0,0
BRDA:516,78,1,0
BRDA:540,79,0,0
BRDA:540,79,1,0
BRF:163
BRH:0
end_of_record
TN:
SF:src/services/api/clientApi.syncflow.http.js
FNF:0
FNH:0
LF:0
LH:0
BRF:0
BRH:0
end_of_record
TN:
SF:src/services/api/syncflowMappers.js
FN:3,normalizeOrderType
FN:10,normalizeOrderStatus
FN:20,toNumberSafe
FN:25,pickFirstFinite
FN:33,itemTitleFromOrderRow
FN:41,mapSyncflowOrderToClient
FN:53,(anonymous_6)
FN:92,mapSyncflowOrderDishesToClientItems
FN:94,(anonymous_8)
FN:102,normalizeSyncflowListResponse
FN:106,mapSyncflowNotificationToClient
FN:120,mapBonusTransactionToClient
FN:134,mapOrderSummaryToClient
FN:136,(anonymous_13)
FN:152,mapMenuClientRowToDish
FNF:15
FNH:15
FNDA:4,normalizeOrderType
FNDA:4,normalizeOrderStatus
FNDA:7,toNumberSafe
FNDA:6,pickFirstFinite
FNDA:3,itemTitleFromOrderRow
FNDA:2,mapSyncflowOrderToClient
FNDA:2,(anonymous_6)
FNDA:1,mapSyncflowOrderDishesToClientItems
FNDA:1,(anonymous_8)
FNDA:4,normalizeSyncflowListResponse
FNDA:1,mapSyncflowNotificationToClient
FNDA:1,mapBonusTransactionToClient
FNDA:1,mapOrderSummaryToClient
FNDA:3,(anonymous_13)
FNDA:2,mapMenuClientRowToDish
DA:4,4
DA:5,4
DA:6,3
DA:7,2
DA:11,4
DA:12,4
DA:13,3
DA:14,3
DA:15,3
DA:16,3
DA:17,2
DA:21,7
DA:22,7
DA:26,6
DA:27,26
DA:28,26
DA:30,6
DA:34,3
DA:35,3
DA:36,0
DA:37,0
DA:38,0
DA:42,2
DA:43,2
DA:44,2
DA:45,2
DA:46,2
DA:53,2
DA:58,2
DA:93,1
DA:94,1
DA:103,4
DA:107,1
DA:108,1
DA:109,1
DA:110,1
DA:121,1
DA:122,1
DA:123,1
DA:135,1
DA:136,1
DA:137,3
DA:138,3
DA:140,1
DA:153,2
DA:154,2
DA:155,2
DA:156,1
DA:158,1
DA:163,1
DA:164,1
DA:165,1
DA:166,1
LF:53
LH:50
BRDA:4,0,0,4
BRDA:4,0,1,2
BRDA:5,1,0,1
BRDA:5,1,1,3
BRDA:5,2,0,4
BRDA:5,2,1,3
BRDA:6,3,0,1
BRDA:6,3,1,2
BRDA:6,4,0,3
BRDA:6,4,1,2
BRDA:11,5,0,4
BRDA:11,5,1,2
BRDA:12,6,0,1
BRDA:12,6,1,3
BRDA:13,7,0,0
BRDA:13,7,1,3
BRDA:14,8,0,0
BRDA:14,8,1,3
BRDA:15,9,0,0
BRDA:15,9,1,3
BRDA:16,10,0,1
BRDA:16,10,1,2
BRDA:20,11,0,6
BRDA:22,12,0,7
BRDA:22,12,1,0
BRDA:25,13,0,0
BRDA:28,14,0,0
BRDA:28,14,1,26
BRDA:34,15,0,3
BRDA:34,15,1,3
BRDA:34,15,2,1
BRDA:34,15,3,0
BRDA:35,16,0,3
BRDA:35,16,1,0
BRDA:36,17,0,0
BRDA:36,17,1,0
BRDA:36,17,2,0
BRDA:37,18,0,0
BRDA:37,18,1,0
BRDA:37,19,0,0
BRDA:37,19,1,0
BRDA:41,20,0,2
BRDA:42,21,0,2
BRDA:42,21,1,0
BRDA:42,22,0,0
BRDA:42,22,1,0
BRDA:44,23,0,0
BRDA:44,23,1,2
BRDA:44,24,0,2
BRDA:44,24,1,2
BRDA:45,25,0,1
BRDA:45,25,1,1
BRDA:46,26,0,1
BRDA:46,26,1,1
BRDA:46,27,0,2
BRDA:46,27,1,1
BRDA:48,28,0,1
BRDA:48,28,1,0
BRDA:50,29,0,0
BRDA:50,29,1,0
BRDA:54,30,0,2
BRDA:54,30,1,1
BRDA:54,30,2,1
BRDA:54,30,3,1
BRDA:54,30,4,0
BRDA:56,31,0,2
BRDA:56,31,1,0
BRDA:60,32,0,2
BRDA:60,32,1,2
BRDA:60,32,2,2
BRDA:63,33,0,2
BRDA:63,33,1,2
BRDA:64,34,0,2
BRDA:64,34,1,2
BRDA:64,34,2,2
BRDA:65,35,0,2
BRDA:65,35,1,2
BRDA:65,35,2,2
BRDA:66,36,0,2
BRDA:66,36,1,2
BRDA:66,36,2,2
BRDA:83,37,0,2
BRDA:83,37,1,2
BRDA:83,37,2,2
BRDA:84,38,0,2
BRDA:84,38,1,2
BRDA:84,38,2,2
BRDA:85,39,0,2
BRDA:85,39,1,2
BRDA:85,39,2,2
BRDA:86,40,0,2
BRDA:86,40,1,2
BRDA:95,41,0,1
BRDA:95,41,1,0
BRDA:95,41,2,0
BRDA:95,41,3,0
BRDA:97,42,0,1
BRDA:97,42,1,0
BRDA:107,43,0,1
BRDA:107,43,1,0
BRDA:107,43,2,0
BRDA:108,44,0,1
BRDA:108,44,1,1
BRDA:109,45,0,1
BRDA:109,45,1,1
BRDA:109,46,0,1
BRDA:109,46,1,0
BRDA:109,47,0,0
BRDA:109,47,1,1
BRDA:111,48,0,1
BRDA:111,48,1,0
BRDA:113,49,0,1
BRDA:113,49,1,0
BRDA:113,49,2,0
BRDA:115,50,0,1
BRDA:115,50,1,1
BRDA:121,51,0,1
BRDA:121,51,1,0
BRDA:124,52,0,1
BRDA:124,52,1,0
BRDA:125,53,0,1
BRDA:125,53,1,0
BRDA:127,54,0,1
BRDA:127,54,1,1
BRDA:128,55,0,0
BRDA:128,55,1,1
BRDA:129,56,0,1
BRDA:129,56,1,1
BRDA:135,57,0,0
BRDA:135,57,1,1
BRDA:135,58,0,1
BRDA:135,58,1,1
BRDA:138,59,0,3
BRDA:138,59,1,0
BRDA:141,60,0,1
BRDA:141,60,1,0
BRDA:145,61,0,1
BRDA:145,61,1,0
BRDA:146,62,0,1
BRDA:146,62,1,0
BRDA:147,63,0,1
BRDA:147,63,1,1
BRDA:148,64,0,1
BRDA:148,64,1,0
BRDA:155,65,0,1
BRDA:155,65,1,1
BRDA:156,66,0,1
BRDA:156,66,1,0
BRDA:158,67,0,1
BRDA:158,67,1,0
BRDA:158,68,0,1
BRDA:158,68,1,1
BRDA:160,69,0,0
BRDA:160,69,1,0
BRDA:163,70,0,1
BRDA:163,70,1,1
BRDA:163,70,2,1
BRDA:163,70,3,1
BRDA:163,70,4,1
BRDA:163,70,5,1
BRDA:163,70,6,1
BRDA:164,71,0,1
BRDA:164,71,1,1
BRDA:164,71,2,1
BRDA:164,71,3,1
BRDA:165,72,0,0
BRDA:165,72,1,1
BRDA:165,73,0,1
BRDA:165,73,1,0
BRDA:168,74,0,1
BRDA:168,74,1,0
BRDA:170,75,0,1
BRDA:170,75,1,0
BRDA:171,76,0,1
BRDA:171,76,1,0
BRDA:171,76,2,0
BRDA:175,77,0,1
BRDA:175,77,1,0
BRDA:177,78,0,1
BRDA:177,78,1,1
BRDA:179,79,0,1
BRDA:179,79,1,1
BRDA:180,80,0,1
BRDA:180,80,1,1
BRDA:181,81,0,1
BRDA:181,81,1,1
BRDA:182,82,0,1
BRDA:182,82,1,1
BRF:188
BRH:132
end_of_record
TN:
SF:src/services/api/syncflowClient/bookings.js
FN:8,syncflowTimeToHm
FN:15,mapTable
FN:35,formatGuestPhoneForReservation
FN:51,fetchTables
FN:62,createBooking
FN:90,(anonymous_5)
FN:111,fetchBookings
FN:114,(anonymous_7)
FN:116,(anonymous_8)
FN:131,fetchReservationById
FN:135,fetchReservationPreorder
FN:142,removeReservationPreorderItem
FN:153,addReservationPreorderItem
FN:173,syncReservationPreorder
FNF:14
FNH:0
FNDA:0,syncflowTimeToHm
FNDA:0,mapTable
FNDA:0,formatGuestPhoneForReservation
FNDA:0,fetchTables
FNDA:0,createBooking
FNDA:0,(anonymous_5)
FNDA:0,fetchBookings
FNDA:0,(anonymous_7)
FNDA:0,(anonymous_8)
FNDA:0,fetchReservationById
FNDA:0,fetchReservationPreorder
FNDA:0,removeReservationPreorderItem
FNDA:0,addReservationPreorderItem
FNDA:0,syncReservationPreorder
DA:9,0
DA:10,0
DA:11,0
DA:12,0
DA:16,0
DA:17,0
DA:18,0
DA:19,0
DA:20,0
DA:21,0
DA:22,0
DA:36,0
DA:37,0
DA:38,0
DA:40,0
DA:41,0
DA:42,0
DA:43,0
DA:45,0
DA:46,0
DA:47,0
DA:48,0
DA:52,0
DA:53,0
DA:54,0
DA:55,0
DA:56,0
DA:57,0
DA:58,0
DA:59,0
DA:63,0
DA:64,0
DA:65,0
DA:66,0
DA:67,0
DA:69,0
DA:70,0
DA:71,0
DA:72,0
DA:73,0
DA:75,0
DA:76,0
DA:77,0
DA:78,0
DA:81,0
DA:90,0
DA:91,0
DA:98,0
DA:99,0
DA:101,0
DA:102,0
DA:103,0
DA:105,0
DA:108,0
DA:112,0
DA:113,0
DA:114,0
DA:115,0
DA:117,0
DA:118,0
DA:119,0
DA:120,0
DA:121,0
DA:128,0
DA:132,0
DA:136,0
DA:137,0
DA:138,0
DA:139,0
DA:143,0
DA:144,0
DA:145,0
DA:146,0
DA:148,0
DA:154,0
DA:155,0
DA:156,0
DA:157,0
DA:158,0
DA:160,0
DA:164,0
DA:165,0
DA:167,0
DA:174,0
DA:175,0
DA:176,0
DA:177,0
DA:178,0
DA:179,0
DA:180,0
LF:90
LH:0
BRDA:9,0,0,0
BRDA:9,0,1,0
BRDA:11,1,0,0
BRDA:11,1,1,0
BRDA:12,2,0,0
BRDA:12,2,1,0
BRDA:16,3,0,0
BRDA:16,3,1,0
BRDA:17,4,0,0
BRDA:17,4,1,0
BRDA:17,4,2,0
BRDA:17,4,3,0
BRDA:18,5,0,0
BRDA:18,5,1,0
BRDA:18,5,2,0
BRDA:18,5,3,0
BRDA:21,6,0,0
BRDA:21,6,1,0
BRDA:21,6,2,0
BRDA:24,7,0,0
BRDA:24,7,1,0
BRDA:27,8,0,0
BRDA:27,8,1,0
BRDA:36,9,0,0
BRDA:36,9,1,0
BRDA:37,10,0,0
BRDA:37,10,1,0
BRDA:40,11,0,0
BRDA:40,11,1,0
BRDA:42,12,0,0
BRDA:42,12,1,0
BRDA:45,13,0,0
BRDA:45,13,1,0
BRDA:45,14,0,0
BRDA:45,14,1,0
BRDA:46,15,0,0
BRDA:46,15,1,0
BRDA:46,16,0,0
BRDA:46,16,1,0
BRDA:47,17,0,0
BRDA:47,17,1,0
BRDA:51,18,0,0
BRDA:52,19,0,0
BRDA:52,19,1,0
BRDA:53,20,0,0
BRDA:53,20,1,0
BRDA:54,21,0,0
BRDA:54,21,1,0
BRDA:55,22,0,0
BRDA:55,22,1,0
BRDA:58,23,0,0
BRDA:58,23,1,0
BRDA:64,24,0,0
BRDA:64,24,1,0
BRDA:66,25,0,0
BRDA:66,25,1,0
BRDA:71,26,0,0
BRDA:71,26,1,0
BRDA:71,27,0,0
BRDA:71,27,1,0
BRDA:72,28,0,0
BRDA:72,28,1,0
BRDA:75,29,0,0
BRDA:75,29,1,0
BRDA:77,30,0,0
BRDA:77,30,1,0
BRDA:101,31,0,0
BRDA:101,31,1,0
BRDA:102,32,0,0
BRDA:102,32,1,0
BRDA:113,33,0,0
BRDA:113,33,1,0
BRDA:120,34,0,0
BRDA:120,34,1,0
BRDA:136,35,0,0
BRDA:136,35,1,0
BRDA:137,36,0,0
BRDA:137,36,1,0
BRDA:143,37,0,0
BRDA:143,37,1,0
BRDA:144,38,0,0
BRDA:144,38,1,0
BRDA:145,39,0,0
BRDA:145,39,1,0
BRDA:145,40,0,0
BRDA:145,40,1,0
BRDA:154,41,0,0
BRDA:154,41,1,0
BRDA:155,42,0,0
BRDA:155,42,1,0
BRDA:157,43,0,0
BRDA:157,43,1,0
BRDA:162,44,0,0
BRDA:162,44,1,0
BRDA:164,45,0,0
BRDA:164,45,1,0
BRDA:164,46,0,0
BRDA:164,46,1,0
BRDA:174,47,0,0
BRDA:174,47,1,0
BRDA:175,48,0,0
BRDA:175,48,1,0
BRDA:176,49,0,0
BRDA:176,49,1,0
BRDA:179,50,0,0
BRDA:179,50,1,0
BRF:106
BRH:0
end_of_record
TN:
SF:src/services/api/syncflowClient/menu.js
FN:4,fetchMenu
FN:20,(anonymous_1)
FN:24,fetchMenuRecommended
FN:41,fetchDishIngredients
FN:46,fetchDishModifiers
FNF:5
FNH:0
FNDA:0,fetchMenu
FNDA:0,(anonymous_1)
FNDA:0,fetchMenuRecommended
FNDA:0,fetchDishIngredients
FNDA:0,fetchDishModifiers
DA:6,0
DA:7,0
DA:9,0
DA:10,0
DA:11,0
DA:13,0
DA:16,0
DA:17,0
DA:19,0
DA:20,0
DA:21,0
DA:25,0
DA:27,0
DA:28,0
DA:30,0
DA:31,0
DA:32,0
DA:34,0
DA:37,0
DA:38,0
DA:42,0
DA:43,0
DA:47,0
DA:48,0
LF:24
LH:0
BRDA:9,0,0,0
BRDA:9,0,1,0
BRDA:10,1,0,0
BRDA:10,1,1,0
BRDA:10,2,0,0
BRDA:10,2,1,0
BRDA:16,3,0,0
BRDA:16,3,1,0
BRDA:24,4,0,0
BRDA:25,5,0,0
BRDA:25,5,1,0
BRDA:30,6,0,0
BRDA:30,6,1,0
BRDA:31,7,0,0
BRDA:31,7,1,0
BRDA:31,8,0,0
BRDA:31,8,1,0
BRDA:37,9,0,0
BRDA:37,9,1,0
BRF:19
BRH:0
end_of_record
TN:
SF:src/services/api/syncflowClient/notifications.js
FN:5,parseUnreadCountPayload
FN:15,fetchNotifications
FN:20,(anonymous_2)
FN:27,fetchNotificationsUnreadCount
FN:32,markNotificationRead
FN:41,markAllNotificationsRead
FN:48,registerPushDevice
FN:57,(anonymous_7)
FN:66,unregisterPushDevice
FNF:9
FNH:0
FNDA:0,parseUnreadCountPayload
FNDA:0,fetchNotifications
FNDA:0,(anonymous_2)
FNDA:0,fetchNotificationsUnreadCount
FNDA:0,markNotificationRead
FNDA:0,markAllNotificationsRead
FNDA:0,registerPushDevice
FNDA:0,(anonymous_7)
FNDA:0,unregisterPushDevice
DA:6,0
DA:7,0
DA:8,0
DA:9,0
DA:10,0
DA:12,0
DA:16,0
DA:17,0
DA:20,0
DA:22,0
DA:23,0
DA:24,0
DA:28,0
DA:29,0
DA:33,0
DA:34,0
DA:35,0
DA:42,0
DA:49,0
DA:50,0
DA:51,0
DA:58,0
DA:59,0
DA:60,0
DA:62,0
DA:67,0
DA:68,0
DA:69,0
LF:28
LH:0
BRDA:6,0,0,0
BRDA:6,0,1,0
BRDA:6,1,0,0
BRDA:6,1,1,0
BRDA:7,2,0,0
BRDA:7,2,1,0
BRDA:7,3,0,0
BRDA:7,3,1,0
BRDA:8,4,0,0
BRDA:8,4,1,0
BRDA:8,5,0,0
BRDA:8,5,1,0
BRDA:8,5,2,0
BRDA:10,6,0,0
BRDA:10,6,1,0
BRDA:15,7,0,0
BRDA:17,8,0,0
BRDA:17,8,1,0
BRDA:20,9,0,0
BRDA:20,9,1,0
BRDA:20,10,0,0
BRDA:20,10,1,0
BRDA:22,11,0,0
BRDA:22,11,1,0
BRDA:23,12,0,0
BRDA:23,12,1,0
BRDA:33,13,0,0
BRDA:33,13,1,0
BRDA:34,14,0,0
BRDA:34,14,1,0
BRDA:48,15,0,0
BRDA:49,16,0,0
BRDA:49,16,1,0
BRDA:49,16,2,0
BRDA:50,17,0,0
BRDA:50,17,1,0
BRDA:55,18,0,0
BRDA:55,18,1,0
BRDA:55,19,0,0
BRDA:55,19,1,0
BRDA:59,20,0,0
BRDA:59,20,1,0
BRDA:67,21,0,0
BRDA:67,21,1,0
BRDA:68,22,0,0
BRDA:68,22,1,0
BRF:46
BRH:0
end_of_record
TN:
SF:src/services/api/syncflowClient/orders.js
FN:8,enrichOrdersMissingLineItems
FN:9,(anonymous_1)
FN:14,(anonymous_2)
FN:26,fetchOrderDishes
FN:33,fetchOrders
FN:36,(anonymous_5)
FN:39,(anonymous_6)
FN:40,(anonymous_7)
FN:47,createOrder
FN:50,(anonymous_9)
FN:54,(anonymous_10)
FN:54,(anonymous_11)
FN:64,(anonymous_12)
FN:88,payOrder
FN:96,fetchOrderSummary
FN:103,submitOrderReview
FN:112,spendBonusPoints
FNF:17
FNH:0
FNDA:0,enrichOrdersMissingLineItems
FNDA:0,(anonymous_1)
FNDA:0,(anonymous_2)
FNDA:0,fetchOrderDishes
FNDA:0,fetchOrders
FNDA:0,(anonymous_5)
FNDA:0,(anonymous_6)
FNDA:0,(anonymous_7)
FNDA:0,createOrder
FNDA:0,(anonymous_9)
FNDA:0,(anonymous_10)
FNDA:0,(anonymous_11)
FNDA:0,(anonymous_12)
FNDA:0,payOrder
FNDA:0,fetchOrderSummary
FNDA:0,submitOrderReview
FNDA:0,spendBonusPoints
DA:9,0
DA:10,0
DA:11,0
DA:12,0
DA:13,0
DA:15,0
DA:16,0
DA:17,0
DA:19,0
DA:27,0
DA:28,0
DA:29,0
DA:30,0
DA:34,0
DA:35,0
DA:36,0
DA:37,0
DA:38,0
DA:39,0
DA:40,0
DA:41,0
DA:42,0
DA:43,0
DA:48,0
DA:49,0
DA:51,0
DA:52,0
DA:53,0
DA:54,0
DA:56,0
DA:62,0
DA:64,0
DA:66,0
DA:67,0
DA:72,0
DA:73,0
DA:77,0
DA:82,0
DA:83,0
DA:85,0
DA:89,0
DA:93,0
DA:97,0
DA:98,0
DA:99,0
DA:100,0
DA:104,0
DA:105,0
DA:106,0
DA:113,0
LF:50
LH:0
BRDA:9,0,0,0
BRDA:9,0,1,0
BRDA:9,0,2,0
BRDA:19,1,0,0
BRDA:19,1,1,0
BRDA:28,2,0,0
BRDA:28,2,1,0
BRDA:28,3,0,0
BRDA:28,3,1,0
BRDA:33,4,0,0
BRDA:34,5,0,0
BRDA:34,5,1,0
BRDA:35,6,0,0
BRDA:35,6,1,0
BRDA:37,7,0,0
BRDA:37,7,1,0
BRDA:40,8,0,0
BRDA:40,8,1,0
BRDA:40,9,0,0
BRDA:40,9,1,0
BRDA:47,10,0,0
BRDA:48,11,0,0
BRDA:48,11,1,0
BRDA:52,12,0,0
BRDA:52,12,1,0
BRDA:53,13,0,0
BRDA:53,13,1,0
BRDA:54,14,0,0
BRDA:54,14,1,0
BRDA:59,15,0,0
BRDA:59,15,1,0
BRDA:60,16,0,0
BRDA:60,16,1,0
BRDA:60,17,0,0
BRDA:60,17,1,0
BRDA:64,18,0,0
BRDA:64,18,1,0
BRDA:66,19,0,0
BRDA:66,19,1,0
BRDA:66,20,0,0
BRDA:66,20,1,0
BRDA:72,21,0,0
BRDA:72,21,1,0
BRDA:82,22,0,0
BRDA:82,22,1,0
BRDA:98,23,0,0
BRDA:98,23,1,0
BRDA:98,24,0,0
BRDA:98,24,1,0
BRDA:104,25,0,0
BRDA:104,25,1,0
BRDA:104,25,2,0
BRDA:105,26,0,0
BRDA:105,26,1,0
BRDA:105,27,0,0
BRDA:105,27,1,0
BRDA:105,27,2,0
BRF:57
BRH:0
end_of_record
TN:
SF:src/services/api/syncflowClient/profile.js
FN:6,fetchUserProfile
FN:97,updateUserProfile
FN:123,fetchFavorites
FN:126,(anonymous_3)
FN:129,toggleFavorite
FN:144,fetchBonusTransactions
FNF:6
FNH:0
FNDA:0,fetchUserProfile
FNDA:0,updateUserProfile
FNDA:0,fetchFavorites
FNDA:0,(anonymous_3)
FNDA:0,toggleFavorite
FNDA:0,fetchBonusTransactions
DA:7,0
DA:8,0
DA:9,0
DA:10,0
DA:11,0
DA:13,0
DA:15,0
DA:16,0
DA:17,0
DA:18,0
DA:19,0
DA:20,0
DA:21,0
DA:24,0
DA:26,0
DA:27,0
DA:29,0
DA:30,0
DA:31,0
DA:32,0
DA:33,0
DA:34,0
DA:43,0
DA:45,0
DA:46,0
DA:47,0
DA:48,0
DA:49,0
DA:53,0
DA:54,0
DA:62,0
DA:63,0
DA:64,0
DA:65,0
DA:66,0
DA:69,0
DA:71,0
DA:75,0
DA:77,0
DA:98,0
DA:99,0
DA:100,0
DA:101,0
DA:102,0
DA:103,0
DA:104,0
DA:105,0
DA:106,0
DA:109,0
DA:113,0
DA:114,0
DA:115,0
DA:120,0
DA:124,0
DA:125,0
DA:126,0
DA:130,0
DA:131,0
DA:132,0
DA:134,0
DA:135,0
DA:136,0
DA:137,0
DA:139,0
DA:141,0
DA:145,0
DA:146,0
DA:147,0
LF:68
LH:0
BRDA:8,0,0,0
BRDA:8,0,1,0
BRDA:18,1,0,0
BRDA:18,1,1,0
BRDA:18,2,0,0
BRDA:18,2,1,0
BRDA:20,3,0,0
BRDA:20,3,1,0
BRDA:20,4,0,0
BRDA:20,4,1,0
BRDA:26,5,0,0
BRDA:26,5,1,0
BRDA:29,6,0,0
BRDA:29,6,1,0
BRDA:30,7,0,0
BRDA:30,7,1,0
BRDA:31,8,0,0
BRDA:31,8,1,0
BRDA:31,8,2,0
BRDA:32,9,0,0
BRDA:32,9,1,0
BRDA:33,10,0,0
BRDA:33,10,1,0
BRDA:33,10,2,0
BRDA:33,10,3,0
BRDA:36,11,0,0
BRDA:36,11,1,0
BRDA:36,12,0,0
BRDA:36,12,1,0
BRDA:43,13,0,0
BRDA:43,13,1,0
BRDA:45,14,0,0
BRDA:45,14,1,0
BRDA:45,14,2,0
BRDA:46,15,0,0
BRDA:46,15,1,0
BRDA:47,16,0,0
BRDA:47,16,1,0
BRDA:47,16,2,0
BRDA:48,17,0,0
BRDA:48,17,1,0
BRDA:48,18,0,0
BRDA:48,18,1,0
BRDA:50,19,0,0
BRDA:50,19,1,0
BRDA:50,19,2,0
BRDA:53,20,0,0
BRDA:53,20,1,0
BRDA:53,21,0,0
BRDA:53,21,1,0
BRDA:53,21,2,0
BRDA:64,22,0,0
BRDA:64,22,1,0
BRDA:64,23,0,0
BRDA:64,23,1,0
BRDA:69,24,0,0
BRDA:69,24,1,0
BRDA:71,25,0,0
BRDA:71,25,1,0
BRDA:71,26,0,0
BRDA:71,26,1,0
BRDA:75,27,0,0
BRDA:75,27,1,0
BRDA:78,28,0,0
BRDA:78,28,1,0
BRDA:78,28,2,0
BRDA:89,29,0,0
BRDA:89,29,1,0
BRDA:99,30,0,0
BRDA:99,30,1,0
BRDA:100,31,0,0
BRDA:100,31,1,0
BRDA:101,32,0,0
BRDA:101,32,1,0
BRDA:102,33,0,0
BRDA:102,33,1,0
BRDA:103,34,0,0
BRDA:103,34,1,0
BRDA:104,35,0,0
BRDA:104,35,1,0
BRDA:105,36,0,0
BRDA:105,36,1,0
BRDA:106,37,0,0
BRDA:106,37,1,0
BRDA:109,38,0,0
BRDA:109,38,1,0
BRDA:110,39,0,0
BRDA:110,39,1,0
BRDA:110,40,0,0
BRDA:110,40,1,0
BRDA:113,41,0,0
BRDA:113,41,1,0
BRDA:114,42,0,0
BRDA:114,42,1,0
BRDA:125,43,0,0
BRDA:125,43,1,0
BRDA:126,44,0,0
BRDA:126,44,1,0
BRDA:131,45,0,0
BRDA:131,45,1,0
BRDA:136,46,0,0
BRDA:136,46,1,0
BRF:102
BRH:0
end_of_record
TN:
SF:src/services/api/syncflowClient/promo.js
FN:4,applyPromoCode
FN:24,applyPromoToOrder
FN:39,tryApplyGuestPersonalDiscount
FN:50,(anonymous_3)
FNF:4
FNH:0
FNDA:0,applyPromoCode
FNDA:0,applyPromoToOrder
FNDA:0,tryApplyGuestPersonalDiscount
FNDA:0,(anonymous_3)
DA:5,0
DA:6,0
DA:7,0
DA:9,0
DA:13,0
DA:14,0
DA:25,0
DA:26,0
DA:27,0
DA:29,0
DA:30,0
DA:31,0
DA:33,0
DA:40,0
DA:41,0
DA:43,0
DA:44,0
DA:45,0
DA:47,0
DA:49,0
DA:50,0
DA:52,0
DA:53,0
DA:54,0
DA:55,0
DA:60,0
LF:26
LH:0
BRDA:5,0,0,0
BRDA:5,0,1,0
BRDA:6,1,0,0
BRDA:6,1,1,0
BRDA:13,2,0,0
BRDA:13,2,1,0
BRDA:16,3,0,0
BRDA:16,3,1,0
BRDA:26,4,0,0
BRDA:26,4,1,0
BRDA:29,5,0,0
BRDA:29,5,1,0
BRDA:30,6,0,0
BRDA:30,6,1,0
BRDA:41,7,0,0
BRDA:41,7,1,0
BRDA:41,8,0,0
BRDA:41,8,1,0
BRDA:45,9,0,0
BRDA:45,9,1,0
BRDA:50,10,0,0
BRDA:50,10,1,0
BRDA:50,10,2,0
BRDA:53,11,0,0
BRDA:53,11,1,0
BRDA:53,12,0,0
BRDA:53,12,1,0
BRF:27
BRH:0
end_of_record
TN:
SF:src/services/api/syncflowClient/shared.js
FN:1,pickFirstFinite
FN:9,apiDateToDdMmYyyy
FN:16,birthDdMmYyyyToApiIso
FN:24,padTimeToHms
FN:29,dateDdMmYyyyToIso
FN:37,addTwoHoursHms
FN:40,(anonymous_6)
FNF:7
FNH:0
FNDA:0,pickFirstFinite
FNDA:0,apiDateToDdMmYyyy
FNDA:0,birthDdMmYyyyToApiIso
FNDA:0,padTimeToHms
FNDA:0,dateDdMmYyyyToIso
FNDA:0,addTwoHoursHms
FNDA:0,(anonymous_6)
DA:2,0
DA:3,0
DA:4,0
DA:6,0
DA:10,0
DA:11,0
DA:12,0
DA:13,0
DA:17,0
DA:18,0
DA:19,0
DA:20,0
DA:21,0
DA:25,0
DA:26,0
DA:30,0
DA:31,0
DA:32,0
DA:33,0
DA:34,0
DA:38,0
DA:40,0
DA:41,0
DA:42,0
DA:43,0
DA:44,0
DA:45,0
LF:27
LH:0
BRDA:1,0,0,0
BRDA:4,1,0,0
BRDA:4,1,1,0
BRDA:10,2,0,0
BRDA:10,2,1,0
BRDA:12,3,0,0
BRDA:12,3,1,0
BRDA:17,4,0,0
BRDA:17,4,1,0
BRDA:18,5,0,0
BRDA:18,5,1,0
BRDA:20,6,0,0
BRDA:20,6,1,0
BRDA:20,7,0,0
BRDA:20,7,1,0
BRDA:20,7,2,0
BRDA:25,8,0,0
BRDA:25,9,0,0
BRDA:25,10,0,0
BRDA:25,10,1,0
BRDA:30,11,0,0
BRDA:30,11,1,0
BRDA:31,12,0,0
BRDA:31,12,1,0
BRDA:33,13,0,0
BRDA:33,13,1,0
BRDA:33,14,0,0
BRDA:33,14,1,0
BRDA:33,14,2,0
BRDA:38,15,0,0
BRDA:38,15,1,0
BRDA:41,16,0,0
BRDA:41,16,1,0
BRDA:41,17,0,0
BRDA:41,17,1,0
BRF:35
BRH:0
end_of_record
TN:
SF:src/test/renderHook.js
FN:5,renderHook
FN:8,Wrapper
FN:14,(anonymous_2)
FN:20,(anonymous_3)
FN:21,(anonymous_4)
FN:25,(anonymous_5)
FN:26,(anonymous_6)
FNF:7
FNH:3
FNDA:6,renderHook
FNDA:19,Wrapper
FNDA:6,(anonymous_2)
FNDA:0,(anonymous_3)
FNDA:0,(anonymous_4)
FNDA:0,(anonymous_5)
FNDA:0,(anonymous_6)
DA:6,6
DA:9,19
DA:10,19
DA:14,6
DA:15,6
DA:18,6
DA:21,0
DA:22,0
DA:26,0
DA:27,0
LF:10
LH:6
BRDA:5,0,0,6
BRF:1
BRH:1
end_of_record
TN:
SF:src/utils/bookingMap.js
FN:6,mapReservationStatus
FN:15,mapSyncflowReservationToBooking
FN:38,preorderFromSyncflowApi
FN:42,(anonymous_3)
FNF:4
FNH:4
FNDA:4,mapReservationStatus
FNDA:1,mapSyncflowReservationToBooking
FNDA:2,preorderFromSyncflowApi
FNDA:1,(anonymous_3)
DA:7,4
DA:8,4
DA:9,3
DA:10,2
DA:11,1
DA:12,1
DA:16,1
DA:17,1
DA:18,1
DA:19,1
DA:20,1
DA:21,1
DA:39,2
DA:40,2
DA:41,1
DA:42,1
LF:16
LH:16
BRDA:7,0,0,4
BRDA:7,0,1,0
BRDA:8,1,0,1
BRDA:8,1,1,3
BRDA:9,2,0,1
BRDA:9,2,1,2
BRDA:10,3,0,1
BRDA:10,3,1,1
BRDA:11,4,0,0
BRDA:11,4,1,1
BRDA:12,5,0,1
BRDA:12,5,1,0
BRDA:16,6,0,0
BRDA:16,6,1,1
BRDA:17,7,0,1
BRDA:17,7,1,0
BRDA:19,8,0,1
BRDA:19,8,1,0
BRDA:19,9,0,1
BRDA:19,9,1,1
BRDA:19,9,2,1
BRDA:20,10,0,1
BRDA:20,10,1,0
BRDA:25,11,0,1
BRDA:25,11,1,0
BRDA:28,12,0,1
BRDA:28,12,1,0
BRDA:40,13,0,1
BRDA:40,13,1,1
BRDA:43,14,0,1
BRDA:43,14,1,0
BRDA:44,15,0,1
BRDA:44,15,1,0
BRDA:44,15,2,0
BRDA:45,16,0,1
BRDA:45,16,1,0
BRDA:47,17,0,1
BRDA:47,17,1,0
BRDA:47,18,0,1
BRDA:47,18,1,1
BRF:40
BRH:26
end_of_record
TN:
SF:src/utils/cart.js
FN:3,calculateCartTotal
FN:4,(anonymous_1)
FN:5,(anonymous_2)
FN:10,(anonymous_3)
FN:18,buildCartPayableBreakdown
FN:52,getCartCount
FN:53,(anonymous_6)
FNF:7
FNH:7
FNDA:3,calculateCartTotal
FNDA:4,(anonymous_1)
FNDA:5,(anonymous_2)
FNDA:1,(anonymous_3)
FNDA:1,buildCartPayableBreakdown
FNDA:1,getCartCount
FNDA:2,(anonymous_6)
DA:4,3
DA:5,5
DA:6,4
DA:7,0
DA:9,4
DA:10,1
DA:13,4
DA:27,1
DA:28,1
DA:29,1
DA:30,1
DA:32,1
DA:34,1
DA:35,1
DA:36,1
DA:37,1
DA:38,1
DA:39,1
DA:40,1
DA:53,2
LF:20
LH:19
BRDA:6,0,0,0
BRDA:6,0,1,4
BRDA:9,1,0,1
BRDA:9,1,1,3
BRDA:10,2,0,1
BRDA:10,2,1,0
BRDA:32,3,0,1
BRDA:32,3,1,0
BRDA:32,4,0,1
BRDA:32,4,1,1
BRDA:34,5,0,1
BRDA:34,5,1,0
BRDA:36,6,0,1
BRDA:36,6,1,0
BRDA:37,7,0,1
BRDA:37,7,1,0
BRDA:37,8,0,1
BRDA:37,8,1,0
BRDA:38,9,0,1
BRDA:38,9,1,0
BRF:20
BRH:12
end_of_record
TN:
SF:src/utils/dishBadges.js
FN:1,getRoleBadge
FN:10,getRoleColor
FN:19,getRoleLabel
FNF:3
FNH:3
FNDA:4,getRoleBadge
FNDA:1,getRoleColor
FNDA:2,getRoleLabel
DA:2,4
DA:3,3
DA:4,2
DA:5,2
DA:6,2
DA:7,1
DA:11,1
DA:12,0
DA:13,0
DA:14,0
DA:15,0
DA:16,0
DA:20,2
DA:21,1
DA:22,1
DA:23,1
DA:24,1
DA:25,1
LF:18
LH:13
BRDA:2,0,0,1
BRDA:2,0,1,3
BRDA:3,1,0,1
BRDA:3,1,1,2
BRDA:3,2,0,3
BRDA:3,2,1,1
BRDA:4,3,0,0
BRDA:4,3,1,2
BRDA:5,4,0,0
BRDA:5,4,1,2
BRDA:5,5,0,2
BRDA:5,5,1,2
BRDA:6,6,0,1
BRDA:6,6,1,1
BRDA:11,7,0,1
BRDA:11,7,1,0
BRDA:12,8,0,0
BRDA:12,8,1,0
BRDA:13,9,0,0
BRDA:13,9,1,0
BRDA:14,10,0,0
BRDA:14,10,1,0
BRDA:15,11,0,0
BRDA:15,11,1,0
BRDA:20,12,0,1
BRDA:20,12,1,1
BRDA:21,13,0,0
BRDA:21,13,1,1
BRDA:22,14,0,0
BRDA:22,14,1,1
BRDA:23,15,0,0
BRDA:23,15,1,1
BRDA:24,16,0,0
BRDA:24,16,1,1
BRF:34
BRH:19
end_of_record
TN:
SF:src/utils/inputMasks.js
FN:1,applyDateMask
FN:11,applyTimeMask
FN:19,applyPhoneMask
FN:35,isValidDateMask
FN:46,isValidTimeMask
FN:54,isValidEmail
FN:92,normalizeEmailForApi
FN:98,(anonymous_7)
FN:103,isValidEmailForSyncflow
FNF:9
FNH:9
FNDA:3,applyDateMask
FNDA:2,applyTimeMask
FNDA:2,applyPhoneMask
FNDA:2,isValidDateMask
FNDA:2,isValidTimeMask
FNDA:2,isValidEmail
FNDA:16,normalizeEmailForApi
FNDA:227,(anonymous_7)
FNDA:7,isValidEmailForSyncflow
DA:2,3
DA:3,3
DA:4,3
DA:5,3
DA:6,3
DA:7,2
DA:8,2
DA:12,2
DA:13,2
DA:14,2
DA:15,2
DA:16,1
DA:20,2
DA:21,2
DA:22,2
DA:23,2
DA:24,2
DA:25,2
DA:26,2
DA:27,2
DA:28,2
DA:29,2
DA:30,2
DA:31,2
DA:32,2
DA:36,2
DA:37,2
DA:38,2
DA:39,2
DA:40,2
DA:41,2
DA:42,1
DA:43,1
DA:47,2
DA:48,2
DA:49,2
DA:50,2
DA:51,2
DA:55,2
DA:56,2
DA:57,1
DA:61,3
DA:93,16
DA:97,16
DA:98,227
DA:99,16
DA:104,7
DA:105,7
DA:106,6
LF:49
LH:49
BRDA:2,0,0,3
BRDA:2,0,1,0
BRDA:6,1,0,1
BRDA:6,1,1,2
BRDA:7,2,0,0
BRDA:7,2,1,2
BRDA:12,3,0,2
BRDA:12,3,1,0
BRDA:15,4,0,1
BRDA:15,4,1,1
BRDA:20,5,0,2
BRDA:20,5,1,0
BRDA:21,6,0,1
BRDA:21,6,1,1
BRDA:28,7,0,2
BRDA:28,7,1,0
BRDA:29,8,0,2
BRDA:29,8,1,0
BRDA:30,9,0,2
BRDA:30,9,1,0
BRDA:31,10,0,2
BRDA:31,10,1,0
BRDA:36,11,0,2
BRDA:36,11,1,0
BRDA:40,12,0,0
BRDA:40,12,1,2
BRDA:40,13,0,2
BRDA:40,13,1,2
BRDA:40,13,2,2
BRDA:40,13,3,2
BRDA:40,14,0,2
BRDA:40,14,1,0
BRDA:41,15,0,1
BRDA:41,15,1,1
BRDA:41,16,0,2
BRDA:41,16,1,2
BRDA:41,16,2,2
BRDA:41,16,3,2
BRDA:43,17,0,1
BRDA:43,17,1,1
BRDA:43,17,2,1
BRDA:47,18,0,2
BRDA:47,18,1,0
BRDA:50,19,0,0
BRDA:50,19,1,2
BRDA:50,20,0,2
BRDA:50,20,1,2
BRDA:51,21,0,2
BRDA:51,21,1,2
BRDA:51,21,2,1
BRDA:51,21,3,1
BRDA:51,21,4,1
BRDA:51,21,5,1
BRDA:51,22,0,1
BRDA:51,22,1,0
BRDA:51,23,0,1
BRDA:51,23,1,0
BRDA:55,24,0,2
BRDA:55,24,1,0
BRDA:56,25,0,1
BRDA:56,25,1,1
BRDA:56,26,0,2
BRDA:56,26,1,2
BRDA:93,27,0,16
BRDA:93,27,1,0
BRDA:98,28,0,227
BRDA:98,28,1,223
BRDA:105,29,0,1
BRDA:105,29,1,6
BRDA:105,30,0,7
BRDA:105,30,1,7
BRF:71
BRH:54
end_of_record
TN:
SF:src/utils/jwt.js
FN:2,decodeJwtPayload
FN:16,userFromAccessToken
FNF:2
FNH:2
FNDA:10,decodeJwtPayload
FNDA:6,userFromAccessToken
DA:3,10
DA:4,9
DA:5,9
DA:6,9
DA:7,6
DA:8,6
DA:9,6
DA:10,6
DA:12,1
DA:17,6
DA:18,6
DA:19,6
LF:12
LH:12
BRDA:3,0,0,1
BRDA:3,0,1,9
BRDA:3,1,0,10
BRDA:3,1,1,9
BRDA:6,2,0,3
BRDA:6,2,1,6
BRDA:9,3,0,0
BRDA:9,3,1,6
BRDA:18,4,0,6
BRDA:18,4,1,4
BRDA:18,4,2,3
BRDA:18,4,3,2
BRDA:20,5,0,4
BRDA:20,5,1,2
BRDA:20,6,0,2
BRDA:20,6,1,1
BRDA:21,7,0,6
BRDA:21,7,1,3
BRDA:21,7,2,3
BRDA:21,8,0,3
BRDA:21,8,1,1
BRF:21
BRH:20
end_of_record
TN:
SF:src/utils/logger.js
FN:2,(anonymous_0)
FNF:1
FNH:1
FNDA:1,(anonymous_0)
DA:1,2
DA:3,1
DA:5,1
LF:3
LH:3
BRDA:3,0,0,1
BRDA:3,0,1,0
BRF:2
BRH:1
end_of_record
TN:
SF:src/utils/menuAvailability.js
FN:1,parseTimeToMinutes
FN:4,(anonymous_1)
FN:9,normalizeDateIso
FN:21,inRangeMinutes
FN:32,isDishAvailableForVisit
FNF:5
FNH:5
FNDA:10,parseTimeToMinutes
FNDA:16,(anonymous_1)
FNDA:12,normalizeDateIso
FNDA:3,inRangeMinutes
FNDA:6,isDishAvailableForVisit
DA:2,10
DA:3,10
DA:4,16
DA:5,8
DA:6,8
DA:10,12
DA:11,12
DA:12,8
DA:13,8
DA:14,4
DA:15,4
DA:16,4
DA:18,0
DA:22,3
DA:23,3
DA:24,2
DA:25,2
DA:26,0
DA:28,0
DA:29,0
DA:33,6
DA:34,5
DA:36,4
DA:37,4
DA:39,4
DA:40,4
DA:41,4
DA:42,3
DA:44,3
DA:45,3
DA:46,3
LF:31
LH:27
BRDA:2,0,0,10
BRDA:2,0,1,2
BRDA:3,1,0,2
BRDA:3,1,1,8
BRDA:5,2,0,0
BRDA:5,2,1,8
BRDA:5,3,0,8
BRDA:5,3,1,8
BRDA:10,4,0,12
BRDA:10,4,1,4
BRDA:11,5,0,4
BRDA:11,5,1,8
BRDA:13,6,0,4
BRDA:13,6,1,4
BRDA:15,7,0,4
BRDA:15,7,1,0
BRDA:22,8,0,0
BRDA:22,8,1,3
BRDA:23,9,0,1
BRDA:23,9,1,2
BRDA:23,10,0,3
BRDA:23,10,1,1
BRDA:24,11,0,2
BRDA:24,11,1,0
BRDA:24,12,0,2
BRDA:24,12,1,2
BRDA:25,13,0,2
BRDA:25,13,1,0
BRDA:25,14,0,2
BRDA:25,14,1,1
BRDA:26,15,0,0
BRDA:26,15,1,0
BRDA:28,16,0,0
BRDA:28,16,1,0
BRDA:32,17,0,0
BRDA:33,18,0,1
BRDA:33,18,1,5
BRDA:34,19,0,1
BRDA:34,19,1,4
BRDA:41,20,0,1
BRDA:41,20,1,3
BRDA:41,21,0,4
BRDA:41,21,1,4
BRDA:41,21,2,2
BRDA:42,22,0,0
BRDA:42,22,1,3
BRDA:42,23,0,3
BRDA:42,23,1,3
BRDA:42,23,2,1
BRF:49
BRH:38
end_of_record
TN:
SF:src/utils/passwordRecoveryErrors.js
FN:7,messageForRecoveryRequestError
FN:36,messageForRecoveryConfirmError
FNF:2
FNH:2
FNDA:7,messageForRecoveryRequestError
FNDA:3,messageForRecoveryConfirmError
DA:8,7
DA:9,7
DA:10,1
DA:15,6
DA:16,1
DA:18,5
DA:19,1
DA:21,4
DA:22,1
DA:24,3
DA:25,1
DA:30,2
DA:31,1
DA:33,1
DA:37,3
DA:38,3
DA:39,0
DA:41,3
DA:42,0
DA:44,3
DA:45,1
DA:47,2
DA:48,1
DA:50,1
DA:51,1
DA:53,0
DA:54,0
DA:56,0
LF:28
LH:23
BRDA:8,0,0,7
BRDA:8,0,1,3
BRDA:9,1,0,1
BRDA:9,1,1,6
BRDA:15,2,0,1
BRDA:15,2,1,5
BRDA:18,3,0,1
BRDA:18,3,1,4
BRDA:21,4,0,1
BRDA:21,4,1,3
BRDA:24,5,0,1
BRDA:24,5,1,2
BRDA:26,6,0,1
BRDA:26,6,1,0
BRDA:30,7,0,1
BRDA:30,7,1,1
BRDA:33,8,0,1
BRDA:33,8,1,0
BRDA:37,9,0,3
BRDA:37,9,1,0
BRDA:38,10,0,0
BRDA:38,10,1,3
BRDA:41,11,0,0
BRDA:41,11,1,3
BRDA:44,12,0,1
BRDA:44,12,1,2
BRDA:47,13,0,1
BRDA:47,13,1,1
BRDA:50,14,0,1
BRDA:50,14,1,0
BRDA:53,15,0,0
BRDA:53,15,1,0
BRDA:56,16,0,0
BRDA:56,16,1,0
BRF:34
BRH:24
end_of_record
TN:
SF:src/utils/promo.js
FN:7,calculatePromoDiscountRub
FNF:1
FNH:1
FNDA:7,calculatePromoDiscountRub
DA:8,7
DA:9,5
DA:10,5
DA:11,5
DA:12,3
DA:14,2
LF:6
LH:6
BRDA:8,0,0,2
BRDA:8,0,1,5
BRDA:8,1,0,7
BRDA:8,1,1,6
BRDA:9,2,0,5
BRDA:9,2,1,1
BRDA:9,2,2,0
BRDA:10,3,0,0
BRDA:10,3,1,5
BRDA:10,4,0,5
BRDA:10,4,1,5
BRDA:11,5,0,3
BRDA:11,5,1,2
BRF:13
BRH:11
end_of_record
TN:
SF:src/utils/resolveMediaUrl.js
FN:10,normTitle
FN:17,(anonymous_1)
FN:19,allowCatalogImageFallback
FN:29,catalogImageByStableIndex
FN:40,coerceImageUrlInput
FN:52,googleDriveDirectUrl
FN:75,currentApiOriginParts
FN:90,rewriteOurHostedAbsoluteUrl
FN:110,tightenUnsplashUrl
FN:139,resolveMediaUrl
FN:149,(anonymous_10)
FN:189,clientLoadableImageUrl
FN:210,finalDishImageUrl
FN:221,finalTableImageUrl
FN:226,(anonymous_14)
FN:233,coercePayloadShape
FN:240,normalizeMenuClientPayload
FN:245,(anonymous_17)
FN:252,normalizeTablesClientPayload
FN:254,(anonymous_19)
FNF:20
FNH:8
FNDA:22,normTitle
FNDA:22,(anonymous_1)
FNDA:0,allowCatalogImageFallback
FNDA:0,catalogImageByStableIndex
FNDA:7,coerceImageUrlInput
FNDA:2,googleDriveDirectUrl
FNDA:1,currentApiOriginParts
FNDA:1,rewriteOurHostedAbsoluteUrl
FNDA:0,tightenUnsplashUrl
FNDA:6,resolveMediaUrl
FNDA:1,(anonymous_10)
FNDA:0,clientLoadableImageUrl
FNDA:0,finalDishImageUrl
FNDA:0,finalTableImageUrl
FNDA:0,(anonymous_14)
FNDA:0,coercePayloadShape
FNDA:0,normalizeMenuClientPayload
FNDA:0,(anonymous_17)
FNDA:0,normalizeTablesClientPayload
FNDA:0,(anonymous_19)
DA:5,1
DA:7,1
DA:8,1
DA:11,22
DA:17,22
DA:22,0
DA:23,0
DA:25,0
DA:30,0
DA:31,0
DA:32,0
DA:33,0
DA:34,0
DA:36,0
DA:37,0
DA:41,7
DA:42,6
DA:43,6
DA:48,0
DA:49,0
DA:53,2
DA:54,2
DA:55,2
DA:57,1
DA:58,1
DA:59,1
DA:61,1
DA:62,1
DA:63,1
DA:64,1
DA:68,1
DA:69,1
DA:71,0
DA:76,1
DA:77,1
DA:78,1
DA:79,1
DA:80,1
DA:81,1
DA:83,0
DA:91,1
DA:92,1
DA:93,1
DA:94,1
DA:95,1
DA:96,1
DA:97,1
DA:98,1
DA:99,1
DA:100,1
DA:101,1
DA:102,1
DA:103,1
DA:104,1
DA:106,0
DA:111,0
DA:112,0
DA:113,0
DA:114,0
DA:115,0
DA:116,0
DA:117,0
DA:119,0
DA:121,0
DA:122,0
DA:123,0
DA:124,0
DA:126,0
DA:128,0
DA:130,0
DA:140,6
DA:141,6
DA:143,4
DA:145,3
DA:146,3
DA:147,3
DA:149,3
DA:150,1
DA:151,1
DA:152,1
DA:153,1
DA:155,0
DA:156,0
DA:157,0
DA:158,0
DA:159,0
DA:161,0
DA:165,3
DA:166,2
DA:167,2
DA:168,1
DA:169,1
DA:172,1
DA:173,0
DA:176,1
DA:177,1
DA:178,1
DA:179,1
DA:181,0
DA:190,0
DA:191,0
DA:192,0
DA:193,0
DA:194,0
DA:199,0
DA:200,0
DA:201,0
DA:204,0
DA:206,0
DA:211,0
DA:212,0
DA:213,0
DA:214,0
DA:215,0
DA:217,0
DA:218,0
DA:222,0
DA:223,0
DA:224,0
DA:225,0
DA:226,0
DA:228,0
DA:230,0
DA:234,0
DA:235,0
DA:236,0
DA:237,0
DA:241,0
DA:242,0
DA:243,0
DA:245,0
DA:253,0
DA:254,0
LF:133
LH:61
BRDA:11,0,0,22
BRDA:11,0,1,0
BRDA:22,1,0,0
BRDA:22,1,1,0
BRDA:22,2,0,0
BRDA:22,2,1,0
BRDA:30,3,0,0
BRDA:30,3,1,0
BRDA:32,4,0,0
BRDA:32,4,1,0
BRDA:32,4,2,0
BRDA:32,4,3,0
BRDA:41,5,0,1
BRDA:41,5,1,6
BRDA:42,6,0,6
BRDA:42,6,1,0
BRDA:48,7,0,0
BRDA:48,7,1,0
BRDA:48,8,0,0
BRDA:48,8,1,0
BRDA:55,9,0,1
BRDA:55,9,1,1
BRDA:58,10,0,1
BRDA:58,10,1,1
BRDA:59,11,0,0
BRDA:59,11,1,1
BRDA:61,12,0,1
BRDA:61,12,1,0
BRDA:63,13,0,1
BRDA:63,13,1,0
BRDA:68,14,0,0
BRDA:68,14,1,1
BRDA:78,15,0,0
BRDA:78,15,1,1
BRDA:80,16,0,1
BRDA:80,16,1,0
BRDA:81,17,0,1
BRDA:81,17,1,0
BRDA:92,18,0,0
BRDA:92,18,1,1
BRDA:92,19,0,1
BRDA:92,19,1,1
BRDA:96,20,0,0
BRDA:96,20,1,1
BRDA:97,21,0,1
BRDA:97,21,1,0
BRDA:98,22,0,1
BRDA:98,22,1,0
BRDA:100,23,0,0
BRDA:100,23,1,1
BRDA:100,24,0,1
BRDA:100,24,1,1
BRDA:113,25,0,0
BRDA:113,25,1,0
BRDA:115,26,0,0
BRDA:115,26,1,0
BRDA:117,27,0,0
BRDA:117,27,1,0
BRDA:117,28,0,0
BRDA:117,28,1,0
BRDA:122,29,0,0
BRDA:122,29,1,0
BRDA:124,30,0,0
BRDA:124,30,1,0
BRDA:124,31,0,0
BRDA:124,31,1,0
BRDA:141,32,0,2
BRDA:141,32,1,4
BRDA:143,33,0,1
BRDA:143,33,1,3
BRDA:147,34,0,0
BRDA:147,34,1,3
BRDA:152,35,0,1
BRDA:152,35,1,0
BRDA:152,36,0,1
BRDA:152,36,1,1
BRDA:155,37,0,0
BRDA:155,37,1,0
BRDA:158,38,0,0
BRDA:158,38,1,0
BRDA:165,39,0,2
BRDA:165,39,1,1
BRDA:167,40,0,1
BRDA:167,40,1,1
BRDA:172,41,0,0
BRDA:172,41,1,1
BRDA:176,42,0,1
BRDA:176,42,1,0
BRDA:178,43,0,1
BRDA:178,43,1,0
BRDA:191,44,0,0
BRDA:191,44,1,0
BRDA:191,45,0,0
BRDA:191,45,1,0
BRDA:194,46,0,0
BRDA:194,46,1,0
BRDA:195,47,0,0
BRDA:195,47,1,0
BRDA:195,47,2,0
BRDA:211,48,0,0
BRDA:211,48,1,0
BRDA:211,48,2,0
BRDA:211,48,3,0
BRDA:211,48,4,0
BRDA:213,49,0,0
BRDA:213,49,1,0
BRDA:213,50,0,0
BRDA:213,50,1,0
BRDA:214,51,0,0
BRDA:214,51,1,0
BRDA:215,52,0,0
BRDA:215,52,1,0
BRDA:217,53,0,0
BRDA:217,53,1,0
BRDA:217,54,0,0
BRDA:217,54,1,0
BRDA:222,55,0,0
BRDA:222,55,1,0
BRDA:224,56,0,0
BRDA:224,56,1,0
BRDA:226,57,0,0
BRDA:226,57,1,0
BRDA:228,58,0,0
BRDA:228,58,1,0
BRDA:234,59,0,0
BRDA:234,59,1,0
BRDA:234,60,0,0
BRDA:234,60,1,0
BRDA:235,61,0,0
BRDA:235,61,1,0
BRDA:236,62,0,0
BRDA:236,62,1,0
BRDA:236,63,0,0
BRDA:236,63,1,0
BRDA:242,64,0,0
BRDA:242,64,1,0
BRDA:242,65,0,0
BRDA:242,65,1,0
BRDA:253,66,0,0
BRDA:253,66,1,0
BRF:140
BRH:39
end_of_record
TN:
SF:src/utils/syncflowList.js
FN:5,unwrapSyncflowList
FNF:1
FNH:1
FNDA:14,unwrapSyncflowList
DA:6,14
DA:7,12
DA:8,7
DA:9,6
DA:10,4
DA:11,3
DA:12,2
DA:13,1
DA:14,1
DA:15,1
DA:18,0
LF:11
LH:10
BRDA:6,0,0,2
BRDA:6,0,1,12
BRDA:7,1,0,5
BRDA:7,1,1,7
BRDA:8,2,0,1
BRDA:8,2,1,6
BRDA:9,3,0,2
BRDA:9,3,1,4
BRDA:10,4,0,1
BRDA:10,4,1,3
BRDA:11,5,0,1
BRDA:11,5,1,2
BRDA:12,6,0,1
BRDA:12,6,1,1
BRDA:13,7,0,1
BRDA:13,7,1,0
BRDA:13,8,0,1
BRDA:13,8,1,1
BRDA:15,9,0,1
BRDA:15,9,1,0
BRF:20
BRH:18
end_of_record
